:compileJava UP-TO-DATE
:processResources UP-TO-DATE
:classes UP-TO-DATE
:findMainClass
:bootRun
true
2016-06-08 19:37:02.347  INFO 6952 --- [           main] s.c.m.c.p.ProductServiceApplication      : Starting ProductServiceApplication on HZ0317L with PID 6952 (D:\Document\Engineering\eclipse\blog-microservices\microservices\core\product-service\build\classes\main started by cm in D:\Document\Engineering\eclipse\blog-microservices\microservices\core\product-service)
2016-06-08 19:37:02.464  INFO 6952 --- [           main] s.c.a.AnnotationConfigApplicationContext : Refreshing org.springframework.context.annotation.AnnotationConfigApplicationContext@4ddced80: startup date [Wed Jun 08 19:37:02 CST 2016]; root of context hierarchy
2016-06-08 19:37:02.663  INFO 6952 --- [           main] f.a.AutowiredAnnotationBeanPostProcessor : JSR-330 'javax.inject.Inject' annotation found and supported for autowiring
2016-06-08 19:37:02.992  INFO 6952 --- [           main] s.c.m.c.p.ProductServiceApplication      : Started ProductServiceApplication in 1.028 seconds (JVM running for 1.724)

  .   ____          _            __ _ _
 /\\ / ___'_ __ _ _(_)_ __  __ _ \ \ \ \
( ( )\___ | '_ | '_| | '_ \/ _` | \ \ \ \
 \\/  ___)| |_)| | | | | || (_| |  ) ) ) )
  '  |____| .__|_| |_|_| |_\__, | / / / /
 =========|_|==============|___/=/_/_/_/
 :: Spring Boot ::        (v1.2.2.RELEASE)

2016-06-08 19:37:04.382 ERROR 6952 --- [           main] c.c.c.ConfigServicePropertySourceLocator : Could not locate PropertySource: I/O error on GET request for "http://localhost:8888/product/default/master":Connection refused: connect; nested exception is java.net.ConnectException: Connection refused: connect
2016-06-08 19:37:04.403  INFO 6952 --- [           main] ationConfigEmbeddedWebApplicationContext : Refreshing org.springframework.boot.context.embedded.AnnotationConfigEmbeddedWebApplicationContext@573906eb: startup date [Wed Jun 08 19:37:04 CST 2016]; parent: org.springframework.context.annotation.AnnotationConfigApplicationContext@4ddced80
2016-06-08 19:37:05.379  INFO 6952 --- [           main] o.s.b.f.s.DefaultListableBeanFactory     : Overriding bean definition for bean 'beanNameViewResolver': replacing [Root bean: class [null]; scope=; abstract=false; lazyInit=false; autowireMode=3; dependencyCheck=0; autowireCandidate=true; primary=false; factoryBeanName=org.springframework.boot.autoconfigure.web.ErrorMvcAutoConfiguration$WhitelabelErrorViewConfiguration; factoryMethodName=beanNameViewResolver; initMethodName=null; destroyMethodName=(inferred); defined in class path resource [org/springframework/boot/autoconfigure/web/ErrorMvcAutoConfiguration$WhitelabelErrorViewConfiguration.class]] with [Root bean: class [null]; scope=; abstract=false; lazyInit=false; autowireMode=3; dependencyCheck=0; autowireCandidate=true; primary=false; factoryBeanName=org.springframework.boot.autoconfigure.web.WebMvcAutoConfiguration$WebMvcAutoConfigurationAdapter; factoryMethodName=beanNameViewResolver; initMethodName=null; destroyMethodName=(inferred); defined in class path resource [org/springframework/boot/autoconfigure/web/WebMvcAutoConfiguration$WebMvcAutoConfigurationAdapter.class]]
2016-06-08 19:37:05.525  INFO 6952 --- [           main] o.s.b.f.s.DefaultListableBeanFactory     : Overriding bean definition for bean 'infoEndpoint': replacing [Root bean: class [null]; scope=; abstract=false; lazyInit=false; autowireMode=3; dependencyCheck=0; autowireCandidate=true; primary=false; factoryBeanName=org.springframework.boot.actuate.autoconfigure.EndpointAutoConfiguration; factoryMethodName=infoEndpoint; initMethodName=null; destroyMethodName=(inferred); defined in class path resource [org/springframework/boot/actuate/autoconfigure/EndpointAutoConfiguration.class]] with [Root bean: class [null]; scope=; abstract=false; lazyInit=false; autowireMode=3; dependencyCheck=0; autowireCandidate=true; primary=false; factoryBeanName=org.springframework.cloud.autoconfigure.RefreshAutoConfiguration$InfoEndpointRebinderConfiguration; factoryMethodName=infoEndpoint; initMethodName=null; destroyMethodName=(inferred); defined in class path resource [org/springframework/cloud/autoconfigure/RefreshAutoConfiguration$InfoEndpointRebinderConfiguration.class]]
2016-06-08 19:37:05.624  INFO 6952 --- [           main] o.s.b.f.s.DefaultListableBeanFactory     : Overriding bean definition for bean 'default.null.RibbonClientSpecification': replacing [Generic bean: class [org.springframework.cloud.netflix.ribbon.RibbonClientSpecification]; scope=; abstract=false; lazyInit=false; autowireMode=0; dependencyCheck=0; autowireCandidate=true; primary=false; factoryBeanName=null; factoryMethodName=null; initMethodName=null; destroyMethodName=null] with [Generic bean: class [org.springframework.cloud.netflix.ribbon.RibbonClientSpecification]; scope=; abstract=false; lazyInit=false; autowireMode=0; dependencyCheck=0; autowireCandidate=true; primary=false; factoryBeanName=null; factoryMethodName=null; initMethodName=null; destroyMethodName=null]
2016-06-08 19:37:05.828  INFO 6952 --- [           main] o.s.cloud.context.scope.GenericScope     : BeanFactory id=e1886dce-88a5-35e1-85f1-6979784fb9e5
2016-06-08 19:37:05.841  INFO 6952 --- [           main] f.a.AutowiredAnnotationBeanPostProcessor : JSR-330 'javax.inject.Inject' annotation found and supported for autowiring
2016-06-08 19:37:05.886  INFO 6952 --- [           main] trationDelegate$BeanPostProcessorChecker : Bean 'org.springframework.cloud.autoconfigure.RefreshAutoConfiguration$ConfigurationPropertiesRebinderConfiguration' of type [class org.springframework.cloud.autoconfigure.RefreshAutoConfiguration$ConfigurationPropertiesRebinderConfiguration$$EnhancerBySpringCGLIB$$88bb46ae] is not eligible for getting processed by all BeanPostProcessors (for example: not eligible for auto-proxying)
2016-06-08 19:37:06.224  WARN 6952 --- [           main] io.undertow.websockets.jsr               : UT026009: XNIO worker was not set on WebSocketDeploymentInfo, the default worker will be used
2016-06-08 19:37:06.242  INFO 6952 --- [           main] org.xnio                                 : XNIO version 3.3.0.Final
2016-06-08 19:37:06.324  INFO 6952 --- [           main] org.xnio.nio                             : XNIO NIO Implementation Version 3.3.0.Final
2016-06-08 19:37:06.476  WARN 6952 --- [           main] io.undertow.websockets.jsr               : UT026010: Buffer pool was not set on WebSocketDeploymentInfo, the default pool will be used
2016-06-08 19:37:06.502  INFO 6952 --- [           main] io.undertow.servlet                      : Initializing Spring embedded WebApplicationContext
2016-06-08 19:37:06.503  INFO 6952 --- [           main] o.s.web.context.ContextLoader            : Root WebApplicationContext: initialization completed in 2100 ms
2016-06-08 19:37:07.033  INFO 6952 --- [           main] o.s.b.c.e.ServletRegistrationBean        : Mapping servlet: 'dispatcherServlet' to [/]
2016-06-08 19:37:07.038  INFO 6952 --- [           main] o.s.b.c.embedded.FilterRegistrationBean  : Mapping filter: 'metricFilter' to: [/*]
2016-06-08 19:37:07.039  INFO 6952 --- [           main] o.s.b.c.embedded.FilterRegistrationBean  : Mapping filter: 'characterEncodingFilter' to: [/*]
2016-06-08 19:37:07.039  INFO 6952 --- [           main] o.s.b.c.embedded.FilterRegistrationBean  : Mapping filter: 'webRequestLoggingFilter' to: [/*]
2016-06-08 19:37:07.040  INFO 6952 --- [           main] o.s.b.c.embedded.FilterRegistrationBean  : Mapping filter: 'hiddenHttpMethodFilter' to: [/*]
2016-06-08 19:37:07.040  INFO 6952 --- [           main] o.s.b.c.embedded.FilterRegistrationBean  : Mapping filter: 'applicationContextIdFilter' to: [/*]
2016-06-08 19:37:07.523  WARN 6952 --- [           main] c.n.c.sources.URLConfigurationSource     : No URLs will be polled as dynamic configuration sources.
2016-06-08 19:37:07.523  INFO 6952 --- [           main] c.n.c.sources.URLConfigurationSource     : To enable URLs as dynamic configuration sources, define System property archaius.configurationSource.additionalUrls or make config.properties available on classpath.
2016-06-08 19:37:07.537  INFO 6952 --- [           main] c.netflix.config.DynamicPropertyFactory  : DynamicPropertyFactory is initialized with configuration sources: com.netflix.config.ConcurrentCompositeConfiguration@7f353d99
2016-06-08 19:37:07.790  INFO 6952 --- [           main] s.w.s.m.m.a.RequestMappingHandlerAdapter : Looking for @ControllerAdvice: org.springframework.boot.context.embedded.AnnotationConfigEmbeddedWebApplicationContext@573906eb: startup date [Wed Jun 08 19:37:04 CST 2016]; parent: org.springframework.context.annotation.AnnotationConfigApplicationContext@4ddced80
2016-06-08 19:37:07.872  INFO 6952 --- [           main] s.w.s.m.m.a.RequestMappingHandlerMapping : Mapped "{[/product/{productId}],methods=[],params=[],headers=[],consumes=[],produces=[],custom=[]}" onto public se.callista.microservises.core.product.model.Product se.callista.microservises.core.product.service.ProductService.getProduct(int)
2016-06-08 19:37:07.873  INFO 6952 --- [           main] s.w.s.m.m.a.RequestMappingHandlerMapping : Mapped "{[/error],methods=[],params=[],headers=[],consumes=[],produces=[],custom=[]}" onto public org.springframework.http.ResponseEntity<java.util.Map<java.lang.String, java.lang.Object>> org.springframework.boot.autoconfigure.web.BasicErrorController.error(javax.servlet.http.HttpServletRequest)
2016-06-08 19:37:07.875  INFO 6952 --- [           main] s.w.s.m.m.a.RequestMappingHandlerMapping : Mapped "{[/error],methods=[],params=[],headers=[],consumes=[],produces=[text/html],custom=[]}" onto public org.springframework.web.servlet.ModelAndView org.springframework.boot.autoconfigure.web.BasicErrorController.errorHtml(javax.servlet.http.HttpServletRequest)
2016-06-08 19:37:07.909  INFO 6952 --- [           main] o.s.w.s.handler.SimpleUrlHandlerMapping  : Mapped URL path [/webjars/**] onto handler of type [class org.springframework.web.servlet.resource.ResourceHttpRequestHandler]
2016-06-08 19:37:07.909  INFO 6952 --- [           main] o.s.w.s.handler.SimpleUrlHandlerMapping  : Mapped URL path [/**] onto handler of type [class org.springframework.web.servlet.resource.ResourceHttpRequestHandler]
2016-06-08 19:37:07.952  INFO 6952 --- [           main] o.s.w.s.handler.SimpleUrlHandlerMapping  : Mapped URL path [/**/favicon.ico] onto handler of type [class org.springframework.web.servlet.resource.ResourceHttpRequestHandler]
2016-06-08 19:37:08.559  INFO 6952 --- [           main] o.s.b.a.e.mvc.EndpointHandlerMapping     : Mapped "{[/env],methods=[POST],params=[],headers=[],consumes=[],produces=[],custom=[]}" onto public java.lang.Object org.springframework.cloud.context.environment.EnvironmentManagerMvcEndpoint.value(java.util.Map<java.lang.String, java.lang.String>)
2016-06-08 19:37:08.560  INFO 6952 --- [           main] o.s.b.a.e.mvc.EndpointHandlerMapping     : Mapped "{[/env/reset],methods=[POST],params=[],headers=[],consumes=[],produces=[],custom=[]}" onto public java.util.Map<java.lang.String, java.lang.Object> org.springframework.cloud.context.environment.EnvironmentManagerMvcEndpoint.reset()
2016-06-08 19:37:08.562  INFO 6952 --- [           main] o.s.b.a.e.mvc.EndpointHandlerMapping     : Mapped "{[/shutdown],methods=[POST],params=[],headers=[],consumes=[],produces=[],custom=[]}" onto public java.lang.Object org.springframework.boot.actuate.endpoint.mvc.ShutdownMvcEndpoint.invoke()
2016-06-08 19:37:08.563  INFO 6952 --- [           main] o.s.b.a.e.mvc.EndpointHandlerMapping     : Mapped "{[/pause],methods=[POST],params=[],headers=[],consumes=[],produces=[],custom=[]}" onto public java.lang.Object org.springframework.cloud.endpoint.GenericPostableMvcEndpoint.invoke()
2016-06-08 19:37:08.563  INFO 6952 --- [           main] o.s.b.a.e.mvc.EndpointHandlerMapping     : Mapped "{[/info],methods=[GET],params=[],headers=[],consumes=[],produces=[],custom=[]}" onto public java.lang.Object org.springframework.boot.actuate.endpoint.mvc.EndpointMvcAdapter.invoke()
2016-06-08 19:37:08.571  INFO 6952 --- [           main] o.s.b.a.e.mvc.EndpointHandlerMapping     : Mapped "{[/dump],methods=[GET],params=[],headers=[],consumes=[],produces=[],custom=[]}" onto public java.lang.Object org.springframework.boot.actuate.endpoint.mvc.EndpointMvcAdapter.invoke()
2016-06-08 19:37:08.572  INFO 6952 --- [           main] o.s.b.a.e.mvc.EndpointHandlerMapping     : Mapped "{[/mappings],methods=[GET],params=[],headers=[],consumes=[],produces=[],custom=[]}" onto public java.lang.Object org.springframework.boot.actuate.endpoint.mvc.EndpointMvcAdapter.invoke()
2016-06-08 19:37:08.573  INFO 6952 --- [           main] o.s.b.a.e.mvc.EndpointHandlerMapping     : Mapped "{[/restart],methods=[POST],params=[],headers=[],consumes=[],produces=[],custom=[]}" onto public java.lang.Object org.springframework.cloud.context.restart.RestartMvcEndpoint.invoke()
2016-06-08 19:37:08.574  INFO 6952 --- [           main] o.s.b.a.e.mvc.EndpointHandlerMapping     : Mapped "{[/resume],methods=[POST],params=[],headers=[],consumes=[],produces=[],custom=[]}" onto public java.lang.Object org.springframework.cloud.endpoint.GenericPostableMvcEndpoint.invoke()
2016-06-08 19:37:08.575  INFO 6952 --- [           main] o.s.b.a.e.mvc.EndpointHandlerMapping     : Mapped "{[/env/{name:.*}],methods=[GET],params=[],headers=[],consumes=[],produces=[],custom=[]}" onto public java.lang.Object org.springframework.boot.actuate.endpoint.mvc.EnvironmentMvcEndpoint.value(java.lang.String)
2016-06-08 19:37:08.576  INFO 6952 --- [           main] o.s.b.a.e.mvc.EndpointHandlerMapping     : Mapped "{[/env],methods=[GET],params=[],headers=[],consumes=[],produces=[],custom=[]}" onto public java.lang.Object org.springframework.boot.actuate.endpoint.mvc.EndpointMvcAdapter.invoke()
2016-06-08 19:37:08.576  INFO 6952 --- [           main] o.s.b.a.e.mvc.EndpointHandlerMapping     : Mapped "{[/configprops],methods=[GET],params=[],headers=[],consumes=[],produces=[],custom=[]}" onto public java.lang.Object org.springframework.boot.actuate.endpoint.mvc.EndpointMvcAdapter.invoke()
2016-06-08 19:37:08.577  INFO 6952 --- [           main] o.s.b.a.e.mvc.EndpointHandlerMapping     : Mapped "{[/autoconfig],methods=[GET],params=[],headers=[],consumes=[],produces=[],custom=[]}" onto public java.lang.Object org.springframework.boot.actuate.endpoint.mvc.EndpointMvcAdapter.invoke()
2016-06-08 19:37:08.578  INFO 6952 --- [           main] o.s.b.a.e.mvc.EndpointHandlerMapping     : Mapped "{[/health],methods=[],params=[],headers=[],consumes=[],produces=[],custom=[]}" onto public java.lang.Object org.springframework.boot.actuate.endpoint.mvc.HealthMvcEndpoint.invoke(java.security.Principal)
2016-06-08 19:37:08.579  INFO 6952 --- [           main] o.s.b.a.e.mvc.EndpointHandlerMapping     : Mapped "{[/trace],methods=[GET],params=[],headers=[],consumes=[],produces=[],custom=[]}" onto public java.lang.Object org.springframework.boot.actuate.endpoint.mvc.EndpointMvcAdapter.invoke()
2016-06-08 19:37:08.580  INFO 6952 --- [           main] o.s.b.a.e.mvc.EndpointHandlerMapping     : Mapped "{[/metrics/{name:.*}],methods=[GET],params=[],headers=[],consumes=[],produces=[],custom=[]}" onto public java.lang.Object org.springframework.boot.actuate.endpoint.mvc.MetricsMvcEndpoint.value(java.lang.String)
2016-06-08 19:37:08.580  INFO 6952 --- [           main] o.s.b.a.e.mvc.EndpointHandlerMapping     : Mapped "{[/metrics],methods=[GET],params=[],headers=[],consumes=[],produces=[],custom=[]}" onto public java.lang.Object org.springframework.boot.actuate.endpoint.mvc.EndpointMvcAdapter.invoke()
2016-06-08 19:37:08.582  INFO 6952 --- [           main] o.s.b.a.e.mvc.EndpointHandlerMapping     : Mapped "{[/archaius],methods=[GET],params=[],headers=[],consumes=[],produces=[],custom=[]}" onto public java.lang.Object org.springframework.boot.actuate.endpoint.mvc.EndpointMvcAdapter.invoke()
2016-06-08 19:37:08.583  INFO 6952 --- [           main] o.s.b.a.e.mvc.EndpointHandlerMapping     : Mapped "{[/beans],methods=[GET],params=[],headers=[],consumes=[],produces=[],custom=[]}" onto public java.lang.Object org.springframework.boot.actuate.endpoint.mvc.EndpointMvcAdapter.invoke()
2016-06-08 19:37:08.583  INFO 6952 --- [           main] o.s.b.a.e.mvc.EndpointHandlerMapping     : Mapped "{[/refresh],methods=[POST],params=[],headers=[],consumes=[],produces=[],custom=[]}" onto public java.lang.Object org.springframework.cloud.endpoint.GenericPostableMvcEndpoint.invoke()
2016-06-08 19:37:08.752  WARN 6952 --- [           main] c.n.c.sources.URLConfigurationSource     : No URLs will be polled as dynamic configuration sources.
2016-06-08 19:37:08.753  INFO 6952 --- [           main] c.n.c.sources.URLConfigurationSource     : To enable URLs as dynamic configuration sources, define System property archaius.configurationSource.additionalUrls or make config.properties available on classpath.
2016-06-08 19:37:08.775  INFO 6952 --- [           main] o.s.j.e.a.AnnotationMBeanExporter        : Registering beans for JMX exposure on startup
2016-06-08 19:37:08.786  INFO 6952 --- [           main] o.s.j.e.a.AnnotationMBeanExporter        : Bean with name 'configurationPropertiesRebinder' has been autodetected for JMX exposure
2016-06-08 19:37:08.787  INFO 6952 --- [           main] o.s.j.e.a.AnnotationMBeanExporter        : Bean with name 'refreshEndpoint' has been autodetected for JMX exposure
2016-06-08 19:37:08.788  INFO 6952 --- [           main] o.s.j.e.a.AnnotationMBeanExporter        : Bean with name 'restartEndpoint' has been autodetected for JMX exposure
2016-06-08 19:37:08.788  INFO 6952 --- [           main] o.s.j.e.a.AnnotationMBeanExporter        : Bean with name 'refreshScope' has been autodetected for JMX exposure
2016-06-08 19:37:08.789  INFO 6952 --- [           main] o.s.j.e.a.AnnotationMBeanExporter        : Bean with name 'environmentManager' has been autodetected for JMX exposure
2016-06-08 19:37:08.793  INFO 6952 --- [           main] o.s.j.e.a.AnnotationMBeanExporter        : Located managed bean 'environmentManager': registering with JMX server as MBean [org.springframework.cloud.context.environment:name=environmentManager,type=EnvironmentManager]
2016-06-08 19:37:08.811  INFO 6952 --- [           main] o.s.j.e.a.AnnotationMBeanExporter        : Located managed bean 'restartEndpoint': registering with JMX server as MBean [org.springframework.cloud.context.restart:name=restartEndpoint,type=RestartEndpoint]
2016-06-08 19:37:08.821  INFO 6952 --- [           main] o.s.j.e.a.AnnotationMBeanExporter        : Located managed bean 'refreshScope': registering with JMX server as MBean [org.springframework.cloud.context.scope.refresh:name=refreshScope,type=RefreshScope]
2016-06-08 19:37:08.830  INFO 6952 --- [           main] o.s.j.e.a.AnnotationMBeanExporter        : Located managed bean 'configurationPropertiesRebinder': registering with JMX server as MBean [org.springframework.cloud.context.properties:name=configurationPropertiesRebinder,type=ConfigurationPropertiesRebinder]
2016-06-08 19:37:08.841  INFO 6952 --- [           main] o.s.j.e.a.AnnotationMBeanExporter        : Located managed bean 'refreshEndpoint': registering with JMX server as MBean [org.springframework.cloud.config.client:name=refreshEndpoint,type=RefreshEndpoint]
2016-06-08 19:37:08.849  INFO 6952 --- [           main] o.s.c.support.DefaultLifecycleProcessor  : Starting beans in phase 0
2016-06-08 19:37:08.966  INFO 6952 --- [           main] b.c.e.u.UndertowEmbeddedServletContainer : Undertow started on port(s) 47985 (http)
2016-06-08 19:37:08.969  INFO 6952 --- [           main] .p.EurekaConfigBasedInstanceInfoProvider : Setting initial instance status as: STARTING
2016-06-08 19:37:09.740  INFO 6952 --- [           main] com.netflix.discovery.DiscoveryClient    : Disable delta property : false
2016-06-08 19:37:09.740  INFO 6952 --- [           main] com.netflix.discovery.DiscoveryClient    : Single vip registry refresh property : null
2016-06-08 19:37:09.740  INFO 6952 --- [           main] com.netflix.discovery.DiscoveryClient    : Force full registry fetch : false
2016-06-08 19:37:09.740  INFO 6952 --- [           main] com.netflix.discovery.DiscoveryClient    : Application is null : false
2016-06-08 19:37:09.741  INFO 6952 --- [           main] com.netflix.discovery.DiscoveryClient    : Registered Applications size is zero : true
2016-06-08 19:37:09.741  INFO 6952 --- [           main] com.netflix.discovery.DiscoveryClient    : Application version is -1: true
2016-06-08 19:37:09.871  INFO 6952 --- [           main] com.netflix.discovery.DiscoveryClient    : Getting all instance registry info from the eureka server
2016-06-08 19:37:09.924  INFO 6952 --- [           main] com.netflix.discovery.DiscoveryClient    : The response status is 200
2016-06-08 19:37:09.927  INFO 6952 --- [           main] com.netflix.discovery.DiscoveryClient    : Starting heartbeat executor: renew interval is: 10
2016-06-08 19:37:09.936  INFO 6952 --- [           main] c.n.e.EurekaDiscoveryClientConfiguration : Registering application product with eureka with status UP
2016-06-08 19:37:09.937  INFO 6952 --- [           main] s.c.m.c.p.ProductServiceApplication      : Started ProductServiceApplication in 8.073 seconds (JVM running for 8.669)
2016-06-08 19:37:19.970  INFO 6952 --- [pool-4-thread-1] com.netflix.discovery.DiscoveryClient    : DiscoveryClient_PRODUCT/HZ0317L:product:a0f2517c900a7f3f33e1e29966b1153b - Re-registering apps/PRODUCT
2016-06-08 19:37:19.970  INFO 6952 --- [pool-4-thread-1] com.netflix.discovery.DiscoveryClient    : DiscoveryClient_PRODUCT/HZ0317L:product:a0f2517c900a7f3f33e1e29966b1153b: registering service...
2016-06-08 19:37:19.999  INFO 6952 --- [pool-4-thread-1] com.netflix.discovery.DiscoveryClient    : DiscoveryClient_PRODUCT/HZ0317L:product:a0f2517c900a7f3f33e1e29966b1153b - registration status: 204
2016-06-08 19:37:49.932  INFO 6952 --- [scoveryClient-3] com.netflix.discovery.DiscoveryClient    : DiscoveryClient_PRODUCT/HZ0317L:product:a0f2517c900a7f3f33e1e29966b1153b - retransmit instance info with status UP
2016-06-08 19:37:49.932  INFO 6952 --- [scoveryClient-3] com.netflix.discovery.DiscoveryClient    : DiscoveryClient_PRODUCT/HZ0317L:product:a0f2517c900a7f3f33e1e29966b1153b: registering service...
2016-06-08 19:37:49.946  INFO 6952 --- [scoveryClient-3] com.netflix.discovery.DiscoveryClient    : DiscoveryClient_PRODUCT/HZ0317L:product:a0f2517c900a7f3f33e1e29966b1153b - registration status: 204
2016-06-08 19:37:50.036  INFO 6952 --- [pool-4-thread-1] com.netflix.discovery.DiscoveryClient    : DiscoveryClient_PRODUCT/HZ0317L:product:a0f2517c900a7f3f33e1e29966b1153b - Re-registering apps/PRODUCT
2016-06-08 19:37:50.037  INFO 6952 --- [pool-4-thread-1] com.netflix.discovery.DiscoveryClient    : DiscoveryClient_PRODUCT/HZ0317L:product:a0f2517c900a7f3f33e1e29966b1153b: registering service...
2016-06-08 19:37:50.054  INFO 6952 --- [pool-4-thread-1] com.netflix.discovery.DiscoveryClient    : DiscoveryClient_PRODUCT/HZ0317L:product:a0f2517c900a7f3f33e1e29966b1153b - registration status: 204
2016-06-08 19:44:37.920  INFO 6952 --- [  XNIO-2 task-1] io.undertow.servlet                      : Initializing Spring FrameworkServlet 'dispatcherServlet'
2016-06-08 19:44:37.920  INFO 6952 --- [  XNIO-2 task-1] o.s.web.servlet.DispatcherServlet        : FrameworkServlet 'dispatcherServlet': initialization started
2016-06-08 19:44:37.945  INFO 6952 --- [  XNIO-2 task-1] o.s.web.servlet.DispatcherServlet        : FrameworkServlet 'dispatcherServlet': initialization completed in 25 ms
