:compileJava UP-TO-DATE
:processResources UP-TO-DATE
:classes UP-TO-DATE
:findMainClass
:bootRun
true
2016-06-08 19:44:00.643  INFO 3776 --- [           main] m.c.p.ProductCompositeServiceApplication : Starting ProductCompositeServiceApplication on HZ0317L with PID 3776 (D:\Document\Engineering\eclipse\blog-microservices\microservices\composite\product-composite-service\build\classes\main started by cm in D:\Document\Engineering\eclipse\blog-microservices\microservices\composite\product-composite-service)
2016-06-08 19:44:00.751  INFO 3776 --- [           main] s.c.a.AnnotationConfigApplicationContext : Refreshing org.springframework.context.annotation.AnnotationConfigApplicationContext@4690b489: startup date [Wed Jun 08 19:44:00 CST 2016]; root of context hierarchy
2016-06-08 19:44:00.981  INFO 3776 --- [           main] f.a.AutowiredAnnotationBeanPostProcessor : JSR-330 'javax.inject.Inject' annotation found and supported for autowiring
2016-06-08 19:44:01.400  INFO 3776 --- [           main] m.c.p.ProductCompositeServiceApplication : Started ProductCompositeServiceApplication in 1.109 seconds (JVM running for 1.984)

  .   ____          _            __ _ _
 /\\ / ___'_ __ _ _(_)_ __  __ _ \ \ \ \
( ( )\___ | '_ | '_| | '_ \/ _` | \ \ \ \
 \\/  ___)| |_)| | | | | || (_| |  ) ) ) )
  '  |____| .__|_| |_|_| |_\__, | / / / /
 =========|_|==============|___/=/_/_/_/
 :: Spring Boot ::        (v1.2.2.RELEASE)

2016-06-08 19:44:02.820 ERROR 3776 --- [           main] c.c.c.ConfigServicePropertySourceLocator : Could not locate PropertySource: I/O error on GET request for "http://localhost:8888/productcomposite/default/master":Connection refused: connect; nested exception is java.net.ConnectException: Connection refused: connect
2016-06-08 19:44:02.837  INFO 3776 --- [           main] ationConfigEmbeddedWebApplicationContext : Refreshing org.springframework.boot.context.embedded.AnnotationConfigEmbeddedWebApplicationContext@3148f668: startup date [Wed Jun 08 19:44:02 CST 2016]; parent: org.springframework.context.annotation.AnnotationConfigApplicationContext@4690b489
2016-06-08 19:44:03.770  INFO 3776 --- [           main] o.s.b.f.s.DefaultListableBeanFactory     : Overriding bean definition for bean 'beanNameViewResolver': replacing [Root bean: class [null]; scope=; abstract=false; lazyInit=false; autowireMode=3; dependencyCheck=0; autowireCandidate=true; primary=false; factoryBeanName=org.springframework.boot.autoconfigure.web.ErrorMvcAutoConfiguration$WhitelabelErrorViewConfiguration; factoryMethodName=beanNameViewResolver; initMethodName=null; destroyMethodName=(inferred); defined in class path resource [org/springframework/boot/autoconfigure/web/ErrorMvcAutoConfiguration$WhitelabelErrorViewConfiguration.class]] with [Root bean: class [null]; scope=; abstract=false; lazyInit=false; autowireMode=3; dependencyCheck=0; autowireCandidate=true; primary=false; factoryBeanName=org.springframework.boot.autoconfigure.web.WebMvcAutoConfiguration$WebMvcAutoConfigurationAdapter; factoryMethodName=beanNameViewResolver; initMethodName=null; destroyMethodName=(inferred); defined in class path resource [org/springframework/boot/autoconfigure/web/WebMvcAutoConfiguration$WebMvcAutoConfigurationAdapter.class]]
2016-06-08 19:44:03.964  INFO 3776 --- [           main] o.s.b.f.s.DefaultListableBeanFactory     : Overriding bean definition for bean 'infoEndpoint': replacing [Root bean: class [null]; scope=; abstract=false; lazyInit=false; autowireMode=3; dependencyCheck=0; autowireCandidate=true; primary=false; factoryBeanName=org.springframework.boot.actuate.autoconfigure.EndpointAutoConfiguration; factoryMethodName=infoEndpoint; initMethodName=null; destroyMethodName=(inferred); defined in class path resource [org/springframework/boot/actuate/autoconfigure/EndpointAutoConfiguration.class]] with [Root bean: class [null]; scope=; abstract=false; lazyInit=false; autowireMode=3; dependencyCheck=0; autowireCandidate=true; primary=false; factoryBeanName=org.springframework.cloud.autoconfigure.RefreshAutoConfiguration$InfoEndpointRebinderConfiguration; factoryMethodName=infoEndpoint; initMethodName=null; destroyMethodName=(inferred); defined in class path resource [org/springframework/cloud/autoconfigure/RefreshAutoConfiguration$InfoEndpointRebinderConfiguration.class]]
2016-06-08 19:44:04.002  INFO 3776 --- [           main] o.s.b.f.s.DefaultListableBeanFactory     : Overriding bean definition for bean 'default.null.RibbonClientSpecification': replacing [Generic bean: class [org.springframework.cloud.netflix.ribbon.RibbonClientSpecification]; scope=; abstract=false; lazyInit=false; autowireMode=0; dependencyCheck=0; autowireCandidate=true; primary=false; factoryBeanName=null; factoryMethodName=null; initMethodName=null; destroyMethodName=null] with [Generic bean: class [org.springframework.cloud.netflix.ribbon.RibbonClientSpecification]; scope=; abstract=false; lazyInit=false; autowireMode=0; dependencyCheck=0; autowireCandidate=true; primary=false; factoryBeanName=null; factoryMethodName=null; initMethodName=null; destroyMethodName=null]
2016-06-08 19:44:04.198  INFO 3776 --- [           main] o.s.cloud.context.scope.GenericScope     : BeanFactory id=6461af46-3625-38b8-8b9f-d9acfb569251
2016-06-08 19:44:04.204  INFO 3776 --- [           main] f.a.AutowiredAnnotationBeanPostProcessor : JSR-330 'javax.inject.Inject' annotation found and supported for autowiring
2016-06-08 19:44:04.234  INFO 3776 --- [           main] trationDelegate$BeanPostProcessorChecker : Bean 'org.springframework.cloud.autoconfigure.RefreshAutoConfiguration$ConfigurationPropertiesRebinderConfiguration' of type [class org.springframework.cloud.autoconfigure.RefreshAutoConfiguration$ConfigurationPropertiesRebinderConfiguration$$EnhancerBySpringCGLIB$$ece3521e] is not eligible for getting processed by all BeanPostProcessors (for example: not eligible for auto-proxying)
2016-06-08 19:44:04.523  WARN 3776 --- [           main] io.undertow.websockets.jsr               : UT026009: XNIO worker was not set on WebSocketDeploymentInfo, the default worker will be used
2016-06-08 19:44:04.547  INFO 3776 --- [           main] org.xnio                                 : XNIO version 3.3.0.Final
2016-06-08 19:44:04.648  INFO 3776 --- [           main] org.xnio.nio                             : XNIO NIO Implementation Version 3.3.0.Final
2016-06-08 19:44:04.824  WARN 3776 --- [           main] io.undertow.websockets.jsr               : UT026010: Buffer pool was not set on WebSocketDeploymentInfo, the default pool will be used
2016-06-08 19:44:04.851  INFO 3776 --- [           main] io.undertow.servlet                      : Initializing Spring embedded WebApplicationContext
2016-06-08 19:44:04.852  INFO 3776 --- [           main] o.s.web.context.ContextLoader            : Root WebApplicationContext: initialization completed in 2015 ms
2016-06-08 19:44:05.320  INFO 3776 --- [           main] o.s.b.c.e.ServletRegistrationBean        : Mapping servlet: 'dispatcherServlet' to [/]
2016-06-08 19:44:05.329  INFO 3776 --- [           main] o.s.b.c.embedded.FilterRegistrationBean  : Mapping filter: 'metricFilter' to: [/*]
2016-06-08 19:44:05.330  INFO 3776 --- [           main] o.s.b.c.embedded.FilterRegistrationBean  : Mapping filter: 'characterEncodingFilter' to: [/*]
2016-06-08 19:44:05.330  INFO 3776 --- [           main] o.s.b.c.embedded.FilterRegistrationBean  : Mapping filter: 'webRequestLoggingFilter' to: [/*]
2016-06-08 19:44:05.330  INFO 3776 --- [           main] o.s.b.c.embedded.FilterRegistrationBean  : Mapping filter: 'hiddenHttpMethodFilter' to: [/*]
2016-06-08 19:44:05.330  INFO 3776 --- [           main] o.s.b.c.embedded.FilterRegistrationBean  : Mapping filter: 'applicationContextIdFilter' to: [/*]
2016-06-08 19:44:05.863  WARN 3776 --- [           main] c.n.c.sources.URLConfigurationSource     : No URLs will be polled as dynamic configuration sources.
2016-06-08 19:44:05.863  INFO 3776 --- [           main] c.n.c.sources.URLConfigurationSource     : To enable URLs as dynamic configuration sources, define System property archaius.configurationSource.additionalUrls or make config.properties available on classpath.
2016-06-08 19:44:05.876  INFO 3776 --- [           main] c.netflix.config.DynamicPropertyFactory  : DynamicPropertyFactory is initialized with configuration sources: com.netflix.config.ConcurrentCompositeConfiguration@117525fe
2016-06-08 19:44:06.125  INFO 3776 --- [           main] s.w.s.m.m.a.RequestMappingHandlerAdapter : Looking for @ControllerAdvice: org.springframework.boot.context.embedded.AnnotationConfigEmbeddedWebApplicationContext@3148f668: startup date [Wed Jun 08 19:44:02 CST 2016]; parent: org.springframework.context.annotation.AnnotationConfigApplicationContext@4690b489
2016-06-08 19:44:06.210  INFO 3776 --- [           main] s.w.s.m.m.a.RequestMappingHandlerMapping : Mapped "{[/],methods=[],params=[],headers=[],consumes=[],produces=[],custom=[]}" onto public java.lang.String se.callista.microservices.composite.product.service.ProductCompositeService.getProduct()
2016-06-08 19:44:06.211  INFO 3776 --- [           main] s.w.s.m.m.a.RequestMappingHandlerMapping : Mapped "{[/product/{productId}],methods=[],params=[],headers=[],consumes=[],produces=[],custom=[]}" onto public org.springframework.http.ResponseEntity<se.callista.microservices.composite.product.model.ProductAggregated> se.callista.microservices.composite.product.service.ProductCompositeService.getProduct(int)
2016-06-08 19:44:06.212  INFO 3776 --- [           main] s.w.s.m.m.a.RequestMappingHandlerMapping : Mapped "{[/error],methods=[],params=[],headers=[],consumes=[],produces=[],custom=[]}" onto public org.springframework.http.ResponseEntity<java.util.Map<java.lang.String, java.lang.Object>> org.springframework.boot.autoconfigure.web.BasicErrorController.error(javax.servlet.http.HttpServletRequest)
2016-06-08 19:44:06.213  INFO 3776 --- [           main] s.w.s.m.m.a.RequestMappingHandlerMapping : Mapped "{[/error],methods=[],params=[],headers=[],consumes=[],produces=[text/html],custom=[]}" onto public org.springframework.web.servlet.ModelAndView org.springframework.boot.autoconfigure.web.BasicErrorController.errorHtml(javax.servlet.http.HttpServletRequest)
2016-06-08 19:44:06.249  INFO 3776 --- [           main] o.s.w.s.handler.SimpleUrlHandlerMapping  : Mapped URL path [/webjars/**] onto handler of type [class org.springframework.web.servlet.resource.ResourceHttpRequestHandler]
2016-06-08 19:44:06.250  INFO 3776 --- [           main] o.s.w.s.handler.SimpleUrlHandlerMapping  : Mapped URL path [/**] onto handler of type [class org.springframework.web.servlet.resource.ResourceHttpRequestHandler]
2016-06-08 19:44:06.289  INFO 3776 --- [           main] o.s.w.s.handler.SimpleUrlHandlerMapping  : Mapped URL path [/**/favicon.ico] onto handler of type [class org.springframework.web.servlet.resource.ResourceHttpRequestHandler]
2016-06-08 19:44:07.669  INFO 3776 --- [           main] o.s.b.a.e.mvc.EndpointHandlerMapping     : Mapped "{[/env/{name:.*}],methods=[GET],params=[],headers=[],consumes=[],produces=[],custom=[]}" onto public java.lang.Object org.springframework.boot.actuate.endpoint.mvc.EnvironmentMvcEndpoint.value(java.lang.String)
2016-06-08 19:44:07.670  INFO 3776 --- [           main] o.s.b.a.e.mvc.EndpointHandlerMapping     : Mapped "{[/env],methods=[GET],params=[],headers=[],consumes=[],produces=[],custom=[]}" onto public java.lang.Object org.springframework.boot.actuate.endpoint.mvc.EndpointMvcAdapter.invoke()
2016-06-08 19:44:07.671  INFO 3776 --- [           main] o.s.b.a.e.mvc.EndpointHandlerMapping     : Mapped "{[/pause],methods=[POST],params=[],headers=[],consumes=[],produces=[],custom=[]}" onto public java.lang.Object org.springframework.cloud.endpoint.GenericPostableMvcEndpoint.invoke()
2016-06-08 19:44:07.672  INFO 3776 --- [           main] o.s.b.a.e.mvc.EndpointHandlerMapping     : Mapped "{[/mappings],methods=[GET],params=[],headers=[],consumes=[],produces=[],custom=[]}" onto public java.lang.Object org.springframework.boot.actuate.endpoint.mvc.EndpointMvcAdapter.invoke()
2016-06-08 19:44:07.673  INFO 3776 --- [           main] o.s.b.a.e.mvc.EndpointHandlerMapping     : Mapped "{[/metrics/{name:.*}],methods=[GET],params=[],headers=[],consumes=[],produces=[],custom=[]}" onto public java.lang.Object org.springframework.boot.actuate.endpoint.mvc.MetricsMvcEndpoint.value(java.lang.String)
2016-06-08 19:44:07.673  INFO 3776 --- [           main] o.s.b.a.e.mvc.EndpointHandlerMapping     : Mapped "{[/metrics],methods=[GET],params=[],headers=[],consumes=[],produces=[],custom=[]}" onto public java.lang.Object org.springframework.boot.actuate.endpoint.mvc.EndpointMvcAdapter.invoke()
2016-06-08 19:44:07.674  INFO 3776 --- [           main] o.s.b.a.e.mvc.EndpointHandlerMapping     : Mapped "{[/refresh],methods=[POST],params=[],headers=[],consumes=[],produces=[],custom=[]}" onto public java.lang.Object org.springframework.cloud.endpoint.GenericPostableMvcEndpoint.invoke()
2016-06-08 19:44:07.674  INFO 3776 --- [           main] o.s.b.a.e.mvc.EndpointHandlerMapping     : Mapped "{[/dump],methods=[GET],params=[],headers=[],consumes=[],produces=[],custom=[]}" onto public java.lang.Object org.springframework.boot.actuate.endpoint.mvc.EndpointMvcAdapter.invoke()
2016-06-08 19:44:07.674  INFO 3776 --- [           main] o.s.b.a.e.mvc.EndpointHandlerMapping     : Mapped "{[/trace],methods=[GET],params=[],headers=[],consumes=[],produces=[],custom=[]}" onto public java.lang.Object org.springframework.boot.actuate.endpoint.mvc.EndpointMvcAdapter.invoke()
2016-06-08 19:44:07.675  INFO 3776 --- [           main] o.s.b.a.e.mvc.EndpointHandlerMapping     : Mapped "{[/configprops],methods=[GET],params=[],headers=[],consumes=[],produces=[],custom=[]}" onto public java.lang.Object org.springframework.boot.actuate.endpoint.mvc.EndpointMvcAdapter.invoke()
2016-06-08 19:44:07.675  INFO 3776 --- [           main] o.s.b.a.e.mvc.EndpointHandlerMapping     : Mapped "{[/archaius],methods=[GET],params=[],headers=[],consumes=[],produces=[],custom=[]}" onto public java.lang.Object org.springframework.boot.actuate.endpoint.mvc.EndpointMvcAdapter.invoke()
2016-06-08 19:44:07.675  INFO 3776 --- [           main] o.s.b.a.e.mvc.EndpointHandlerMapping     : Mapped "{[/beans],methods=[GET],params=[],headers=[],consumes=[],produces=[],custom=[]}" onto public java.lang.Object org.springframework.boot.actuate.endpoint.mvc.EndpointMvcAdapter.invoke()
2016-06-08 19:44:07.676  INFO 3776 --- [           main] o.s.b.a.e.mvc.EndpointHandlerMapping     : Mapped "{[/autoconfig],methods=[GET],params=[],headers=[],consumes=[],produces=[],custom=[]}" onto public java.lang.Object org.springframework.boot.actuate.endpoint.mvc.EndpointMvcAdapter.invoke()
2016-06-08 19:44:07.676  INFO 3776 --- [           main] o.s.b.a.e.mvc.EndpointHandlerMapping     : Mapped "{[/health],methods=[],params=[],headers=[],consumes=[],produces=[],custom=[]}" onto public java.lang.Object org.springframework.boot.actuate.endpoint.mvc.HealthMvcEndpoint.invoke(java.security.Principal)
2016-06-08 19:44:07.677  INFO 3776 --- [           main] o.s.b.a.e.mvc.EndpointHandlerMapping     : Mapped "{[/shutdown],methods=[POST],params=[],headers=[],consumes=[],produces=[],custom=[]}" onto public java.lang.Object org.springframework.boot.actuate.endpoint.mvc.ShutdownMvcEndpoint.invoke()
2016-06-08 19:44:07.677  INFO 3776 --- [           main] o.s.b.a.e.mvc.EndpointHandlerMapping     : Mapped "{[/resume],methods=[POST],params=[],headers=[],consumes=[],produces=[],custom=[]}" onto public java.lang.Object org.springframework.cloud.endpoint.GenericPostableMvcEndpoint.invoke()
2016-06-08 19:44:07.678  INFO 3776 --- [           main] o.s.b.a.e.mvc.EndpointHandlerMapping     : Mapped "{[/env],methods=[POST],params=[],headers=[],consumes=[],produces=[],custom=[]}" onto public java.lang.Object org.springframework.cloud.context.environment.EnvironmentManagerMvcEndpoint.value(java.util.Map<java.lang.String, java.lang.String>)
2016-06-08 19:44:07.678  INFO 3776 --- [           main] o.s.b.a.e.mvc.EndpointHandlerMapping     : Mapped "{[/env/reset],methods=[POST],params=[],headers=[],consumes=[],produces=[],custom=[]}" onto public java.util.Map<java.lang.String, java.lang.Object> org.springframework.cloud.context.environment.EnvironmentManagerMvcEndpoint.reset()
2016-06-08 19:44:07.679  INFO 3776 --- [           main] o.s.b.a.e.mvc.EndpointHandlerMapping     : Mapped "{[/restart],methods=[POST],params=[],headers=[],consumes=[],produces=[],custom=[]}" onto public java.lang.Object org.springframework.cloud.context.restart.RestartMvcEndpoint.invoke()
2016-06-08 19:44:07.679  INFO 3776 --- [           main] o.s.b.a.e.mvc.EndpointHandlerMapping     : Mapped "{[/info],methods=[GET],params=[],headers=[],consumes=[],produces=[],custom=[]}" onto public java.lang.Object org.springframework.boot.actuate.endpoint.mvc.EndpointMvcAdapter.invoke()
2016-06-08 19:44:07.817  WARN 3776 --- [           main] c.n.c.sources.URLConfigurationSource     : No URLs will be polled as dynamic configuration sources.
2016-06-08 19:44:07.817  INFO 3776 --- [           main] c.n.c.sources.URLConfigurationSource     : To enable URLs as dynamic configuration sources, define System property archaius.configurationSource.additionalUrls or make config.properties available on classpath.
2016-06-08 19:44:07.838  INFO 3776 --- [           main] o.s.j.e.a.AnnotationMBeanExporter        : Registering beans for JMX exposure on startup
2016-06-08 19:44:07.847  INFO 3776 --- [           main] o.s.j.e.a.AnnotationMBeanExporter        : Bean with name 'configurationPropertiesRebinder' has been autodetected for JMX exposure
2016-06-08 19:44:07.847  INFO 3776 --- [           main] o.s.j.e.a.AnnotationMBeanExporter        : Bean with name 'refreshEndpoint' has been autodetected for JMX exposure
2016-06-08 19:44:07.848  INFO 3776 --- [           main] o.s.j.e.a.AnnotationMBeanExporter        : Bean with name 'restartEndpoint' has been autodetected for JMX exposure
2016-06-08 19:44:07.849  INFO 3776 --- [           main] o.s.j.e.a.AnnotationMBeanExporter        : Bean with name 'refreshScope' has been autodetected for JMX exposure
2016-06-08 19:44:07.849  INFO 3776 --- [           main] o.s.j.e.a.AnnotationMBeanExporter        : Bean with name 'environmentManager' has been autodetected for JMX exposure
2016-06-08 19:44:07.852  INFO 3776 --- [           main] o.s.j.e.a.AnnotationMBeanExporter        : Located managed bean 'environmentManager': registering with JMX server as MBean [org.springframework.cloud.context.environment:name=environmentManager,type=EnvironmentManager]
2016-06-08 19:44:07.867  INFO 3776 --- [           main] o.s.j.e.a.AnnotationMBeanExporter        : Located managed bean 'restartEndpoint': registering with JMX server as MBean [org.springframework.cloud.context.restart:name=restartEndpoint,type=RestartEndpoint]
2016-06-08 19:44:07.877  INFO 3776 --- [           main] o.s.j.e.a.AnnotationMBeanExporter        : Located managed bean 'refreshScope': registering with JMX server as MBean [org.springframework.cloud.context.scope.refresh:name=refreshScope,type=RefreshScope]
2016-06-08 19:44:07.887  INFO 3776 --- [           main] o.s.j.e.a.AnnotationMBeanExporter        : Located managed bean 'configurationPropertiesRebinder': registering with JMX server as MBean [org.springframework.cloud.context.properties:name=configurationPropertiesRebinder,type=ConfigurationPropertiesRebinder]
2016-06-08 19:44:07.896  INFO 3776 --- [           main] o.s.j.e.a.AnnotationMBeanExporter        : Located managed bean 'refreshEndpoint': registering with JMX server as MBean [org.springframework.cloud.config.client:name=refreshEndpoint,type=RefreshEndpoint]
2016-06-08 19:44:07.902  INFO 3776 --- [           main] o.s.c.support.DefaultLifecycleProcessor  : Starting beans in phase 0
2016-06-08 19:44:08.019  INFO 3776 --- [           main] b.c.e.u.UndertowEmbeddedServletContainer : Undertow started on port(s) 52553 (http)
2016-06-08 19:44:08.024  INFO 3776 --- [           main] .p.EurekaConfigBasedInstanceInfoProvider : Setting initial instance status as: STARTING
2016-06-08 19:44:08.725  INFO 3776 --- [           main] com.netflix.discovery.DiscoveryClient    : Disable delta property : false
2016-06-08 19:44:08.725  INFO 3776 --- [           main] com.netflix.discovery.DiscoveryClient    : Single vip registry refresh property : null
2016-06-08 19:44:08.726  INFO 3776 --- [           main] com.netflix.discovery.DiscoveryClient    : Force full registry fetch : false
2016-06-08 19:44:08.728  INFO 3776 --- [           main] com.netflix.discovery.DiscoveryClient    : Application is null : false
2016-06-08 19:44:08.730  INFO 3776 --- [           main] com.netflix.discovery.DiscoveryClient    : Registered Applications size is zero : true
2016-06-08 19:44:08.730  INFO 3776 --- [           main] com.netflix.discovery.DiscoveryClient    : Application version is -1: true
2016-06-08 19:44:08.865  INFO 3776 --- [           main] com.netflix.discovery.DiscoveryClient    : Getting all instance registry info from the eureka server
2016-06-08 19:44:08.941  INFO 3776 --- [           main] com.netflix.discovery.DiscoveryClient    : The response status is 200
2016-06-08 19:44:08.946  INFO 3776 --- [           main] com.netflix.discovery.DiscoveryClient    : Starting heartbeat executor: renew interval is: 10
2016-06-08 19:44:08.955  INFO 3776 --- [           main] c.n.e.EurekaDiscoveryClientConfiguration : Registering application productcomposite with eureka with status UP
2016-06-08 19:44:08.957  INFO 3776 --- [           main] m.c.p.ProductCompositeServiceApplication : Started ProductCompositeServiceApplication in 8.776 seconds (JVM running for 9.541)
2016-06-08 19:44:18.971  INFO 3776 --- [pool-4-thread-1] com.netflix.discovery.DiscoveryClient    : DiscoveryClient_PRODUCTCOMPOSITE/HZ0317L:productcomposite:587c18ba20c42db65b0b311bd1d095af - Re-registering apps/PRODUCTCOMPOSITE
2016-06-08 19:44:18.971  INFO 3776 --- [pool-4-thread-1] com.netflix.discovery.DiscoveryClient    : DiscoveryClient_PRODUCTCOMPOSITE/HZ0317L:productcomposite:587c18ba20c42db65b0b311bd1d095af: registering service...
2016-06-08 19:44:19.000  INFO 3776 --- [pool-4-thread-1] com.netflix.discovery.DiscoveryClient    : DiscoveryClient_PRODUCTCOMPOSITE/HZ0317L:productcomposite:587c18ba20c42db65b0b311bd1d095af - registration status: 204
2016-06-08 19:44:48.953  INFO 3776 --- [scoveryClient-1] com.netflix.discovery.DiscoveryClient    : DiscoveryClient_PRODUCTCOMPOSITE/HZ0317L:productcomposite:587c18ba20c42db65b0b311bd1d095af - retransmit instance info with status UP
2016-06-08 19:44:48.953  INFO 3776 --- [scoveryClient-1] com.netflix.discovery.DiscoveryClient    : DiscoveryClient_PRODUCTCOMPOSITE/HZ0317L:productcomposite:587c18ba20c42db65b0b311bd1d095af: registering service...
2016-06-08 19:44:48.971  INFO 3776 --- [scoveryClient-1] com.netflix.discovery.DiscoveryClient    : DiscoveryClient_PRODUCTCOMPOSITE/HZ0317L:productcomposite:587c18ba20c42db65b0b311bd1d095af - registration status: 204
2016-06-08 19:44:49.022  INFO 3776 --- [pool-4-thread-1] com.netflix.discovery.DiscoveryClient    : DiscoveryClient_PRODUCTCOMPOSITE/HZ0317L:productcomposite:587c18ba20c42db65b0b311bd1d095af - Re-registering apps/PRODUCTCOMPOSITE
2016-06-08 19:44:49.022  INFO 3776 --- [pool-4-thread-1] com.netflix.discovery.DiscoveryClient    : DiscoveryClient_PRODUCTCOMPOSITE/HZ0317L:productcomposite:587c18ba20c42db65b0b311bd1d095af: registering service...
2016-06-08 19:44:49.029  INFO 3776 --- [pool-4-thread-1] com.netflix.discovery.DiscoveryClient    : DiscoveryClient_PRODUCTCOMPOSITE/HZ0317L:productcomposite:587c18ba20c42db65b0b311bd1d095af - registration status: 204
2016-06-08 19:51:06.228  INFO 3776 --- [  XNIO-2 task-1] io.undertow.servlet                      : Initializing Spring FrameworkServlet 'dispatcherServlet'
2016-06-08 19:51:06.228  INFO 3776 --- [  XNIO-2 task-1] o.s.web.servlet.DispatcherServlet        : FrameworkServlet 'dispatcherServlet': initialization started
2016-06-08 19:51:06.253  INFO 3776 --- [  XNIO-2 task-1] o.s.web.servlet.DispatcherServlet        : FrameworkServlet 'dispatcherServlet': initialization completed in 24 ms
2016-06-08 19:51:06.290  INFO 3776 --- [  XNIO-2 task-1] s.c.a.AnnotationConfigApplicationContext : Refreshing org.springframework.context.annotation.AnnotationConfigApplicationContext@2073589c: startup date [Wed Jun 08 19:51:06 CST 2016]; parent: org.springframework.boot.context.embedded.AnnotationConfigEmbeddedWebApplicationContext@3148f668
2016-06-08 19:51:06.321  INFO 3776 --- [  XNIO-2 task-1] f.a.AutowiredAnnotationBeanPostProcessor : JSR-330 'javax.inject.Inject' annotation found and supported for autowiring
2016-06-08 19:51:07.048  INFO 3776 --- [  XNIO-2 task-1] c.netflix.config.ChainedDynamicProperty  : Flipping property: product.ribbon.ActiveConnectionsLimit to use NEXT property: niws.loadbalancer.availabilityFilteringRule.activeConnectionsLimit = 2147483647
2016-06-08 19:51:07.635  INFO 3776 --- [  XNIO-2 task-1] c.netflix.loadbalancer.BaseLoadBalancer  : Client:product instantiated a LoadBalancer:DynamicServerListLoadBalancer:{NFLoadBalancer:name=product,current list of Servers=[],Load balancer stats=Zone stats: {},Server stats: []}ServerList:null
2016-06-08 19:51:07.696  INFO 3776 --- [  XNIO-2 task-1] c.netflix.config.ChainedDynamicProperty  : Flipping property: product.ribbon.ActiveConnectionsLimit to use NEXT property: niws.loadbalancer.availabilityFilteringRule.activeConnectionsLimit = 2147483647
2016-06-08 19:51:07.700  INFO 3776 --- [  XNIO-2 task-1] c.n.l.DynamicServerListLoadBalancer      : DynamicServerListLoadBalancer for client product initialized: DynamicServerListLoadBalancer:{NFLoadBalancer:name=product,current list of Servers=[product:a0f2517c900a7f3f33e1e29966b1153b],Load balancer stats=Zone stats: {defaultzone=[Zone:defaultzone;	Instance count:1;	Active connections count: 0;	Circuit breaker tripped count: 0;	Active connections per server: 0.0;]
},Server stats: [[Server:product:a0f2517c900a7f3f33e1e29966b1153b;	Zone:defaultZone;	Total Requests:0;	Successive connection failure:0;	Total blackout seconds:0;	Last connection made:Thu Jan 01 08:00:00 CST 1970;	First connection made: Thu Jan 01 08:00:00 CST 1970;	Active Connections:0;	total failure count in last (1000) msecs:0;	average resp time:0.0;	90 percentile resp time:0.0;	95 percentile resp time:0.0;	min resp time:0.0;	max resp time:0.0;	stddev resp time:0.0]
]}ServerList:org.springframework.cloud.netflix.ribbon.eureka.DomainExtractingServerList@62eb7447
2016-06-08 19:51:07.792  INFO 3776 --- [  XNIO-2 task-1] com.netflix.http4.ConnectionPoolCleaner  : Initializing ConnectionPoolCleaner for NFHttpClient:product
2016-06-08 19:51:07.974  INFO 3776 --- [  XNIO-2 task-1] com.netflix.http4.ConnectionPoolCleaner  : Initializing ConnectionPoolCleaner for NFHttpClient:product
2016-06-08 19:51:08.353  INFO 3776 --- [  XNIO-2 task-1] s.c.m.c.p.s.ProductCompositeIntegration  : GetRecommendations...
2016-06-08 19:51:08.354  INFO 3776 --- [  XNIO-2 task-1] s.c.a.AnnotationConfigApplicationContext : Refreshing org.springframework.context.annotation.AnnotationConfigApplicationContext@60471880: startup date [Wed Jun 08 19:51:08 CST 2016]; parent: org.springframework.boot.context.embedded.AnnotationConfigEmbeddedWebApplicationContext@3148f668
2016-06-08 19:51:08.367  INFO 3776 --- [  XNIO-2 task-1] f.a.AutowiredAnnotationBeanPostProcessor : JSR-330 'javax.inject.Inject' annotation found and supported for autowiring
2016-06-08 19:51:08.380  INFO 3776 --- [  XNIO-2 task-1] c.netflix.config.ChainedDynamicProperty  : Flipping property: recommendation.ribbon.ActiveConnectionsLimit to use NEXT property: niws.loadbalancer.availabilityFilteringRule.activeConnectionsLimit = 2147483647
2016-06-08 19:51:08.388  INFO 3776 --- [  XNIO-2 task-1] c.netflix.loadbalancer.BaseLoadBalancer  : Client:recommendation instantiated a LoadBalancer:DynamicServerListLoadBalancer:{NFLoadBalancer:name=recommendation,current list of Servers=[],Load balancer stats=Zone stats: {},Server stats: []}ServerList:null
2016-06-08 19:51:08.393  INFO 3776 --- [  XNIO-2 task-1] c.netflix.config.ChainedDynamicProperty  : Flipping property: recommendation.ribbon.ActiveConnectionsLimit to use NEXT property: niws.loadbalancer.availabilityFilteringRule.activeConnectionsLimit = 2147483647
2016-06-08 19:51:08.395  INFO 3776 --- [  XNIO-2 task-1] c.n.l.DynamicServerListLoadBalancer      : DynamicServerListLoadBalancer for client recommendation initialized: DynamicServerListLoadBalancer:{NFLoadBalancer:name=recommendation,current list of Servers=[recommendation:7c5efb9667a9ce51924c87a2e6c9b99c],Load balancer stats=Zone stats: {defaultzone=[Zone:defaultzone;	Instance count:1;	Active connections count: 0;	Circuit breaker tripped count: 0;	Active connections per server: 0.0;]
},Server stats: [[Server:recommendation:7c5efb9667a9ce51924c87a2e6c9b99c;	Zone:defaultZone;	Total Requests:0;	Successive connection failure:0;	Total blackout seconds:0;	Last connection made:Thu Jan 01 08:00:00 CST 1970;	First connection made: Thu Jan 01 08:00:00 CST 1970;	Active Connections:0;	total failure count in last (1000) msecs:0;	average resp time:0.0;	90 percentile resp time:0.0;	95 percentile resp time:0.0;	min resp time:0.0;	max resp time:0.0;	stddev resp time:0.0]
]}ServerList:org.springframework.cloud.netflix.ribbon.eureka.DomainExtractingServerList@66651a5e
2016-06-08 19:51:08.405  INFO 3776 --- [  XNIO-2 task-1] com.netflix.http4.ConnectionPoolCleaner  : Initializing ConnectionPoolCleaner for NFHttpClient:recommendation
2016-06-08 19:51:08.510  INFO 3776 --- [  XNIO-2 task-1] com.netflix.http4.ConnectionPoolCleaner  : Initializing ConnectionPoolCleaner for NFHttpClient:recommendation
2016-06-08 19:51:08.772  INFO 3776 --- [pool-6-thread-1] c.netflix.config.ChainedDynamicProperty  : Flipping property: product.ribbon.ActiveConnectionsLimit to use NEXT property: niws.loadbalancer.availabilityFilteringRule.activeConnectionsLimit = 2147483647
2016-06-08 19:51:09.152  INFO 3776 --- [  XNIO-2 task-1] s.c.m.c.p.s.ProductCompositeIntegration  : GetReviews...
2016-06-08 19:51:09.153  INFO 3776 --- [  XNIO-2 task-1] s.c.a.AnnotationConfigApplicationContext : Refreshing org.springframework.context.annotation.AnnotationConfigApplicationContext@23408d88: startup date [Wed Jun 08 19:51:09 CST 2016]; parent: org.springframework.boot.context.embedded.AnnotationConfigEmbeddedWebApplicationContext@3148f668
2016-06-08 19:51:09.163  INFO 3776 --- [  XNIO-2 task-1] f.a.AutowiredAnnotationBeanPostProcessor : JSR-330 'javax.inject.Inject' annotation found and supported for autowiring
2016-06-08 19:51:09.507  INFO 3776 --- [pool-6-thread-2] c.netflix.config.ChainedDynamicProperty  : Flipping property: recommendation.ribbon.ActiveConnectionsLimit to use NEXT property: niws.loadbalancer.availabilityFilteringRule.activeConnectionsLimit = 2147483647
2016-06-08 19:51:09.529  INFO 3776 --- [  XNIO-2 task-1] c.netflix.config.ChainedDynamicProperty  : Flipping property: review.ribbon.ActiveConnectionsLimit to use NEXT property: niws.loadbalancer.availabilityFilteringRule.activeConnectionsLimit = 2147483647
2016-06-08 19:51:09.558  INFO 3776 --- [  XNIO-2 task-1] c.netflix.loadbalancer.BaseLoadBalancer  : Client:review instantiated a LoadBalancer:DynamicServerListLoadBalancer:{NFLoadBalancer:name=review,current list of Servers=[],Load balancer stats=Zone stats: {},Server stats: []}ServerList:null
2016-06-08 19:51:09.638  INFO 3776 --- [  XNIO-2 task-1] c.netflix.config.ChainedDynamicProperty  : Flipping property: review.ribbon.ActiveConnectionsLimit to use NEXT property: niws.loadbalancer.availabilityFilteringRule.activeConnectionsLimit = 2147483647
2016-06-08 19:51:09.639  INFO 3776 --- [  XNIO-2 task-1] c.n.l.DynamicServerListLoadBalancer      : DynamicServerListLoadBalancer for client review initialized: DynamicServerListLoadBalancer:{NFLoadBalancer:name=review,current list of Servers=[review:13a5dbe1a5eb8f560281b1400f3b60f6],Load balancer stats=Zone stats: {defaultzone=[Zone:defaultzone;	Instance count:1;	Active connections count: 0;	Circuit breaker tripped count: 0;	Active connections per server: 0.0;]
},Server stats: [[Server:review:13a5dbe1a5eb8f560281b1400f3b60f6;	Zone:defaultZone;	Total Requests:0;	Successive connection failure:0;	Total blackout seconds:0;	Last connection made:Thu Jan 01 08:00:00 CST 1970;	First connection made: Thu Jan 01 08:00:00 CST 1970;	Active Connections:0;	total failure count in last (1000) msecs:0;	average resp time:0.0;	90 percentile resp time:0.0;	95 percentile resp time:0.0;	min resp time:0.0;	max resp time:0.0;	stddev resp time:0.0]
]}ServerList:org.springframework.cloud.netflix.ribbon.eureka.DomainExtractingServerList@257dea4a
2016-06-08 19:51:09.650  INFO 3776 --- [  XNIO-2 task-1] com.netflix.http4.ConnectionPoolCleaner  : Initializing ConnectionPoolCleaner for NFHttpClient:review
2016-06-08 19:51:09.748  INFO 3776 --- [  XNIO-2 task-1] com.netflix.http4.ConnectionPoolCleaner  : Initializing ConnectionPoolCleaner for NFHttpClient:review
2016-06-08 19:51:10.637  INFO 3776 --- [pool-6-thread-1] c.netflix.config.ChainedDynamicProperty  : Flipping property: review.ribbon.ActiveConnectionsLimit to use NEXT property: niws.loadbalancer.availabilityFilteringRule.activeConnectionsLimit = 2147483647
2016-06-08 19:51:25.422  INFO 3776 --- [  XNIO-2 task-2] s.c.m.c.p.s.ProductCompositeIntegration  : GetRecommendations...
2016-06-08 19:51:25.599  INFO 3776 --- [  XNIO-2 task-2] s.c.m.c.p.s.ProductCompositeIntegration  : GetReviews...
终止批处理操作吗(Y/N)? 