:compileJava UP-TO-DATE
:processResources UP-TO-DATE
:classes UP-TO-DATE
:findMainClass
:bootRun
true
2016-06-08 19:43:02.733  INFO 11252 --- [           main] s.c.m.c.review.ReviewServiceApplication  : Starting ReviewServiceApplication on HZ0317L with PID 11252 (D:\Document\Engineering\eclipse\blog-microservices\microservices\core\review-service\build\classes\main started by cm in D:\Document\Engineering\eclipse\blog-microservices\microservices\core\review-service)
2016-06-08 19:43:02.888  INFO 11252 --- [           main] s.c.a.AnnotationConfigApplicationContext : Refreshing org.springframework.context.annotation.AnnotationConfigApplicationContext@4ddced80: startup date [Wed Jun 08 19:43:02 CST 2016]; root of context hierarchy
2016-06-08 19:43:03.194  INFO 11252 --- [           main] f.a.AutowiredAnnotationBeanPostProcessor : JSR-330 'javax.inject.Inject' annotation found and supported for autowiring
2016-06-08 19:43:03.533  INFO 11252 --- [           main] s.c.m.c.review.ReviewServiceApplication  : Started ReviewServiceApplication in 1.46 seconds (JVM running for 2.673)

  .   ____          _            __ _ _
 /\\ / ___'_ __ _ _(_)_ __  __ _ \ \ \ \
( ( )\___ | '_ | '_| | '_ \/ _` | \ \ \ \
 \\/  ___)| |_)| | | | | || (_| |  ) ) ) )
  '  |____| .__|_| |_|_| |_\__, | / / / /
 =========|_|==============|___/=/_/_/_/
 :: Spring Boot ::        (v1.2.2.RELEASE)

2016-06-08 19:43:05.048 ERROR 11252 --- [           main] c.c.c.ConfigServicePropertySourceLocator : Could not locate PropertySource: I/O error on GET request for "http://localhost:8888/review/default/master":Connection refused: connect; nested exception is java.net.ConnectException: Connection refused: connect
2016-06-08 19:43:05.068  INFO 11252 --- [           main] ationConfigEmbeddedWebApplicationContext : Refreshing org.springframework.boot.context.embedded.AnnotationConfigEmbeddedWebApplicationContext@38ba6ce3: startup date [Wed Jun 08 19:43:05 CST 2016]; parent: org.springframework.context.annotation.AnnotationConfigApplicationContext@4ddced80
2016-06-08 19:43:05.968  INFO 11252 --- [           main] o.s.b.f.s.DefaultListableBeanFactory     : Overriding bean definition for bean 'beanNameViewResolver': replacing [Root bean: class [null]; scope=; abstract=false; lazyInit=false; autowireMode=3; dependencyCheck=0; autowireCandidate=true; primary=false; factoryBeanName=org.springframework.boot.autoconfigure.web.ErrorMvcAutoConfiguration$WhitelabelErrorViewConfiguration; factoryMethodName=beanNameViewResolver; initMethodName=null; destroyMethodName=(inferred); defined in class path resource [org/springframework/boot/autoconfigure/web/ErrorMvcAutoConfiguration$WhitelabelErrorViewConfiguration.class]] with [Root bean: class [null]; scope=; abstract=false; lazyInit=false; autowireMode=3; dependencyCheck=0; autowireCandidate=true; primary=false; factoryBeanName=org.springframework.boot.autoconfigure.web.WebMvcAutoConfiguration$WebMvcAutoConfigurationAdapter; factoryMethodName=beanNameViewResolver; initMethodName=null; destroyMethodName=(inferred); defined in class path resource [org/springframework/boot/autoconfigure/web/WebMvcAutoConfiguration$WebMvcAutoConfigurationAdapter.class]]
2016-06-08 19:43:06.083  INFO 11252 --- [           main] o.s.b.f.s.DefaultListableBeanFactory     : Overriding bean definition for bean 'infoEndpoint': replacing [Root bean: class [null]; scope=; abstract=false; lazyInit=false; autowireMode=3; dependencyCheck=0; autowireCandidate=true; primary=false; factoryBeanName=org.springframework.boot.actuate.autoconfigure.EndpointAutoConfiguration; factoryMethodName=infoEndpoint; initMethodName=null; destroyMethodName=(inferred); defined in class path resource [org/springframework/boot/actuate/autoconfigure/EndpointAutoConfiguration.class]] with [Root bean: class [null]; scope=; abstract=false; lazyInit=false; autowireMode=3; dependencyCheck=0; autowireCandidate=true; primary=false; factoryBeanName=org.springframework.cloud.autoconfigure.RefreshAutoConfiguration$InfoEndpointRebinderConfiguration; factoryMethodName=infoEndpoint; initMethodName=null; destroyMethodName=(inferred); defined in class path resource [org/springframework/cloud/autoconfigure/RefreshAutoConfiguration$InfoEndpointRebinderConfiguration.class]]
2016-06-08 19:43:06.122  INFO 11252 --- [           main] o.s.b.f.s.DefaultListableBeanFactory     : Overriding bean definition for bean 'default.null.RibbonClientSpecification': replacing [Generic bean: class [org.springframework.cloud.netflix.ribbon.RibbonClientSpecification]; scope=; abstract=false; lazyInit=false; autowireMode=0; dependencyCheck=0; autowireCandidate=true; primary=false; factoryBeanName=null; factoryMethodName=null; initMethodName=null; destroyMethodName=null] with [Generic bean: class [org.springframework.cloud.netflix.ribbon.RibbonClientSpecification]; scope=; abstract=false; lazyInit=false; autowireMode=0; dependencyCheck=0; autowireCandidate=true; primary=false; factoryBeanName=null; factoryMethodName=null; initMethodName=null; destroyMethodName=null]
2016-06-08 19:43:06.335  INFO 11252 --- [           main] o.s.cloud.context.scope.GenericScope     : BeanFactory id=4cb953ab-0ad1-3faa-801c-f095c8e49886
2016-06-08 19:43:06.340  INFO 11252 --- [           main] f.a.AutowiredAnnotationBeanPostProcessor : JSR-330 'javax.inject.Inject' annotation found and supported for autowiring
2016-06-08 19:43:06.381  INFO 11252 --- [           main] trationDelegate$BeanPostProcessorChecker : Bean 'org.springframework.cloud.autoconfigure.RefreshAutoConfiguration$ConfigurationPropertiesRebinderConfiguration' of type [class org.springframework.cloud.autoconfigure.RefreshAutoConfiguration$ConfigurationPropertiesRebinderConfiguration$$EnhancerBySpringCGLIB$$88bb46ae] is not eligible for getting processed by all BeanPostProcessors (for example: not eligible for auto-proxying)
2016-06-08 19:43:06.720  WARN 11252 --- [           main] io.undertow.websockets.jsr               : UT026009: XNIO worker was not set on WebSocketDeploymentInfo, the default worker will be used
2016-06-08 19:43:06.738  INFO 11252 --- [           main] org.xnio                                 : XNIO version 3.3.0.Final
2016-06-08 19:43:06.820  INFO 11252 --- [           main] org.xnio.nio                             : XNIO NIO Implementation Version 3.3.0.Final
2016-06-08 19:43:06.943  WARN 11252 --- [           main] io.undertow.websockets.jsr               : UT026010: Buffer pool was not set on WebSocketDeploymentInfo, the default pool will be used
2016-06-08 19:43:06.967  INFO 11252 --- [           main] io.undertow.servlet                      : Initializing Spring embedded WebApplicationContext
2016-06-08 19:43:06.968  INFO 11252 --- [           main] o.s.web.context.ContextLoader            : Root WebApplicationContext: initialization completed in 1900 ms
2016-06-08 19:43:07.625  INFO 11252 --- [           main] o.s.b.c.e.ServletRegistrationBean        : Mapping servlet: 'dispatcherServlet' to [/]
2016-06-08 19:43:07.631  INFO 11252 --- [           main] o.s.b.c.embedded.FilterRegistrationBean  : Mapping filter: 'metricFilter' to: [/*]
2016-06-08 19:43:07.632  INFO 11252 --- [           main] o.s.b.c.embedded.FilterRegistrationBean  : Mapping filter: 'characterEncodingFilter' to: [/*]
2016-06-08 19:43:07.633  INFO 11252 --- [           main] o.s.b.c.embedded.FilterRegistrationBean  : Mapping filter: 'webRequestLoggingFilter' to: [/*]
2016-06-08 19:43:07.634  INFO 11252 --- [           main] o.s.b.c.embedded.FilterRegistrationBean  : Mapping filter: 'hiddenHttpMethodFilter' to: [/*]
2016-06-08 19:43:07.634  INFO 11252 --- [           main] o.s.b.c.embedded.FilterRegistrationBean  : Mapping filter: 'applicationContextIdFilter' to: [/*]
2016-06-08 19:43:08.104  WARN 11252 --- [           main] c.n.c.sources.URLConfigurationSource     : No URLs will be polled as dynamic configuration sources.
2016-06-08 19:43:08.105  INFO 11252 --- [           main] c.n.c.sources.URLConfigurationSource     : To enable URLs as dynamic configuration sources, define System property archaius.configurationSource.additionalUrls or make config.properties available on classpath.
2016-06-08 19:43:08.118  INFO 11252 --- [           main] c.netflix.config.DynamicPropertyFactory  : DynamicPropertyFactory is initialized with configuration sources: com.netflix.config.ConcurrentCompositeConfiguration@4fc3c165
2016-06-08 19:43:08.351  INFO 11252 --- [           main] s.w.s.m.m.a.RequestMappingHandlerAdapter : Looking for @ControllerAdvice: org.springframework.boot.context.embedded.AnnotationConfigEmbeddedWebApplicationContext@38ba6ce3: startup date [Wed Jun 08 19:43:05 CST 2016]; parent: org.springframework.context.annotation.AnnotationConfigApplicationContext@4ddced80
2016-06-08 19:43:08.446  INFO 11252 --- [           main] s.w.s.m.m.a.RequestMappingHandlerMapping : Mapped "{[/set-processing-time],methods=[],params=[],headers=[],consumes=[],produces=[],custom=[]}" onto public void se.callista.microservises.core.review.service.ReviewService.setProcessingTime(int,int)
2016-06-08 19:43:08.446  INFO 11252 --- [           main] s.w.s.m.m.a.RequestMappingHandlerMapping : Mapped "{[/review],methods=[],params=[],headers=[],consumes=[],produces=[],custom=[]}" onto public java.util.List<se.callista.microservises.core.review.model.Review> se.callista.microservises.core.review.service.ReviewService.getReviews(int)
2016-06-08 19:43:08.448  INFO 11252 --- [           main] s.w.s.m.m.a.RequestMappingHandlerMapping : Mapped "{[/error],methods=[],params=[],headers=[],consumes=[],produces=[],custom=[]}" onto public org.springframework.http.ResponseEntity<java.util.Map<java.lang.String, java.lang.Object>> org.springframework.boot.autoconfigure.web.BasicErrorController.error(javax.servlet.http.HttpServletRequest)
2016-06-08 19:43:08.448  INFO 11252 --- [           main] s.w.s.m.m.a.RequestMappingHandlerMapping : Mapped "{[/error],methods=[],params=[],headers=[],consumes=[],produces=[text/html],custom=[]}" onto public org.springframework.web.servlet.ModelAndView org.springframework.boot.autoconfigure.web.BasicErrorController.errorHtml(javax.servlet.http.HttpServletRequest)
2016-06-08 19:43:08.481  INFO 11252 --- [           main] o.s.w.s.handler.SimpleUrlHandlerMapping  : Mapped URL path [/webjars/**] onto handler of type [class org.springframework.web.servlet.resource.ResourceHttpRequestHandler]
2016-06-08 19:43:08.481  INFO 11252 --- [           main] o.s.w.s.handler.SimpleUrlHandlerMapping  : Mapped URL path [/**] onto handler of type [class org.springframework.web.servlet.resource.ResourceHttpRequestHandler]
2016-06-08 19:43:08.533  INFO 11252 --- [           main] o.s.w.s.handler.SimpleUrlHandlerMapping  : Mapped URL path [/**/favicon.ico] onto handler of type [class org.springframework.web.servlet.resource.ResourceHttpRequestHandler]
2016-06-08 19:43:09.183  INFO 11252 --- [           main] o.s.b.a.e.mvc.EndpointHandlerMapping     : Mapped "{[/info],methods=[GET],params=[],headers=[],consumes=[],produces=[],custom=[]}" onto public java.lang.Object org.springframework.boot.actuate.endpoint.mvc.EndpointMvcAdapter.invoke()
2016-06-08 19:43:09.183  INFO 11252 --- [           main] o.s.b.a.e.mvc.EndpointHandlerMapping     : Mapped "{[/beans],methods=[GET],params=[],headers=[],consumes=[],produces=[],custom=[]}" onto public java.lang.Object org.springframework.boot.actuate.endpoint.mvc.EndpointMvcAdapter.invoke()
2016-06-08 19:43:09.184  INFO 11252 --- [           main] o.s.b.a.e.mvc.EndpointHandlerMapping     : Mapped "{[/configprops],methods=[GET],params=[],headers=[],consumes=[],produces=[],custom=[]}" onto public java.lang.Object org.springframework.boot.actuate.endpoint.mvc.EndpointMvcAdapter.invoke()
2016-06-08 19:43:09.184  INFO 11252 --- [           main] o.s.b.a.e.mvc.EndpointHandlerMapping     : Mapped "{[/pause],methods=[POST],params=[],headers=[],consumes=[],produces=[],custom=[]}" onto public java.lang.Object org.springframework.cloud.endpoint.GenericPostableMvcEndpoint.invoke()
2016-06-08 19:43:09.184  INFO 11252 --- [           main] o.s.b.a.e.mvc.EndpointHandlerMapping     : Mapped "{[/trace],methods=[GET],params=[],headers=[],consumes=[],produces=[],custom=[]}" onto public java.lang.Object org.springframework.boot.actuate.endpoint.mvc.EndpointMvcAdapter.invoke()
2016-06-08 19:43:09.185  INFO 11252 --- [           main] o.s.b.a.e.mvc.EndpointHandlerMapping     : Mapped "{[/shutdown],methods=[POST],params=[],headers=[],consumes=[],produces=[],custom=[]}" onto public java.lang.Object org.springframework.boot.actuate.endpoint.mvc.ShutdownMvcEndpoint.invoke()
2016-06-08 19:43:09.185  INFO 11252 --- [           main] o.s.b.a.e.mvc.EndpointHandlerMapping     : Mapped "{[/dump],methods=[GET],params=[],headers=[],consumes=[],produces=[],custom=[]}" onto public java.lang.Object org.springframework.boot.actuate.endpoint.mvc.EndpointMvcAdapter.invoke()
2016-06-08 19:43:09.185  INFO 11252 --- [           main] o.s.b.a.e.mvc.EndpointHandlerMapping     : Mapped "{[/autoconfig],methods=[GET],params=[],headers=[],consumes=[],produces=[],custom=[]}" onto public java.lang.Object org.springframework.boot.actuate.endpoint.mvc.EndpointMvcAdapter.invoke()
2016-06-08 19:43:09.185  INFO 11252 --- [           main] o.s.b.a.e.mvc.EndpointHandlerMapping     : Mapped "{[/refresh],methods=[POST],params=[],headers=[],consumes=[],produces=[],custom=[]}" onto public java.lang.Object org.springframework.cloud.endpoint.GenericPostableMvcEndpoint.invoke()
2016-06-08 19:43:09.186  INFO 11252 --- [           main] o.s.b.a.e.mvc.EndpointHandlerMapping     : Mapped "{[/resume],methods=[POST],params=[],headers=[],consumes=[],produces=[],custom=[]}" onto public java.lang.Object org.springframework.cloud.endpoint.GenericPostableMvcEndpoint.invoke()
2016-06-08 19:43:09.186  INFO 11252 --- [           main] o.s.b.a.e.mvc.EndpointHandlerMapping     : Mapped "{[/env/{name:.*}],methods=[GET],params=[],headers=[],consumes=[],produces=[],custom=[]}" onto public java.lang.Object org.springframework.boot.actuate.endpoint.mvc.EnvironmentMvcEndpoint.value(java.lang.String)
2016-06-08 19:43:09.187  INFO 11252 --- [           main] o.s.b.a.e.mvc.EndpointHandlerMapping     : Mapped "{[/env],methods=[GET],params=[],headers=[],consumes=[],produces=[],custom=[]}" onto public java.lang.Object org.springframework.boot.actuate.endpoint.mvc.EndpointMvcAdapter.invoke()
2016-06-08 19:43:09.187  INFO 11252 --- [           main] o.s.b.a.e.mvc.EndpointHandlerMapping     : Mapped "{[/health],methods=[],params=[],headers=[],consumes=[],produces=[],custom=[]}" onto public java.lang.Object org.springframework.boot.actuate.endpoint.mvc.HealthMvcEndpoint.invoke(java.security.Principal)
2016-06-08 19:43:09.188  INFO 11252 --- [           main] o.s.b.a.e.mvc.EndpointHandlerMapping     : Mapped "{[/env],methods=[POST],params=[],headers=[],consumes=[],produces=[],custom=[]}" onto public java.lang.Object org.springframework.cloud.context.environment.EnvironmentManagerMvcEndpoint.value(java.util.Map<java.lang.String, java.lang.String>)
2016-06-08 19:43:09.189  INFO 11252 --- [           main] o.s.b.a.e.mvc.EndpointHandlerMapping     : Mapped "{[/env/reset],methods=[POST],params=[],headers=[],consumes=[],produces=[],custom=[]}" onto public java.util.Map<java.lang.String, java.lang.Object> org.springframework.cloud.context.environment.EnvironmentManagerMvcEndpoint.reset()
2016-06-08 19:43:09.194  INFO 11252 --- [           main] o.s.b.a.e.mvc.EndpointHandlerMapping     : Mapped "{[/restart],methods=[POST],params=[],headers=[],consumes=[],produces=[],custom=[]}" onto public java.lang.Object org.springframework.cloud.context.restart.RestartMvcEndpoint.invoke()
2016-06-08 19:43:09.194  INFO 11252 --- [           main] o.s.b.a.e.mvc.EndpointHandlerMapping     : Mapped "{[/archaius],methods=[GET],params=[],headers=[],consumes=[],produces=[],custom=[]}" onto public java.lang.Object org.springframework.boot.actuate.endpoint.mvc.EndpointMvcAdapter.invoke()
2016-06-08 19:43:09.195  INFO 11252 --- [           main] o.s.b.a.e.mvc.EndpointHandlerMapping     : Mapped "{[/metrics/{name:.*}],methods=[GET],params=[],headers=[],consumes=[],produces=[],custom=[]}" onto public java.lang.Object org.springframework.boot.actuate.endpoint.mvc.MetricsMvcEndpoint.value(java.lang.String)
2016-06-08 19:43:09.196  INFO 11252 --- [           main] o.s.b.a.e.mvc.EndpointHandlerMapping     : Mapped "{[/metrics],methods=[GET],params=[],headers=[],consumes=[],produces=[],custom=[]}" onto public java.lang.Object org.springframework.boot.actuate.endpoint.mvc.EndpointMvcAdapter.invoke()
2016-06-08 19:43:09.197  INFO 11252 --- [           main] o.s.b.a.e.mvc.EndpointHandlerMapping     : Mapped "{[/mappings],methods=[GET],params=[],headers=[],consumes=[],produces=[],custom=[]}" onto public java.lang.Object org.springframework.boot.actuate.endpoint.mvc.EndpointMvcAdapter.invoke()
2016-06-08 19:43:09.387  WARN 11252 --- [           main] c.n.c.sources.URLConfigurationSource     : No URLs will be polled as dynamic configuration sources.
2016-06-08 19:43:09.387  INFO 11252 --- [           main] c.n.c.sources.URLConfigurationSource     : To enable URLs as dynamic configuration sources, define System property archaius.configurationSource.additionalUrls or make config.properties available on classpath.
2016-06-08 19:43:09.413  INFO 11252 --- [           main] o.s.j.e.a.AnnotationMBeanExporter        : Registering beans for JMX exposure on startup
2016-06-08 19:43:09.426  INFO 11252 --- [           main] o.s.j.e.a.AnnotationMBeanExporter        : Bean with name 'configurationPropertiesRebinder' has been autodetected for JMX exposure
2016-06-08 19:43:09.427  INFO 11252 --- [           main] o.s.j.e.a.AnnotationMBeanExporter        : Bean with name 'refreshEndpoint' has been autodetected for JMX exposure
2016-06-08 19:43:09.428  INFO 11252 --- [           main] o.s.j.e.a.AnnotationMBeanExporter        : Bean with name 'restartEndpoint' has been autodetected for JMX exposure
2016-06-08 19:43:09.428  INFO 11252 --- [           main] o.s.j.e.a.AnnotationMBeanExporter        : Bean with name 'refreshScope' has been autodetected for JMX exposure
2016-06-08 19:43:09.429  INFO 11252 --- [           main] o.s.j.e.a.AnnotationMBeanExporter        : Bean with name 'environmentManager' has been autodetected for JMX exposure
2016-06-08 19:43:09.434  INFO 11252 --- [           main] o.s.j.e.a.AnnotationMBeanExporter        : Located managed bean 'environmentManager': registering with JMX server as MBean [org.springframework.cloud.context.environment:name=environmentManager,type=EnvironmentManager]
2016-06-08 19:43:09.469  INFO 11252 --- [           main] o.s.j.e.a.AnnotationMBeanExporter        : Located managed bean 'restartEndpoint': registering with JMX server as MBean [org.springframework.cloud.context.restart:name=restartEndpoint,type=RestartEndpoint]
2016-06-08 19:43:09.482  INFO 11252 --- [           main] o.s.j.e.a.AnnotationMBeanExporter        : Located managed bean 'refreshScope': registering with JMX server as MBean [org.springframework.cloud.context.scope.refresh:name=refreshScope,type=RefreshScope]
2016-06-08 19:43:09.495  INFO 11252 --- [           main] o.s.j.e.a.AnnotationMBeanExporter        : Located managed bean 'configurationPropertiesRebinder': registering with JMX server as MBean [org.springframework.cloud.context.properties:name=configurationPropertiesRebinder,type=ConfigurationPropertiesRebinder]
2016-06-08 19:43:09.504  INFO 11252 --- [           main] o.s.j.e.a.AnnotationMBeanExporter        : Located managed bean 'refreshEndpoint': registering with JMX server as MBean [org.springframework.cloud.config.client:name=refreshEndpoint,type=RefreshEndpoint]
2016-06-08 19:43:09.510  INFO 11252 --- [           main] o.s.c.support.DefaultLifecycleProcessor  : Starting beans in phase 0
2016-06-08 19:43:09.650  INFO 11252 --- [           main] b.c.e.u.UndertowEmbeddedServletContainer : Undertow started on port(s) 50802 (http)
2016-06-08 19:43:09.656  INFO 11252 --- [           main] .p.EurekaConfigBasedInstanceInfoProvider : Setting initial instance status as: STARTING
2016-06-08 19:43:10.630  INFO 11252 --- [           main] com.netflix.discovery.DiscoveryClient    : Disable delta property : false
2016-06-08 19:43:10.631  INFO 11252 --- [           main] com.netflix.discovery.DiscoveryClient    : Single vip registry refresh property : null
2016-06-08 19:43:10.632  INFO 11252 --- [           main] com.netflix.discovery.DiscoveryClient    : Force full registry fetch : false
2016-06-08 19:43:10.634  INFO 11252 --- [           main] com.netflix.discovery.DiscoveryClient    : Application is null : false
2016-06-08 19:43:10.634  INFO 11252 --- [           main] com.netflix.discovery.DiscoveryClient    : Registered Applications size is zero : true
2016-06-08 19:43:10.634  INFO 11252 --- [           main] com.netflix.discovery.DiscoveryClient    : Application version is -1: true
2016-06-08 19:43:10.778  INFO 11252 --- [           main] com.netflix.discovery.DiscoveryClient    : Getting all instance registry info from the eureka server
2016-06-08 19:43:10.828  INFO 11252 --- [           main] com.netflix.discovery.DiscoveryClient    : The response status is 200
2016-06-08 19:43:10.832  INFO 11252 --- [           main] com.netflix.discovery.DiscoveryClient    : Starting heartbeat executor: renew interval is: 10
2016-06-08 19:43:10.841  INFO 11252 --- [           main] c.n.e.EurekaDiscoveryClientConfiguration : Registering application review with eureka with status UP
2016-06-08 19:43:10.843  INFO 11252 --- [           main] s.c.m.c.review.ReviewServiceApplication  : Started ReviewServiceApplication in 8.908 seconds (JVM running for 9.983)
2016-06-08 19:43:20.892  INFO 11252 --- [pool-4-thread-1] com.netflix.discovery.DiscoveryClient    : DiscoveryClient_REVIEW/HZ0317L:review:13a5dbe1a5eb8f560281b1400f3b60f6 - Re-registering apps/REVIEW
2016-06-08 19:43:20.893  INFO 11252 --- [pool-4-thread-1] com.netflix.discovery.DiscoveryClient    : DiscoveryClient_REVIEW/HZ0317L:review:13a5dbe1a5eb8f560281b1400f3b60f6: registering service...
2016-06-08 19:43:20.915  INFO 11252 --- [pool-4-thread-1] com.netflix.discovery.DiscoveryClient    : DiscoveryClient_REVIEW/HZ0317L:review:13a5dbe1a5eb8f560281b1400f3b60f6 - registration status: 204
2016-06-08 19:43:50.837  INFO 11252 --- [scoveryClient-1] com.netflix.discovery.DiscoveryClient    : DiscoveryClient_REVIEW/HZ0317L:review:13a5dbe1a5eb8f560281b1400f3b60f6 - retransmit instance info with status UP
2016-06-08 19:43:50.838  INFO 11252 --- [scoveryClient-1] com.netflix.discovery.DiscoveryClient    : DiscoveryClient_REVIEW/HZ0317L:review:13a5dbe1a5eb8f560281b1400f3b60f6: registering service...
2016-06-08 19:43:50.897  INFO 11252 --- [scoveryClient-1] com.netflix.discovery.DiscoveryClient    : DiscoveryClient_REVIEW/HZ0317L:review:13a5dbe1a5eb8f560281b1400f3b60f6 - registration status: 204
2016-06-08 19:43:50.977  INFO 11252 --- [pool-4-thread-1] com.netflix.discovery.DiscoveryClient    : DiscoveryClient_REVIEW/HZ0317L:review:13a5dbe1a5eb8f560281b1400f3b60f6 - Re-registering apps/REVIEW
2016-06-08 19:43:50.977  INFO 11252 --- [pool-4-thread-1] com.netflix.discovery.DiscoveryClient    : DiscoveryClient_REVIEW/HZ0317L:review:13a5dbe1a5eb8f560281b1400f3b60f6: registering service...
2016-06-08 19:43:50.982  INFO 11252 --- [pool-4-thread-1] com.netflix.discovery.DiscoveryClient    : DiscoveryClient_REVIEW/HZ0317L:review:13a5dbe1a5eb8f560281b1400f3b60f6 - registration status: 204
2016-06-08 19:44:42.791  INFO 11252 --- [  XNIO-2 task-1] io.undertow.servlet                      : Initializing Spring FrameworkServlet 'dispatcherServlet'
2016-06-08 19:44:42.791  INFO 11252 --- [  XNIO-2 task-1] o.s.web.servlet.DispatcherServlet        : FrameworkServlet 'dispatcherServlet': initialization started
2016-06-08 19:44:42.818  INFO 11252 --- [  XNIO-2 task-1] o.s.web.servlet.DispatcherServlet        : FrameworkServlet 'dispatcherServlet': initialization completed in 27 ms
2016-06-08 19:51:09.974  INFO 11252 --- [  XNIO-2 task-3] s.c.m.core.review.service.ReviewService  : /reviews called, processing time: 188
2016-06-08 19:51:10.164  INFO 11252 --- [  XNIO-2 task-3] s.c.m.core.review.service.ReviewService  : /reviews response size: 3
2016-06-08 19:51:25.604  INFO 11252 --- [  XNIO-2 task-4] s.c.m.core.review.service.ReviewService  : /reviews called, processing time: 100
2016-06-08 19:51:25.704  INFO 11252 --- [  XNIO-2 task-4] s.c.m.core.review.service.ReviewService  : /reviews response size: 3
