:compileJava UP-TO-DATE
:processResources UP-TO-DATE
:classes UP-TO-DATE
:findMainClass
:bootRun
true
2016-06-08 19:42:37.950  INFO 14160 --- [           main] c.m.c.r.RecommendationServiceApplication : Starting RecommendationServiceApplication on HZ0317L with PID 14160 (D:\Document\Engineering\eclipse\blog-microservices\microservices\core\recommendation-service\build\classes\main started by cm in D:\Document\Engineering\eclipse\blog-microservices\microservices\core\recommendation-service)
2016-06-08 19:42:38.053  INFO 14160 --- [           main] s.c.a.AnnotationConfigApplicationContext : Refreshing org.springframework.context.annotation.AnnotationConfigApplicationContext@4ddced80: startup date [Wed Jun 08 19:42:38 CST 2016]; root of context hierarchy
2016-06-08 19:42:38.226  INFO 14160 --- [           main] f.a.AutowiredAnnotationBeanPostProcessor : JSR-330 'javax.inject.Inject' annotation found and supported for autowiring
2016-06-08 19:42:38.532  INFO 14160 --- [           main] c.m.c.r.RecommendationServiceApplication : Started RecommendationServiceApplication in 1.272 seconds (JVM running for 1.945)

  .   ____          _            __ _ _
 /\\ / ___'_ __ _ _(_)_ __  __ _ \ \ \ \
( ( )\___ | '_ | '_| | '_ \/ _` | \ \ \ \
 \\/  ___)| |_)| | | | | || (_| |  ) ) ) )
  '  |____| .__|_| |_|_| |_\__, | / / / /
 =========|_|==============|___/=/_/_/_/
 :: Spring Boot ::        (v1.2.2.RELEASE)

2016-06-08 19:42:39.940 ERROR 14160 --- [           main] c.c.c.ConfigServicePropertySourceLocator : Could not locate PropertySource: I/O error on GET request for "http://localhost:8888/recommendation/default/master":Connection refused: connect; nested exception is java.net.ConnectException: Connection refused: connect
2016-06-08 19:42:39.960  INFO 14160 --- [           main] ationConfigEmbeddedWebApplicationContext : Refreshing org.springframework.boot.context.embedded.AnnotationConfigEmbeddedWebApplicationContext@38ba6ce3: startup date [Wed Jun 08 19:42:39 CST 2016]; parent: org.springframework.context.annotation.AnnotationConfigApplicationContext@4ddced80
2016-06-08 19:42:40.941  INFO 14160 --- [           main] o.s.b.f.s.DefaultListableBeanFactory     : Overriding bean definition for bean 'beanNameViewResolver': replacing [Root bean: class [null]; scope=; abstract=false; lazyInit=false; autowireMode=3; dependencyCheck=0; autowireCandidate=true; primary=false; factoryBeanName=org.springframework.boot.autoconfigure.web.ErrorMvcAutoConfiguration$WhitelabelErrorViewConfiguration; factoryMethodName=beanNameViewResolver; initMethodName=null; destroyMethodName=(inferred); defined in class path resource [org/springframework/boot/autoconfigure/web/ErrorMvcAutoConfiguration$WhitelabelErrorViewConfiguration.class]] with [Root bean: class [null]; scope=; abstract=false; lazyInit=false; autowireMode=3; dependencyCheck=0; autowireCandidate=true; primary=false; factoryBeanName=org.springframework.boot.autoconfigure.web.WebMvcAutoConfiguration$WebMvcAutoConfigurationAdapter; factoryMethodName=beanNameViewResolver; initMethodName=null; destroyMethodName=(inferred); defined in class path resource [org/springframework/boot/autoconfigure/web/WebMvcAutoConfiguration$WebMvcAutoConfigurationAdapter.class]]
2016-06-08 19:42:41.055  INFO 14160 --- [           main] o.s.b.f.s.DefaultListableBeanFactory     : Overriding bean definition for bean 'infoEndpoint': replacing [Root bean: class [null]; scope=; abstract=false; lazyInit=false; autowireMode=3; dependencyCheck=0; autowireCandidate=true; primary=false; factoryBeanName=org.springframework.boot.actuate.autoconfigure.EndpointAutoConfiguration; factoryMethodName=infoEndpoint; initMethodName=null; destroyMethodName=(inferred); defined in class path resource [org/springframework/boot/actuate/autoconfigure/EndpointAutoConfiguration.class]] with [Root bean: class [null]; scope=; abstract=false; lazyInit=false; autowireMode=3; dependencyCheck=0; autowireCandidate=true; primary=false; factoryBeanName=org.springframework.cloud.autoconfigure.RefreshAutoConfiguration$InfoEndpointRebinderConfiguration; factoryMethodName=infoEndpoint; initMethodName=null; destroyMethodName=(inferred); defined in class path resource [org/springframework/cloud/autoconfigure/RefreshAutoConfiguration$InfoEndpointRebinderConfiguration.class]]
2016-06-08 19:42:41.110  INFO 14160 --- [           main] o.s.b.f.s.DefaultListableBeanFactory     : Overriding bean definition for bean 'default.null.RibbonClientSpecification': replacing [Generic bean: class [org.springframework.cloud.netflix.ribbon.RibbonClientSpecification]; scope=; abstract=false; lazyInit=false; autowireMode=0; dependencyCheck=0; autowireCandidate=true; primary=false; factoryBeanName=null; factoryMethodName=null; initMethodName=null; destroyMethodName=null] with [Generic bean: class [org.springframework.cloud.netflix.ribbon.RibbonClientSpecification]; scope=; abstract=false; lazyInit=false; autowireMode=0; dependencyCheck=0; autowireCandidate=true; primary=false; factoryBeanName=null; factoryMethodName=null; initMethodName=null; destroyMethodName=null]
2016-06-08 19:42:41.309  INFO 14160 --- [           main] o.s.cloud.context.scope.GenericScope     : BeanFactory id=bcd49e1a-5f67-33fb-8424-3c4de28a6e58
2016-06-08 19:42:41.318  INFO 14160 --- [           main] f.a.AutowiredAnnotationBeanPostProcessor : JSR-330 'javax.inject.Inject' annotation found and supported for autowiring
2016-06-08 19:42:41.351  INFO 14160 --- [           main] trationDelegate$BeanPostProcessorChecker : Bean 'org.springframework.cloud.autoconfigure.RefreshAutoConfiguration$ConfigurationPropertiesRebinderConfiguration' of type [class org.springframework.cloud.autoconfigure.RefreshAutoConfiguration$ConfigurationPropertiesRebinderConfiguration$$EnhancerBySpringCGLIB$$88bb46ae] is not eligible for getting processed by all BeanPostProcessors (for example: not eligible for auto-proxying)
2016-06-08 19:42:41.697  WARN 14160 --- [           main] io.undertow.websockets.jsr               : UT026009: XNIO worker was not set on WebSocketDeploymentInfo, the default worker will be used
2016-06-08 19:42:41.730  INFO 14160 --- [           main] org.xnio                                 : XNIO version 3.3.0.Final
2016-06-08 19:42:41.847  INFO 14160 --- [           main] org.xnio.nio                             : XNIO NIO Implementation Version 3.3.0.Final
2016-06-08 19:42:41.998  WARN 14160 --- [           main] io.undertow.websockets.jsr               : UT026010: Buffer pool was not set on WebSocketDeploymentInfo, the default pool will be used
2016-06-08 19:42:42.026  INFO 14160 --- [           main] io.undertow.servlet                      : Initializing Spring embedded WebApplicationContext
2016-06-08 19:42:42.027  INFO 14160 --- [           main] o.s.web.context.ContextLoader            : Root WebApplicationContext: initialization completed in 2067 ms
2016-06-08 19:42:42.607  INFO 14160 --- [           main] o.s.b.c.e.ServletRegistrationBean        : Mapping servlet: 'dispatcherServlet' to [/]
2016-06-08 19:42:42.619  INFO 14160 --- [           main] o.s.b.c.embedded.FilterRegistrationBean  : Mapping filter: 'metricFilter' to: [/*]
2016-06-08 19:42:42.620  INFO 14160 --- [           main] o.s.b.c.embedded.FilterRegistrationBean  : Mapping filter: 'characterEncodingFilter' to: [/*]
2016-06-08 19:42:42.621  INFO 14160 --- [           main] o.s.b.c.embedded.FilterRegistrationBean  : Mapping filter: 'webRequestLoggingFilter' to: [/*]
2016-06-08 19:42:42.621  INFO 14160 --- [           main] o.s.b.c.embedded.FilterRegistrationBean  : Mapping filter: 'hiddenHttpMethodFilter' to: [/*]
2016-06-08 19:42:42.621  INFO 14160 --- [           main] o.s.b.c.embedded.FilterRegistrationBean  : Mapping filter: 'applicationContextIdFilter' to: [/*]
2016-06-08 19:42:43.130  WARN 14160 --- [           main] c.n.c.sources.URLConfigurationSource     : No URLs will be polled as dynamic configuration sources.
2016-06-08 19:42:43.130  INFO 14160 --- [           main] c.n.c.sources.URLConfigurationSource     : To enable URLs as dynamic configuration sources, define System property archaius.configurationSource.additionalUrls or make config.properties available on classpath.
2016-06-08 19:42:43.143  INFO 14160 --- [           main] c.netflix.config.DynamicPropertyFactory  : DynamicPropertyFactory is initialized with configuration sources: com.netflix.config.ConcurrentCompositeConfiguration@4fc3c165
2016-06-08 19:42:43.376  INFO 14160 --- [           main] s.w.s.m.m.a.RequestMappingHandlerAdapter : Looking for @ControllerAdvice: org.springframework.boot.context.embedded.AnnotationConfigEmbeddedWebApplicationContext@38ba6ce3: startup date [Wed Jun 08 19:42:39 CST 2016]; parent: org.springframework.context.annotation.AnnotationConfigApplicationContext@4ddced80
2016-06-08 19:42:43.456  INFO 14160 --- [           main] s.w.s.m.m.a.RequestMappingHandlerMapping : Mapped "{[/recommendation],methods=[],params=[],headers=[],consumes=[],produces=[],custom=[]}" onto public java.util.List<se.callista.microservises.core.recommendation.model.Recommendation> se.callista.microservises.core.recommendation.service.RecommendationService.getRecommendations(int)
2016-06-08 19:42:43.456  INFO 14160 --- [           main] s.w.s.m.m.a.RequestMappingHandlerMapping : Mapped "{[/set-processing-time],methods=[],params=[],headers=[],consumes=[],produces=[],custom=[]}" onto public void se.callista.microservises.core.recommendation.service.RecommendationService.setProcessingTime(int,int)
2016-06-08 19:42:43.458  INFO 14160 --- [           main] s.w.s.m.m.a.RequestMappingHandlerMapping : Mapped "{[/error],methods=[],params=[],headers=[],consumes=[],produces=[],custom=[]}" onto public org.springframework.http.ResponseEntity<java.util.Map<java.lang.String, java.lang.Object>> org.springframework.boot.autoconfigure.web.BasicErrorController.error(javax.servlet.http.HttpServletRequest)
2016-06-08 19:42:43.458  INFO 14160 --- [           main] s.w.s.m.m.a.RequestMappingHandlerMapping : Mapped "{[/error],methods=[],params=[],headers=[],consumes=[],produces=[text/html],custom=[]}" onto public org.springframework.web.servlet.ModelAndView org.springframework.boot.autoconfigure.web.BasicErrorController.errorHtml(javax.servlet.http.HttpServletRequest)
2016-06-08 19:42:43.495  INFO 14160 --- [           main] o.s.w.s.handler.SimpleUrlHandlerMapping  : Mapped URL path [/webjars/**] onto handler of type [class org.springframework.web.servlet.resource.ResourceHttpRequestHandler]
2016-06-08 19:42:43.495  INFO 14160 --- [           main] o.s.w.s.handler.SimpleUrlHandlerMapping  : Mapped URL path [/**] onto handler of type [class org.springframework.web.servlet.resource.ResourceHttpRequestHandler]
2016-06-08 19:42:43.547  INFO 14160 --- [           main] o.s.w.s.handler.SimpleUrlHandlerMapping  : Mapped URL path [/**/favicon.ico] onto handler of type [class org.springframework.web.servlet.resource.ResourceHttpRequestHandler]
2016-06-08 19:42:44.212  INFO 14160 --- [           main] o.s.b.a.e.mvc.EndpointHandlerMapping     : Mapped "{[/info],methods=[GET],params=[],headers=[],consumes=[],produces=[],custom=[]}" onto public java.lang.Object org.springframework.boot.actuate.endpoint.mvc.EndpointMvcAdapter.invoke()
2016-06-08 19:42:44.212  INFO 14160 --- [           main] o.s.b.a.e.mvc.EndpointHandlerMapping     : Mapped "{[/beans],methods=[GET],params=[],headers=[],consumes=[],produces=[],custom=[]}" onto public java.lang.Object org.springframework.boot.actuate.endpoint.mvc.EndpointMvcAdapter.invoke()
2016-06-08 19:42:44.213  INFO 14160 --- [           main] o.s.b.a.e.mvc.EndpointHandlerMapping     : Mapped "{[/configprops],methods=[GET],params=[],headers=[],consumes=[],produces=[],custom=[]}" onto public java.lang.Object org.springframework.boot.actuate.endpoint.mvc.EndpointMvcAdapter.invoke()
2016-06-08 19:42:44.214  INFO 14160 --- [           main] o.s.b.a.e.mvc.EndpointHandlerMapping     : Mapped "{[/pause],methods=[POST],params=[],headers=[],consumes=[],produces=[],custom=[]}" onto public java.lang.Object org.springframework.cloud.endpoint.GenericPostableMvcEndpoint.invoke()
2016-06-08 19:42:44.214  INFO 14160 --- [           main] o.s.b.a.e.mvc.EndpointHandlerMapping     : Mapped "{[/trace],methods=[GET],params=[],headers=[],consumes=[],produces=[],custom=[]}" onto public java.lang.Object org.springframework.boot.actuate.endpoint.mvc.EndpointMvcAdapter.invoke()
2016-06-08 19:42:44.215  INFO 14160 --- [           main] o.s.b.a.e.mvc.EndpointHandlerMapping     : Mapped "{[/shutdown],methods=[POST],params=[],headers=[],consumes=[],produces=[],custom=[]}" onto public java.lang.Object org.springframework.boot.actuate.endpoint.mvc.ShutdownMvcEndpoint.invoke()
2016-06-08 19:42:44.215  INFO 14160 --- [           main] o.s.b.a.e.mvc.EndpointHandlerMapping     : Mapped "{[/dump],methods=[GET],params=[],headers=[],consumes=[],produces=[],custom=[]}" onto public java.lang.Object org.springframework.boot.actuate.endpoint.mvc.EndpointMvcAdapter.invoke()
2016-06-08 19:42:44.215  INFO 14160 --- [           main] o.s.b.a.e.mvc.EndpointHandlerMapping     : Mapped "{[/autoconfig],methods=[GET],params=[],headers=[],consumes=[],produces=[],custom=[]}" onto public java.lang.Object org.springframework.boot.actuate.endpoint.mvc.EndpointMvcAdapter.invoke()
2016-06-08 19:42:44.216  INFO 14160 --- [           main] o.s.b.a.e.mvc.EndpointHandlerMapping     : Mapped "{[/refresh],methods=[POST],params=[],headers=[],consumes=[],produces=[],custom=[]}" onto public java.lang.Object org.springframework.cloud.endpoint.GenericPostableMvcEndpoint.invoke()
2016-06-08 19:42:44.216  INFO 14160 --- [           main] o.s.b.a.e.mvc.EndpointHandlerMapping     : Mapped "{[/resume],methods=[POST],params=[],headers=[],consumes=[],produces=[],custom=[]}" onto public java.lang.Object org.springframework.cloud.endpoint.GenericPostableMvcEndpoint.invoke()
2016-06-08 19:42:44.216  INFO 14160 --- [           main] o.s.b.a.e.mvc.EndpointHandlerMapping     : Mapped "{[/env/{name:.*}],methods=[GET],params=[],headers=[],consumes=[],produces=[],custom=[]}" onto public java.lang.Object org.springframework.boot.actuate.endpoint.mvc.EnvironmentMvcEndpoint.value(java.lang.String)
2016-06-08 19:42:44.217  INFO 14160 --- [           main] o.s.b.a.e.mvc.EndpointHandlerMapping     : Mapped "{[/env],methods=[GET],params=[],headers=[],consumes=[],produces=[],custom=[]}" onto public java.lang.Object org.springframework.boot.actuate.endpoint.mvc.EndpointMvcAdapter.invoke()
2016-06-08 19:42:44.217  INFO 14160 --- [           main] o.s.b.a.e.mvc.EndpointHandlerMapping     : Mapped "{[/health],methods=[],params=[],headers=[],consumes=[],produces=[],custom=[]}" onto public java.lang.Object org.springframework.boot.actuate.endpoint.mvc.HealthMvcEndpoint.invoke(java.security.Principal)
2016-06-08 19:42:44.218  INFO 14160 --- [           main] o.s.b.a.e.mvc.EndpointHandlerMapping     : Mapped "{[/env],methods=[POST],params=[],headers=[],consumes=[],produces=[],custom=[]}" onto public java.lang.Object org.springframework.cloud.context.environment.EnvironmentManagerMvcEndpoint.value(java.util.Map<java.lang.String, java.lang.String>)
2016-06-08 19:42:44.218  INFO 14160 --- [           main] o.s.b.a.e.mvc.EndpointHandlerMapping     : Mapped "{[/env/reset],methods=[POST],params=[],headers=[],consumes=[],produces=[],custom=[]}" onto public java.util.Map<java.lang.String, java.lang.Object> org.springframework.cloud.context.environment.EnvironmentManagerMvcEndpoint.reset()
2016-06-08 19:42:44.218  INFO 14160 --- [           main] o.s.b.a.e.mvc.EndpointHandlerMapping     : Mapped "{[/restart],methods=[POST],params=[],headers=[],consumes=[],produces=[],custom=[]}" onto public java.lang.Object org.springframework.cloud.context.restart.RestartMvcEndpoint.invoke()
2016-06-08 19:42:44.219  INFO 14160 --- [           main] o.s.b.a.e.mvc.EndpointHandlerMapping     : Mapped "{[/archaius],methods=[GET],params=[],headers=[],consumes=[],produces=[],custom=[]}" onto public java.lang.Object org.springframework.boot.actuate.endpoint.mvc.EndpointMvcAdapter.invoke()
2016-06-08 19:42:44.219  INFO 14160 --- [           main] o.s.b.a.e.mvc.EndpointHandlerMapping     : Mapped "{[/metrics/{name:.*}],methods=[GET],params=[],headers=[],consumes=[],produces=[],custom=[]}" onto public java.lang.Object org.springframework.boot.actuate.endpoint.mvc.MetricsMvcEndpoint.value(java.lang.String)
2016-06-08 19:42:44.219  INFO 14160 --- [           main] o.s.b.a.e.mvc.EndpointHandlerMapping     : Mapped "{[/metrics],methods=[GET],params=[],headers=[],consumes=[],produces=[],custom=[]}" onto public java.lang.Object org.springframework.boot.actuate.endpoint.mvc.EndpointMvcAdapter.invoke()
2016-06-08 19:42:44.220  INFO 14160 --- [           main] o.s.b.a.e.mvc.EndpointHandlerMapping     : Mapped "{[/mappings],methods=[GET],params=[],headers=[],consumes=[],produces=[],custom=[]}" onto public java.lang.Object org.springframework.boot.actuate.endpoint.mvc.EndpointMvcAdapter.invoke()
2016-06-08 19:42:44.392  WARN 14160 --- [           main] c.n.c.sources.URLConfigurationSource     : No URLs will be polled as dynamic configuration sources.
2016-06-08 19:42:44.393  INFO 14160 --- [           main] c.n.c.sources.URLConfigurationSource     : To enable URLs as dynamic configuration sources, define System property archaius.configurationSource.additionalUrls or make config.properties available on classpath.
2016-06-08 19:42:44.412  INFO 14160 --- [           main] o.s.j.e.a.AnnotationMBeanExporter        : Registering beans for JMX exposure on startup
2016-06-08 19:42:44.422  INFO 14160 --- [           main] o.s.j.e.a.AnnotationMBeanExporter        : Bean with name 'configurationPropertiesRebinder' has been autodetected for JMX exposure
2016-06-08 19:42:44.422  INFO 14160 --- [           main] o.s.j.e.a.AnnotationMBeanExporter        : Bean with name 'refreshEndpoint' has been autodetected for JMX exposure
2016-06-08 19:42:44.423  INFO 14160 --- [           main] o.s.j.e.a.AnnotationMBeanExporter        : Bean with name 'restartEndpoint' has been autodetected for JMX exposure
2016-06-08 19:42:44.424  INFO 14160 --- [           main] o.s.j.e.a.AnnotationMBeanExporter        : Bean with name 'refreshScope' has been autodetected for JMX exposure
2016-06-08 19:42:44.424  INFO 14160 --- [           main] o.s.j.e.a.AnnotationMBeanExporter        : Bean with name 'environmentManager' has been autodetected for JMX exposure
2016-06-08 19:42:44.427  INFO 14160 --- [           main] o.s.j.e.a.AnnotationMBeanExporter        : Located managed bean 'environmentManager': registering with JMX server as MBean [org.springframework.cloud.context.environment:name=environmentManager,type=EnvironmentManager]
2016-06-08 19:42:44.442  INFO 14160 --- [           main] o.s.j.e.a.AnnotationMBeanExporter        : Located managed bean 'restartEndpoint': registering with JMX server as MBean [org.springframework.cloud.context.restart:name=restartEndpoint,type=RestartEndpoint]
2016-06-08 19:42:44.454  INFO 14160 --- [           main] o.s.j.e.a.AnnotationMBeanExporter        : Located managed bean 'refreshScope': registering with JMX server as MBean [org.springframework.cloud.context.scope.refresh:name=refreshScope,type=RefreshScope]
2016-06-08 19:42:44.464  INFO 14160 --- [           main] o.s.j.e.a.AnnotationMBeanExporter        : Located managed bean 'configurationPropertiesRebinder': registering with JMX server as MBean [org.springframework.cloud.context.properties:name=configurationPropertiesRebinder,type=ConfigurationPropertiesRebinder]
2016-06-08 19:42:44.476  INFO 14160 --- [           main] o.s.j.e.a.AnnotationMBeanExporter        : Located managed bean 'refreshEndpoint': registering with JMX server as MBean [org.springframework.cloud.config.client:name=refreshEndpoint,type=RefreshEndpoint]
2016-06-08 19:42:44.483  INFO 14160 --- [           main] o.s.c.support.DefaultLifecycleProcessor  : Starting beans in phase 0
2016-06-08 19:42:44.611  INFO 14160 --- [           main] b.c.e.u.UndertowEmbeddedServletContainer : Undertow started on port(s) 45307 (http)
2016-06-08 19:42:44.617  INFO 14160 --- [           main] .p.EurekaConfigBasedInstanceInfoProvider : Setting initial instance status as: STARTING
2016-06-08 19:42:45.350  INFO 14160 --- [           main] com.netflix.discovery.DiscoveryClient    : Disable delta property : false
2016-06-08 19:42:45.350  INFO 14160 --- [           main] com.netflix.discovery.DiscoveryClient    : Single vip registry refresh property : null
2016-06-08 19:42:45.350  INFO 14160 --- [           main] com.netflix.discovery.DiscoveryClient    : Force full registry fetch : false
2016-06-08 19:42:45.350  INFO 14160 --- [           main] com.netflix.discovery.DiscoveryClient    : Application is null : false
2016-06-08 19:42:45.350  INFO 14160 --- [           main] com.netflix.discovery.DiscoveryClient    : Registered Applications size is zero : true
2016-06-08 19:42:45.350  INFO 14160 --- [           main] com.netflix.discovery.DiscoveryClient    : Application version is -1: true
2016-06-08 19:42:45.585  INFO 14160 --- [           main] com.netflix.discovery.DiscoveryClient    : Getting all instance registry info from the eureka server
2016-06-08 19:42:45.674  INFO 14160 --- [           main] com.netflix.discovery.DiscoveryClient    : The response status is 200
2016-06-08 19:42:45.677  INFO 14160 --- [           main] com.netflix.discovery.DiscoveryClient    : Starting heartbeat executor: renew interval is: 10
2016-06-08 19:42:45.692  INFO 14160 --- [           main] c.n.e.EurekaDiscoveryClientConfiguration : Registering application recommendation with eureka with status UP
2016-06-08 19:42:45.695  INFO 14160 --- [           main] c.m.c.r.RecommendationServiceApplication : Started RecommendationServiceApplication in 8.537 seconds (JVM running for 9.107)
2016-06-08 19:42:55.763  INFO 14160 --- [pool-4-thread-1] com.netflix.discovery.DiscoveryClient    : DiscoveryClient_RECOMMENDATION/HZ0317L:recommendation:7c5efb9667a9ce51924c87a2e6c9b99c - Re-registering apps/RECOMMENDATION
2016-06-08 19:42:55.763  INFO 14160 --- [pool-4-thread-1] com.netflix.discovery.DiscoveryClient    : DiscoveryClient_RECOMMENDATION/HZ0317L:recommendation:7c5efb9667a9ce51924c87a2e6c9b99c: registering service...
2016-06-08 19:42:55.793  INFO 14160 --- [pool-4-thread-1] com.netflix.discovery.DiscoveryClient    : DiscoveryClient_RECOMMENDATION/HZ0317L:recommendation:7c5efb9667a9ce51924c87a2e6c9b99c - registration status: 204
2016-06-08 19:43:25.685  INFO 14160 --- [scoveryClient-3] com.netflix.discovery.DiscoveryClient    : DiscoveryClient_RECOMMENDATION/HZ0317L:recommendation:7c5efb9667a9ce51924c87a2e6c9b99c - retransmit instance info with status UP
2016-06-08 19:43:25.687  INFO 14160 --- [scoveryClient-3] com.netflix.discovery.DiscoveryClient    : DiscoveryClient_RECOMMENDATION/HZ0317L:recommendation:7c5efb9667a9ce51924c87a2e6c9b99c: registering service...
2016-06-08 19:43:25.710  INFO 14160 --- [scoveryClient-3] com.netflix.discovery.DiscoveryClient    : DiscoveryClient_RECOMMENDATION/HZ0317L:recommendation:7c5efb9667a9ce51924c87a2e6c9b99c - registration status: 204
2016-06-08 19:43:25.810  INFO 14160 --- [pool-4-thread-1] com.netflix.discovery.DiscoveryClient    : DiscoveryClient_RECOMMENDATION/HZ0317L:recommendation:7c5efb9667a9ce51924c87a2e6c9b99c - Re-registering apps/RECOMMENDATION
2016-06-08 19:43:25.810  INFO 14160 --- [pool-4-thread-1] com.netflix.discovery.DiscoveryClient    : DiscoveryClient_RECOMMENDATION/HZ0317L:recommendation:7c5efb9667a9ce51924c87a2e6c9b99c: registering service...
2016-06-08 19:43:25.821  INFO 14160 --- [pool-4-thread-1] com.netflix.discovery.DiscoveryClient    : DiscoveryClient_RECOMMENDATION/HZ0317L:recommendation:7c5efb9667a9ce51924c87a2e6c9b99c - registration status: 204
2016-06-08 19:51:08.810  INFO 14160 --- [  XNIO-2 task-1] io.undertow.servlet                      : Initializing Spring FrameworkServlet 'dispatcherServlet'
2016-06-08 19:51:08.810  INFO 14160 --- [  XNIO-2 task-1] o.s.web.servlet.DispatcherServlet        : FrameworkServlet 'dispatcherServlet': initialization started
2016-06-08 19:51:08.841  INFO 14160 --- [  XNIO-2 task-1] o.s.web.servlet.DispatcherServlet        : FrameworkServlet 'dispatcherServlet': initialization completed in 31 ms
2016-06-08 19:51:08.922  INFO 14160 --- [  XNIO-2 task-1] s.c.m.c.r.service.RecommendationService  : /recommendation called, processing time: 136
2016-06-08 19:51:09.058  INFO 14160 --- [  XNIO-2 task-1] s.c.m.c.r.service.RecommendationService  : /recommendation response size: 3
2016-06-08 19:51:25.436  INFO 14160 --- [  XNIO-2 task-2] s.c.m.c.r.service.RecommendationService  : /recommendation called, processing time: 158
2016-06-08 19:51:25.594  INFO 14160 --- [  XNIO-2 task-2] s.c.m.c.r.service.RecommendationService  : /recommendation response size: 3
