:compileJava UP-TO-DATE
:processResources UP-TO-DATE
:classes UP-TO-DATE
:findMainClass
:bootRun
true
2016-06-08 19:25:43.564  INFO 11920 --- [           main] s.c.m.s.discovery.EurekaApplication      : Starting EurekaApplication on HZ0317L with PID 11920 (D:\Document\Engineering\eclipse\blog-microservices\microservices\support\discovery-server\build\classes\main started by cm in D:\Document\Engineering\eclipse\blog-microservices\microservices\support\discovery-server)
2016-06-08 19:25:43.673  INFO 11920 --- [           main] s.c.a.AnnotationConfigApplicationContext : Refreshing org.springframework.context.annotation.AnnotationConfigApplicationContext@69b2283a: startup date [Wed Jun 08 19:25:43 CST 2016]; root of context hierarchy
2016-06-08 19:25:43.858  INFO 11920 --- [           main] f.a.AutowiredAnnotationBeanPostProcessor : JSR-330 'javax.inject.Inject' annotation found and supported for autowiring
2016-06-08 19:25:44.172  INFO 11920 --- [           main] s.c.m.s.discovery.EurekaApplication      : Started EurekaApplication in 0.941 seconds (JVM running for 1.665)

  .   ____          _            __ _ _
 /\\ / ___'_ __ _ _(_)_ __  __ _ \ \ \ \
( ( )\___ | '_ | '_| | '_ \/ _` | \ \ \ \
 \\/  ___)| |_)| | | | | || (_| |  ) ) ) )
  '  |____| .__|_| |_|_| |_\__, | / / / /
 =========|_|==============|___/=/_/_/_/
 :: Spring Boot ::        (v1.2.2.RELEASE)

2016-06-08 19:25:45.565 ERROR 11920 --- [           main] c.c.c.ConfigServicePropertySourceLocator : Could not locate PropertySource: I/O error on GET request for "http://localhost:8888/eureka/default/master":Connection refused: connect; nested exception is java.net.ConnectException: Connection refused: connect
2016-06-08 19:25:45.587  INFO 11920 --- [           main] ationConfigEmbeddedWebApplicationContext : Refreshing org.springframework.boot.context.embedded.AnnotationConfigEmbeddedWebApplicationContext@2e48362c: startup date [Wed Jun 08 19:25:45 CST 2016]; parent: org.springframework.context.annotation.AnnotationConfigApplicationContext@69b2283a
2016-06-08 19:25:46.687  INFO 11920 --- [           main] o.s.b.f.s.DefaultListableBeanFactory     : Overriding bean definition for bean 'beanNameViewResolver': replacing [Root bean: class [null]; scope=; abstract=false; lazyInit=false; autowireMode=3; dependencyCheck=0; autowireCandidate=true; primary=false; factoryBeanName=org.springframework.boot.autoconfigure.web.ErrorMvcAutoConfiguration$WhitelabelErrorViewConfiguration; factoryMethodName=beanNameViewResolver; initMethodName=null; destroyMethodName=(inferred); defined in class path resource [org/springframework/boot/autoconfigure/web/ErrorMvcAutoConfiguration$WhitelabelErrorViewConfiguration.class]] with [Root bean: class [null]; scope=; abstract=false; lazyInit=false; autowireMode=3; dependencyCheck=0; autowireCandidate=true; primary=false; factoryBeanName=org.springframework.boot.autoconfigure.web.WebMvcAutoConfiguration$WebMvcAutoConfigurationAdapter; factoryMethodName=beanNameViewResolver; initMethodName=null; destroyMethodName=(inferred); defined in class path resource [org/springframework/boot/autoconfigure/web/WebMvcAutoConfiguration$WebMvcAutoConfigurationAdapter.class]]
2016-06-08 19:25:46.805  INFO 11920 --- [           main] o.s.b.f.s.DefaultListableBeanFactory     : Overriding bean definition for bean 'infoEndpoint': replacing [Root bean: class [null]; scope=; abstract=false; lazyInit=false; autowireMode=3; dependencyCheck=0; autowireCandidate=true; primary=false; factoryBeanName=org.springframework.boot.actuate.autoconfigure.EndpointAutoConfiguration; factoryMethodName=infoEndpoint; initMethodName=null; destroyMethodName=(inferred); defined in class path resource [org/springframework/boot/actuate/autoconfigure/EndpointAutoConfiguration.class]] with [Root bean: class [null]; scope=; abstract=false; lazyInit=false; autowireMode=3; dependencyCheck=0; autowireCandidate=true; primary=false; factoryBeanName=org.springframework.cloud.autoconfigure.RefreshAutoConfiguration$InfoEndpointRebinderConfiguration; factoryMethodName=infoEndpoint; initMethodName=null; destroyMethodName=(inferred); defined in class path resource [org/springframework/cloud/autoconfigure/RefreshAutoConfiguration$InfoEndpointRebinderConfiguration.class]]
2016-06-08 19:25:46.841  INFO 11920 --- [           main] o.s.b.f.s.DefaultListableBeanFactory     : Overriding bean definition for bean 'default.null.RibbonClientSpecification': replacing [Generic bean: class [org.springframework.cloud.netflix.ribbon.RibbonClientSpecification]; scope=; abstract=false; lazyInit=false; autowireMode=0; dependencyCheck=0; autowireCandidate=true; primary=false; factoryBeanName=null; factoryMethodName=null; initMethodName=null; destroyMethodName=null] with [Generic bean: class [org.springframework.cloud.netflix.ribbon.RibbonClientSpecification]; scope=; abstract=false; lazyInit=false; autowireMode=0; dependencyCheck=0; autowireCandidate=true; primary=false; factoryBeanName=null; factoryMethodName=null; initMethodName=null; destroyMethodName=null]
2016-06-08 19:25:47.108  INFO 11920 --- [           main] o.s.cloud.context.scope.GenericScope     : BeanFactory id=bd9673f2-7e5b-354d-8bc8-00a700b8c228
2016-06-08 19:25:47.116  INFO 11920 --- [           main] f.a.AutowiredAnnotationBeanPostProcessor : JSR-330 'javax.inject.Inject' annotation found and supported for autowiring
2016-06-08 19:25:47.157  INFO 11920 --- [           main] trationDelegate$BeanPostProcessorChecker : Bean 'org.springframework.cloud.autoconfigure.RefreshAutoConfiguration$ConfigurationPropertiesRebinderConfiguration' of type [class org.springframework.cloud.autoconfigure.RefreshAutoConfiguration$ConfigurationPropertiesRebinderConfiguration$$EnhancerBySpringCGLIB$$2b847058] is not eligible for getting processed by all BeanPostProcessors (for example: not eligible for auto-proxying)
2016-06-08 19:25:47.398  WARN 11920 --- [           main] io.undertow.websockets.jsr               : UT026009: XNIO worker was not set on WebSocketDeploymentInfo, the default worker will be used
2016-06-08 19:25:47.417  INFO 11920 --- [           main] org.xnio                                 : XNIO version 3.3.0.Final
2016-06-08 19:25:47.493  INFO 11920 --- [           main] org.xnio.nio                             : XNIO NIO Implementation Version 3.3.0.Final
2016-06-08 19:25:47.611  WARN 11920 --- [           main] io.undertow.websockets.jsr               : UT026010: Buffer pool was not set on WebSocketDeploymentInfo, the default pool will be used
2016-06-08 19:25:47.630  INFO 11920 --- [           main] io.undertow.servlet                      : Initializing Spring embedded WebApplicationContext
2016-06-08 19:25:47.632  INFO 11920 --- [           main] o.s.web.context.ContextLoader            : Root WebApplicationContext: initialization completed in 2045 ms
2016-06-08 19:25:48.173  INFO 11920 --- [           main] o.s.b.c.embedded.FilterRegistrationBean  : Mapping filter: 'metricFilter' to: [/*]
2016-06-08 19:25:48.176  INFO 11920 --- [           main] o.s.b.c.embedded.FilterRegistrationBean  : Mapping filter: 'characterEncodingFilter' to: [/*]
2016-06-08 19:25:48.177  INFO 11920 --- [           main] o.s.b.c.embedded.FilterRegistrationBean  : Mapping filter: 'webRequestTraceFilter' to: [/*]
2016-06-08 19:25:48.177  INFO 11920 --- [           main] o.s.b.c.embedded.FilterRegistrationBean  : Mapping filter: 'servletContainer' to urls: [/eureka/*]
2016-06-08 19:25:48.178  INFO 11920 --- [           main] o.s.b.c.embedded.FilterRegistrationBean  : Mapping filter: 'hiddenHttpMethodFilter' to: [/*]
2016-06-08 19:25:48.178  INFO 11920 --- [           main] o.s.b.c.embedded.FilterRegistrationBean  : Mapping filter: 'applicationContextIdFilter' to: [/*]
2016-06-08 19:25:48.178  INFO 11920 --- [           main] o.s.b.c.e.ServletRegistrationBean        : Mapping servlet: 'dispatcherServlet' to [/]
2016-06-08 19:25:48.384  WARN 11920 --- [           main] c.n.c.sources.URLConfigurationSource     : No URLs will be polled as dynamic configuration sources.
2016-06-08 19:25:48.385  INFO 11920 --- [           main] c.n.c.sources.URLConfigurationSource     : To enable URLs as dynamic configuration sources, define System property archaius.configurationSource.additionalUrls or make config.properties available on classpath.
2016-06-08 19:25:48.395  INFO 11920 --- [           main] c.netflix.config.DynamicPropertyFactory  : DynamicPropertyFactory is initialized with configuration sources: com.netflix.config.ConcurrentCompositeConfiguration@205bed61
2016-06-08 19:25:48.985  INFO 11920 --- [           main] s.w.s.m.m.a.RequestMappingHandlerAdapter : Looking for @ControllerAdvice: org.springframework.boot.context.embedded.AnnotationConfigEmbeddedWebApplicationContext@2e48362c: startup date [Wed Jun 08 19:25:45 CST 2016]; parent: org.springframework.context.annotation.AnnotationConfigApplicationContext@69b2283a
2016-06-08 19:25:49.077  INFO 11920 --- [           main] s.w.s.m.m.a.RequestMappingHandlerMapping : Mapped "{[/],methods=[GET],params=[],headers=[],consumes=[],produces=[],custom=[]}" onto public java.lang.String org.springframework.cloud.netflix.eureka.server.EurekaController.status(javax.servlet.http.HttpServletRequest,java.util.Map<java.lang.String, java.lang.Object>)
2016-06-08 19:25:49.078  INFO 11920 --- [           main] s.w.s.m.m.a.RequestMappingHandlerMapping : Mapped "{[//lastn],methods=[GET],params=[],headers=[],consumes=[],produces=[],custom=[]}" onto public java.lang.String org.springframework.cloud.netflix.eureka.server.EurekaController.lastn(javax.servlet.http.HttpServletRequest,java.util.Map<java.lang.String, java.lang.Object>)
2016-06-08 19:25:49.080  INFO 11920 --- [           main] s.w.s.m.m.a.RequestMappingHandlerMapping : Mapped "{[/error],methods=[],params=[],headers=[],consumes=[],produces=[],custom=[]}" onto public org.springframework.http.ResponseEntity<java.util.Map<java.lang.String, java.lang.Object>> org.springframework.boot.autoconfigure.web.BasicErrorController.error(javax.servlet.http.HttpServletRequest)
2016-06-08 19:25:49.080  INFO 11920 --- [           main] s.w.s.m.m.a.RequestMappingHandlerMapping : Mapped "{[/error],methods=[],params=[],headers=[],consumes=[],produces=[text/html],custom=[]}" onto public org.springframework.web.servlet.ModelAndView org.springframework.boot.autoconfigure.web.BasicErrorController.errorHtml(javax.servlet.http.HttpServletRequest)
2016-06-08 19:25:49.115  INFO 11920 --- [           main] o.s.w.s.handler.SimpleUrlHandlerMapping  : Mapped URL path [/webjars/**] onto handler of type [class org.springframework.web.servlet.resource.ResourceHttpRequestHandler]
2016-06-08 19:25:49.115  INFO 11920 --- [           main] o.s.w.s.handler.SimpleUrlHandlerMapping  : Mapped URL path [/**] onto handler of type [class org.springframework.web.servlet.resource.ResourceHttpRequestHandler]
2016-06-08 19:25:49.161  INFO 11920 --- [           main] o.s.w.s.handler.SimpleUrlHandlerMapping  : Mapped URL path [/**/favicon.ico] onto handler of type [class org.springframework.web.servlet.resource.ResourceHttpRequestHandler]
2016-06-08 19:25:49.803  INFO 11920 --- [           main] o.s.b.a.e.mvc.EndpointHandlerMapping     : Mapped "{[/shutdown],methods=[POST],params=[],headers=[],consumes=[],produces=[],custom=[]}" onto public java.lang.Object org.springframework.boot.actuate.endpoint.mvc.ShutdownMvcEndpoint.invoke()
2016-06-08 19:25:49.804  INFO 11920 --- [           main] o.s.b.a.e.mvc.EndpointHandlerMapping     : Mapped "{[/restart],methods=[POST],params=[],headers=[],consumes=[],produces=[],custom=[]}" onto public java.lang.Object org.springframework.cloud.context.restart.RestartMvcEndpoint.invoke()
2016-06-08 19:25:49.805  INFO 11920 --- [           main] o.s.b.a.e.mvc.EndpointHandlerMapping     : Mapped "{[/health],methods=[],params=[],headers=[],consumes=[],produces=[],custom=[]}" onto public java.lang.Object org.springframework.boot.actuate.endpoint.mvc.HealthMvcEndpoint.invoke(java.security.Principal)
2016-06-08 19:25:49.805  INFO 11920 --- [           main] o.s.b.a.e.mvc.EndpointHandlerMapping     : Mapped "{[/dump],methods=[GET],params=[],headers=[],consumes=[],produces=[],custom=[]}" onto public java.lang.Object org.springframework.boot.actuate.endpoint.mvc.EndpointMvcAdapter.invoke()
2016-06-08 19:25:49.806  INFO 11920 --- [           main] o.s.b.a.e.mvc.EndpointHandlerMapping     : Mapped "{[/configprops],methods=[GET],params=[],headers=[],consumes=[],produces=[],custom=[]}" onto public java.lang.Object org.springframework.boot.actuate.endpoint.mvc.EndpointMvcAdapter.invoke()
2016-06-08 19:25:49.807  INFO 11920 --- [           main] o.s.b.a.e.mvc.EndpointHandlerMapping     : Mapped "{[/autoconfig],methods=[GET],params=[],headers=[],consumes=[],produces=[],custom=[]}" onto public java.lang.Object org.springframework.boot.actuate.endpoint.mvc.EndpointMvcAdapter.invoke()
2016-06-08 19:25:49.807  INFO 11920 --- [           main] o.s.b.a.e.mvc.EndpointHandlerMapping     : Mapped "{[/env],methods=[POST],params=[],headers=[],consumes=[],produces=[],custom=[]}" onto public java.lang.Object org.springframework.cloud.context.environment.EnvironmentManagerMvcEndpoint.value(java.util.Map<java.lang.String, java.lang.String>)
2016-06-08 19:25:49.808  INFO 11920 --- [           main] o.s.b.a.e.mvc.EndpointHandlerMapping     : Mapped "{[/env/reset],methods=[POST],params=[],headers=[],consumes=[],produces=[],custom=[]}" onto public java.util.Map<java.lang.String, java.lang.Object> org.springframework.cloud.context.environment.EnvironmentManagerMvcEndpoint.reset()
2016-06-08 19:25:49.808  INFO 11920 --- [           main] o.s.b.a.e.mvc.EndpointHandlerMapping     : Mapped "{[/mappings],methods=[GET],params=[],headers=[],consumes=[],produces=[],custom=[]}" onto public java.lang.Object org.springframework.boot.actuate.endpoint.mvc.EndpointMvcAdapter.invoke()
2016-06-08 19:25:49.808  INFO 11920 --- [           main] o.s.b.a.e.mvc.EndpointHandlerMapping     : Mapped "{[/pause],methods=[POST],params=[],headers=[],consumes=[],produces=[],custom=[]}" onto public java.lang.Object org.springframework.cloud.endpoint.GenericPostableMvcEndpoint.invoke()
2016-06-08 19:25:49.809  INFO 11920 --- [           main] o.s.b.a.e.mvc.EndpointHandlerMapping     : Mapped "{[/env/{name:.*}],methods=[GET],params=[],headers=[],consumes=[],produces=[],custom=[]}" onto public java.lang.Object org.springframework.boot.actuate.endpoint.mvc.EnvironmentMvcEndpoint.value(java.lang.String)
2016-06-08 19:25:49.809  INFO 11920 --- [           main] o.s.b.a.e.mvc.EndpointHandlerMapping     : Mapped "{[/env],methods=[GET],params=[],headers=[],consumes=[],produces=[],custom=[]}" onto public java.lang.Object org.springframework.boot.actuate.endpoint.mvc.EndpointMvcAdapter.invoke()
2016-06-08 19:25:49.810  INFO 11920 --- [           main] o.s.b.a.e.mvc.EndpointHandlerMapping     : Mapped "{[/info],methods=[GET],params=[],headers=[],consumes=[],produces=[],custom=[]}" onto public java.lang.Object org.springframework.boot.actuate.endpoint.mvc.EndpointMvcAdapter.invoke()
2016-06-08 19:25:49.810  INFO 11920 --- [           main] o.s.b.a.e.mvc.EndpointHandlerMapping     : Mapped "{[/metrics/{name:.*}],methods=[GET],params=[],headers=[],consumes=[],produces=[],custom=[]}" onto public java.lang.Object org.springframework.boot.actuate.endpoint.mvc.MetricsMvcEndpoint.value(java.lang.String)
2016-06-08 19:25:49.810  INFO 11920 --- [           main] o.s.b.a.e.mvc.EndpointHandlerMapping     : Mapped "{[/metrics],methods=[GET],params=[],headers=[],consumes=[],produces=[],custom=[]}" onto public java.lang.Object org.springframework.boot.actuate.endpoint.mvc.EndpointMvcAdapter.invoke()
2016-06-08 19:25:49.810  INFO 11920 --- [           main] o.s.b.a.e.mvc.EndpointHandlerMapping     : Mapped "{[/refresh],methods=[POST],params=[],headers=[],consumes=[],produces=[],custom=[]}" onto public java.lang.Object org.springframework.cloud.endpoint.GenericPostableMvcEndpoint.invoke()
2016-06-08 19:25:49.812  INFO 11920 --- [           main] o.s.b.a.e.mvc.EndpointHandlerMapping     : Mapped "{[/archaius],methods=[GET],params=[],headers=[],consumes=[],produces=[],custom=[]}" onto public java.lang.Object org.springframework.boot.actuate.endpoint.mvc.EndpointMvcAdapter.invoke()
2016-06-08 19:25:49.812  INFO 11920 --- [           main] o.s.b.a.e.mvc.EndpointHandlerMapping     : Mapped "{[/resume],methods=[POST],params=[],headers=[],consumes=[],produces=[],custom=[]}" onto public java.lang.Object org.springframework.cloud.endpoint.GenericPostableMvcEndpoint.invoke()
2016-06-08 19:25:49.812  INFO 11920 --- [           main] o.s.b.a.e.mvc.EndpointHandlerMapping     : Mapped "{[/trace],methods=[GET],params=[],headers=[],consumes=[],produces=[],custom=[]}" onto public java.lang.Object org.springframework.boot.actuate.endpoint.mvc.EndpointMvcAdapter.invoke()
2016-06-08 19:25:49.814  INFO 11920 --- [           main] o.s.b.a.e.mvc.EndpointHandlerMapping     : Mapped "{[/beans],methods=[GET],params=[],headers=[],consumes=[],produces=[],custom=[]}" onto public java.lang.Object org.springframework.boot.actuate.endpoint.mvc.EndpointMvcAdapter.invoke()
2016-06-08 19:25:49.941  INFO 11920 --- [           main] o.s.ui.freemarker.SpringTemplateLoader   : SpringTemplateLoader for FreeMarker: using resource loader [org.springframework.boot.context.embedded.AnnotationConfigEmbeddedWebApplicationContext@2e48362c: startup date [Wed Jun 08 19:25:45 CST 2016]; parent: org.springframework.context.annotation.AnnotationConfigApplicationContext@69b2283a] and template loader path [classpath:/templates/]
2016-06-08 19:25:49.942  INFO 11920 --- [           main] o.s.w.s.v.f.FreeMarkerConfigurer         : ClassTemplateLoader for Spring macros added to FreeMarker configuration
2016-06-08 19:25:50.063  WARN 11920 --- [           main] c.n.c.sources.URLConfigurationSource     : No URLs will be polled as dynamic configuration sources.
2016-06-08 19:25:50.063  INFO 11920 --- [           main] c.n.c.sources.URLConfigurationSource     : To enable URLs as dynamic configuration sources, define System property archaius.configurationSource.additionalUrls or make config.properties available on classpath.
2016-06-08 19:25:50.082  INFO 11920 --- [           main] o.s.j.e.a.AnnotationMBeanExporter        : Registering beans for JMX exposure on startup
2016-06-08 19:25:50.091  INFO 11920 --- [           main] o.s.j.e.a.AnnotationMBeanExporter        : Bean with name 'configurationPropertiesRebinder' has been autodetected for JMX exposure
2016-06-08 19:25:50.092  INFO 11920 --- [           main] o.s.j.e.a.AnnotationMBeanExporter        : Bean with name 'refreshEndpoint' has been autodetected for JMX exposure
2016-06-08 19:25:50.093  INFO 11920 --- [           main] o.s.j.e.a.AnnotationMBeanExporter        : Bean with name 'restartEndpoint' has been autodetected for JMX exposure
2016-06-08 19:25:50.093  INFO 11920 --- [           main] o.s.j.e.a.AnnotationMBeanExporter        : Bean with name 'refreshScope' has been autodetected for JMX exposure
2016-06-08 19:25:50.094  INFO 11920 --- [           main] o.s.j.e.a.AnnotationMBeanExporter        : Bean with name 'environmentManager' has been autodetected for JMX exposure
2016-06-08 19:25:50.097  INFO 11920 --- [           main] o.s.j.e.a.AnnotationMBeanExporter        : Located managed bean 'environmentManager': registering with JMX server as MBean [org.springframework.cloud.context.environment:name=environmentManager,type=EnvironmentManager]
2016-06-08 19:25:50.113  INFO 11920 --- [           main] o.s.j.e.a.AnnotationMBeanExporter        : Located managed bean 'restartEndpoint': registering with JMX server as MBean [org.springframework.cloud.context.restart:name=restartEndpoint,type=RestartEndpoint]
2016-06-08 19:25:50.127  INFO 11920 --- [           main] o.s.j.e.a.AnnotationMBeanExporter        : Located managed bean 'refreshScope': registering with JMX server as MBean [org.springframework.cloud.context.scope.refresh:name=refreshScope,type=RefreshScope]
2016-06-08 19:25:50.135  INFO 11920 --- [           main] o.s.j.e.a.AnnotationMBeanExporter        : Located managed bean 'configurationPropertiesRebinder': registering with JMX server as MBean [org.springframework.cloud.context.properties:name=configurationPropertiesRebinder,type=ConfigurationPropertiesRebinder]
2016-06-08 19:25:50.145  INFO 11920 --- [           main] o.s.j.e.a.AnnotationMBeanExporter        : Located managed bean 'refreshEndpoint': registering with JMX server as MBean [org.springframework.cloud.config.client:name=refreshEndpoint,type=RefreshEndpoint]
2016-06-08 19:25:50.151  INFO 11920 --- [           main] o.s.c.support.DefaultLifecycleProcessor  : Starting beans in phase 0
2016-06-08 19:25:50.156  INFO 11920 --- [           main] .p.EurekaConfigBasedInstanceInfoProvider : Setting initial instance status as: STARTING
2016-06-08 19:25:50.835  INFO 11920 --- [           main] com.netflix.discovery.DiscoveryClient    : Not registering with Eureka server per configuration
2016-06-08 19:25:50.842  INFO 11920 --- [           main] c.n.e.EurekaDiscoveryClientConfiguration : Registering application eureka with eureka with status UP
2016-06-08 19:25:50.961  INFO 11920 --- [       Thread-4] c.n.eureka.PeerAwareInstanceRegistry     : Adding replica node: http://localhost:8761/eureka/
2016-06-08 19:25:50.972  INFO 11920 --- [           main] b.c.e.u.UndertowEmbeddedServletContainer : Undertow started on port(s) 8761 (http)
2016-06-08 19:25:50.975  INFO 11920 --- [           main] s.c.m.s.discovery.EurekaApplication      : Started EurekaApplication in 7.838 seconds (JVM running for 8.466)
2016-06-08 19:25:51.071  INFO 11920 --- [       Thread-4] c.n.eureka.PeerAwareInstanceRegistry     : Updating the replica nodes as they seem to have changed from [] to [http://localhost:8761/eureka/] 
2016-06-08 19:26:15.104  INFO 11920 --- [  XNIO-2 task-1] io.undertow.servlet                      : Initializing Spring FrameworkServlet 'dispatcherServlet'
2016-06-08 19:26:15.104  INFO 11920 --- [  XNIO-2 task-1] o.s.web.servlet.DispatcherServlet        : FrameworkServlet 'dispatcherServlet': initialization started
2016-06-08 19:26:15.116  INFO 11920 --- [  XNIO-2 task-1] o.s.web.servlet.DispatcherServlet        : FrameworkServlet 'dispatcherServlet': initialization completed in 11 ms
2016-06-08 19:26:15.479  INFO 11920 --- [  XNIO-2 task-2] c.s.j.api.core.PackagesResourceConfig    : Scanning for root resource and provider classes in the packages:
  com.netflix.discovery
  com.netflix.eureka
2016-06-08 19:26:15.533  INFO 11920 --- [  XNIO-2 task-2] c.s.j.api.core.ScanningResourceConfig    : Root resource classes found:
  class com.netflix.eureka.resources.VIPResource
  class com.netflix.eureka.resources.PeerReplicationResource
  class com.netflix.eureka.resources.InstancesResource
  class com.netflix.eureka.resources.ApplicationsResource
  class com.netflix.eureka.resources.SecureVIPResource
  class com.netflix.eureka.resources.ASGResource
  class com.netflix.eureka.resources.StatusResource
2016-06-08 19:26:15.533  INFO 11920 --- [  XNIO-2 task-2] c.s.j.api.core.ScanningResourceConfig    : Provider classes found:
  class com.netflix.discovery.provider.DiscoveryJerseyProvider
2016-06-08 19:26:15.596  INFO 11920 --- [  XNIO-2 task-2] c.s.j.s.i.a.WebApplicationImpl           : Initiating Jersey application, version 'Jersey: 1.13 06/29/2012 05:14 PM'
2016-06-08 19:26:24.315 ERROR 11920 --- [  XNIO-2 task-5] c.n.eureka.resources.StatusResource      : Could not determine if the replica is available 

java.lang.NullPointerException: null
	at com.netflix.eureka.resources.StatusResource.isReplicaAvailable(StatusResource.java:90)
	at com.netflix.eureka.resources.StatusResource.getStatusInfo(StatusResource.java:70)
	at org.springframework.cloud.netflix.eureka.server.EurekaController.status(EurekaController.java:63)
	at sun.reflect.NativeMethodAccessorImpl.invoke0(Native Method)
	at sun.reflect.NativeMethodAccessorImpl.invoke(NativeMethodAccessorImpl.java:62)
	at sun.reflect.DelegatingMethodAccessorImpl.invoke(DelegatingMethodAccessorImpl.java:43)
	at java.lang.reflect.Method.invoke(Method.java:497)
	at org.springframework.web.method.support.InvocableHandlerMethod.doInvoke(InvocableHandlerMethod.java:221)
	at org.springframework.web.method.support.InvocableHandlerMethod.invokeForRequest(InvocableHandlerMethod.java:137)
	at org.springframework.web.servlet.mvc.method.annotation.ServletInvocableHandlerMethod.invokeAndHandle(ServletInvocableHandlerMethod.java:110)
	at org.springframework.web.servlet.mvc.method.annotation.RequestMappingHandlerAdapter.invokeHandleMethod(RequestMappingHandlerAdapter.java:777)
	at org.springframework.web.servlet.mvc.method.annotation.RequestMappingHandlerAdapter.handleInternal(RequestMappingHandlerAdapter.java:706)
	at org.springframework.web.servlet.mvc.method.AbstractHandlerMethodAdapter.handle(AbstractHandlerMethodAdapter.java:85)
	at org.springframework.web.servlet.DispatcherServlet.doDispatch(DispatcherServlet.java:943)
	at org.springframework.web.servlet.DispatcherServlet.doService(DispatcherServlet.java:877)
	at org.springframework.web.servlet.FrameworkServlet.processRequest(FrameworkServlet.java:966)
	at org.springframework.web.servlet.FrameworkServlet.doGet(FrameworkServlet.java:857)
	at javax.servlet.http.HttpServlet.service(HttpServlet.java:687)
	at org.springframework.web.servlet.FrameworkServlet.service(FrameworkServlet.java:842)
	at javax.servlet.http.HttpServlet.service(HttpServlet.java:790)
	at io.undertow.servlet.handlers.ServletHandler.handleRequest(ServletHandler.java:85)
	at io.undertow.servlet.handlers.FilterHandler$FilterChainImpl.doFilter(FilterHandler.java:130)
	at org.springframework.boot.actuate.autoconfigure.EndpointWebMvcAutoConfiguration$ApplicationContextHeaderFilter.doFilterInternal(EndpointWebMvcAutoConfiguration.java:291)
	at org.springframework.web.filter.OncePerRequestFilter.doFilter(OncePerRequestFilter.java:107)
	at io.undertow.servlet.core.ManagedFilter.doFilter(ManagedFilter.java:60)
	at io.undertow.servlet.handlers.FilterHandler$FilterChainImpl.doFilter(FilterHandler.java:132)
	at org.springframework.web.filter.HiddenHttpMethodFilter.doFilterInternal(HiddenHttpMethodFilter.java:77)
	at org.springframework.web.filter.OncePerRequestFilter.doFilter(OncePerRequestFilter.java:107)
	at io.undertow.servlet.core.ManagedFilter.doFilter(ManagedFilter.java:60)
	at io.undertow.servlet.handlers.FilterHandler$FilterChainImpl.doFilter(FilterHandler.java:132)
	at org.springframework.boot.actuate.trace.WebRequestTraceFilter.doFilterInternal(WebRequestTraceFilter.java:102)
	at org.springframework.web.filter.OncePerRequestFilter.doFilter(OncePerRequestFilter.java:107)
	at io.undertow.servlet.core.ManagedFilter.doFilter(ManagedFilter.java:60)
	at io.undertow.servlet.handlers.FilterHandler$FilterChainImpl.doFilter(FilterHandler.java:132)
	at org.springframework.web.filter.CharacterEncodingFilter.doFilterInternal(CharacterEncodingFilter.java:88)
	at org.springframework.web.filter.OncePerRequestFilter.doFilter(OncePerRequestFilter.java:107)
	at io.undertow.servlet.core.ManagedFilter.doFilter(ManagedFilter.java:60)
	at io.undertow.servlet.handlers.FilterHandler$FilterChainImpl.doFilter(FilterHandler.java:132)
	at org.springframework.boot.actuate.autoconfigure.MetricFilterAutoConfiguration$MetricsFilter.doFilterInternal(MetricFilterAutoConfiguration.java:90)
	at org.springframework.web.filter.OncePerRequestFilter.doFilter(OncePerRequestFilter.java:107)
	at io.undertow.servlet.core.ManagedFilter.doFilter(ManagedFilter.java:60)
	at io.undertow.servlet.handlers.FilterHandler$FilterChainImpl.doFilter(FilterHandler.java:132)
	at io.undertow.servlet.handlers.FilterHandler.handleRequest(FilterHandler.java:85)
	at io.undertow.servlet.handlers.security.ServletSecurityRoleHandler.handleRequest(ServletSecurityRoleHandler.java:61)
	at io.undertow.servlet.handlers.ServletDispatchingHandler.handleRequest(ServletDispatchingHandler.java:36)
	at io.undertow.servlet.handlers.security.SSLInformationAssociationHandler.handleRequest(SSLInformationAssociationHandler.java:131)
	at io.undertow.servlet.handlers.security.ServletAuthenticationCallHandler.handleRequest(ServletAuthenticationCallHandler.java:56)
	at io.undertow.server.handlers.PredicateHandler.handleRequest(PredicateHandler.java:43)
	at io.undertow.security.handlers.AbstractConfidentialityHandler.handleRequest(AbstractConfidentialityHandler.java:45)
	at io.undertow.servlet.handlers.security.ServletConfidentialityConstraintHandler.handleRequest(ServletConfidentialityConstraintHandler.java:63)
	at io.undertow.security.handlers.AuthenticationMechanismsHandler.handleRequest(AuthenticationMechanismsHandler.java:58)
	at io.undertow.servlet.handlers.security.CachedAuthenticatedSessionHandler.handleRequest(CachedAuthenticatedSessionHandler.java:70)
	at io.undertow.security.handlers.SecurityInitialHandler.handleRequest(SecurityInitialHandler.java:76)
	at io.undertow.server.handlers.PredicateHandler.handleRequest(PredicateHandler.java:43)
	at io.undertow.server.handlers.PredicateHandler.handleRequest(PredicateHandler.java:43)
	at io.undertow.servlet.handlers.ServletInitialHandler.handleFirstRequest(ServletInitialHandler.java:261)
	at io.undertow.servlet.handlers.ServletInitialHandler.dispatchRequest(ServletInitialHandler.java:247)
	at io.undertow.servlet.handlers.ServletInitialHandler.access$000(ServletInitialHandler.java:76)
	at io.undertow.servlet.handlers.ServletInitialHandler$1.handleRequest(ServletInitialHandler.java:166)
	at io.undertow.server.Connectors.executeRootHandler(Connectors.java:197)
	at io.undertow.server.HttpServerExchange$1.run(HttpServerExchange.java:759)
	at java.util.concurrent.ThreadPoolExecutor.runWorker(ThreadPoolExecutor.java:1142)
	at java.util.concurrent.ThreadPoolExecutor$Worker.run(ThreadPoolExecutor.java:617)
	at java.lang.Thread.run(Thread.java:745)

2016-06-08 19:28:21.121  INFO 11920 --- [       Thread-4] c.n.eureka.PeerAwareInstanceRegistry     : Got 1 instances from neighboring DS node
2016-06-08 19:28:21.121  INFO 11920 --- [       Thread-4] c.n.eureka.PeerAwareInstanceRegistry     : Renew threshold is: 1
2016-06-08 19:28:21.121  INFO 11920 --- [       Thread-4] c.n.eureka.PeerAwareInstanceRegistry     : Changing status to UP
2016-06-08 19:28:21.123  INFO 11920 --- [       Thread-4] com.netflix.eureka.InstanceRegistry      : Finished initializing remote region registries. All known remote regions: []
2016-06-08 19:28:21.129  INFO 11920 --- [       Thread-4] com.netflix.eureka.EurekaBootStrap       : Replica node URL:  http://localhost:8761/eureka/
2016-06-08 19:28:21.129  INFO 11920 --- [       Thread-4] e.s.EurekaServerInitializerConfiguration : Started Eureka Server
2016-06-08 19:35:37.133  WARN 11920 --- [ XNIO-2 task-16] com.netflix.eureka.InstanceRegistry      : DS: Registry: lease doesn't exist, registering resource: EDGESERVER - HZ0317L
2016-06-08 19:35:37.133  WARN 11920 --- [ XNIO-2 task-16] c.n.eureka.resources.InstanceResource    : Not Found (Renew): EDGESERVER - HZ0317L
2016-06-08 19:35:37.239  INFO 11920 --- [ XNIO-2 task-17] com.netflix.eureka.InstanceRegistry      : Registered instance id HZ0317L with status UP
2016-06-08 19:35:37.537  INFO 11920 --- [ XNIO-2 task-18] com.netflix.eureka.InstanceRegistry      : Registered instance id HZ0317L with status UP
2016-06-08 19:35:47.074  INFO 11920 --- [ XNIO-2 task-19] com.netflix.eureka.InstanceRegistry      : Registered instance id HZ0317L with status UP
2016-06-08 19:35:47.411  INFO 11920 --- [ XNIO-2 task-20] com.netflix.eureka.InstanceRegistry      : Registered instance id HZ0317L with status UP
2016-06-08 19:35:51.071  INFO 11920 --- [hresholdUpdater] c.n.eureka.PeerAwareInstanceRegistry     : Current renewal threshold is : 3
2016-06-08 19:36:07.255  WARN 11920 --- [ XNIO-2 task-22] c.n.eureka.resources.InstanceResource    : Time to sync, since the last dirty timestamp differs - ReplicationInstance id : HZ0317L,Registry : 1465385707065 Incoming: 1465385747076 Replication: false
2016-06-08 19:36:07.270  INFO 11920 --- [ XNIO-2 task-23] com.netflix.eureka.InstanceRegistry      : Registered instance id HZ0317L with status UP
2016-06-08 19:36:07.350  WARN 11920 --- [ XNIO-2 task-24] c.n.eureka.resources.InstanceResource    : Time to sync, since the last dirty timestamp differs - ReplicationInstance id : HZ0317L,Registry : 1465385747076 Incoming: 1465385707065 Replication: true
2016-06-08 19:36:07.437  INFO 11920 --- [ XNIO-2 task-25] com.netflix.eureka.InstanceRegistry      : Registered instance id HZ0317L with status UP
2016-06-08 19:37:19.959  WARN 11920 --- [  XNIO-2 task-2] com.netflix.eureka.InstanceRegistry      : DS: Registry: lease doesn't exist, registering resource: PRODUCT - HZ0317L:product:a0f2517c900a7f3f33e1e29966b1153b
2016-06-08 19:37:19.960  WARN 11920 --- [  XNIO-2 task-2] c.n.eureka.resources.InstanceResource    : Not Found (Renew): PRODUCT - HZ0317L:product:a0f2517c900a7f3f33e1e29966b1153b
2016-06-08 19:37:19.998  INFO 11920 --- [  XNIO-2 task-4] com.netflix.eureka.InstanceRegistry      : Registered instance id HZ0317L:product:a0f2517c900a7f3f33e1e29966b1153b with status UP
2016-06-08 19:37:20.069  INFO 11920 --- [  XNIO-2 task-5] com.netflix.eureka.InstanceRegistry      : Registered instance id HZ0317L:product:a0f2517c900a7f3f33e1e29966b1153b with status UP
2016-06-08 19:37:49.944  INFO 11920 --- [ XNIO-2 task-18] com.netflix.eureka.InstanceRegistry      : Registered instance id HZ0317L:product:a0f2517c900a7f3f33e1e29966b1153b with status UP
2016-06-08 19:37:50.032  WARN 11920 --- [ XNIO-2 task-19] c.n.eureka.resources.InstanceResource    : Time to sync, since the last dirty timestamp differs - ReplicationInstance id : HZ0317L:product:a0f2517c900a7f3f33e1e29966b1153b,Registry : 1465385829936 Incoming: 1465385869946 Replication: false
2016-06-08 19:37:50.052  INFO 11920 --- [ XNIO-2 task-20] com.netflix.eureka.InstanceRegistry      : Registered instance id HZ0317L:product:a0f2517c900a7f3f33e1e29966b1153b with status UP
2016-06-08 19:37:50.131  WARN 11920 --- [ XNIO-2 task-23] com.netflix.eureka.InstanceRegistry      : There is an existing lease and the existing lease's dirty timestamp 1465385869946 is greater than the one that is being registered 1465385829936
2016-06-08 19:37:50.131  INFO 11920 --- [ XNIO-2 task-23] com.netflix.eureka.InstanceRegistry      : Registered instance id HZ0317L:product:a0f2517c900a7f3f33e1e29966b1153b with status UP
2016-06-08 19:37:50.137  WARN 11920 --- [ XNIO-2 task-22] c.n.eureka.resources.InstanceResource    : Time to sync, since the last dirty timestamp differs - ReplicationInstance id : HZ0317L:product:a0f2517c900a7f3f33e1e29966b1153b,Registry : 1465385869946 Incoming: 1465385829936 Replication: true
2016-06-08 19:37:50.140  INFO 11920 --- [ XNIO-2 task-24] com.netflix.eureka.InstanceRegistry      : Registered instance id HZ0317L:product:a0f2517c900a7f3f33e1e29966b1153b with status UP
2016-06-08 19:38:27.860 ERROR 11920 --- [  XNIO-2 task-8] c.n.eureka.resources.StatusResource      : Could not determine if the replica is available 

java.lang.NullPointerException: null
	at com.netflix.eureka.resources.StatusResource.isReplicaAvailable(StatusResource.java:90)
	at com.netflix.eureka.resources.StatusResource.getStatusInfo(StatusResource.java:70)
	at org.springframework.cloud.netflix.eureka.server.EurekaController.status(EurekaController.java:63)
	at sun.reflect.NativeMethodAccessorImpl.invoke0(Native Method)
	at sun.reflect.NativeMethodAccessorImpl.invoke(NativeMethodAccessorImpl.java:62)
	at sun.reflect.DelegatingMethodAccessorImpl.invoke(DelegatingMethodAccessorImpl.java:43)
	at java.lang.reflect.Method.invoke(Method.java:497)
	at org.springframework.web.method.support.InvocableHandlerMethod.doInvoke(InvocableHandlerMethod.java:221)
	at org.springframework.web.method.support.InvocableHandlerMethod.invokeForRequest(InvocableHandlerMethod.java:137)
	at org.springframework.web.servlet.mvc.method.annotation.ServletInvocableHandlerMethod.invokeAndHandle(ServletInvocableHandlerMethod.java:110)
	at org.springframework.web.servlet.mvc.method.annotation.RequestMappingHandlerAdapter.invokeHandleMethod(RequestMappingHandlerAdapter.java:777)
	at org.springframework.web.servlet.mvc.method.annotation.RequestMappingHandlerAdapter.handleInternal(RequestMappingHandlerAdapter.java:706)
	at org.springframework.web.servlet.mvc.method.AbstractHandlerMethodAdapter.handle(AbstractHandlerMethodAdapter.java:85)
	at org.springframework.web.servlet.DispatcherServlet.doDispatch(DispatcherServlet.java:943)
	at org.springframework.web.servlet.DispatcherServlet.doService(DispatcherServlet.java:877)
	at org.springframework.web.servlet.FrameworkServlet.processRequest(FrameworkServlet.java:966)
	at org.springframework.web.servlet.FrameworkServlet.doGet(FrameworkServlet.java:857)
	at javax.servlet.http.HttpServlet.service(HttpServlet.java:687)
	at org.springframework.web.servlet.FrameworkServlet.service(FrameworkServlet.java:842)
	at javax.servlet.http.HttpServlet.service(HttpServlet.java:790)
	at io.undertow.servlet.handlers.ServletHandler.handleRequest(ServletHandler.java:85)
	at io.undertow.servlet.handlers.FilterHandler$FilterChainImpl.doFilter(FilterHandler.java:130)
	at org.springframework.boot.actuate.autoconfigure.EndpointWebMvcAutoConfiguration$ApplicationContextHeaderFilter.doFilterInternal(EndpointWebMvcAutoConfiguration.java:291)
	at org.springframework.web.filter.OncePerRequestFilter.doFilter(OncePerRequestFilter.java:107)
	at io.undertow.servlet.core.ManagedFilter.doFilter(ManagedFilter.java:60)
	at io.undertow.servlet.handlers.FilterHandler$FilterChainImpl.doFilter(FilterHandler.java:132)
	at org.springframework.web.filter.HiddenHttpMethodFilter.doFilterInternal(HiddenHttpMethodFilter.java:77)
	at org.springframework.web.filter.OncePerRequestFilter.doFilter(OncePerRequestFilter.java:107)
	at io.undertow.servlet.core.ManagedFilter.doFilter(ManagedFilter.java:60)
	at io.undertow.servlet.handlers.FilterHandler$FilterChainImpl.doFilter(FilterHandler.java:132)
	at org.springframework.boot.actuate.trace.WebRequestTraceFilter.doFilterInternal(WebRequestTraceFilter.java:102)
	at org.springframework.web.filter.OncePerRequestFilter.doFilter(OncePerRequestFilter.java:107)
	at io.undertow.servlet.core.ManagedFilter.doFilter(ManagedFilter.java:60)
	at io.undertow.servlet.handlers.FilterHandler$FilterChainImpl.doFilter(FilterHandler.java:132)
	at org.springframework.web.filter.CharacterEncodingFilter.doFilterInternal(CharacterEncodingFilter.java:88)
	at org.springframework.web.filter.OncePerRequestFilter.doFilter(OncePerRequestFilter.java:107)
	at io.undertow.servlet.core.ManagedFilter.doFilter(ManagedFilter.java:60)
	at io.undertow.servlet.handlers.FilterHandler$FilterChainImpl.doFilter(FilterHandler.java:132)
	at org.springframework.boot.actuate.autoconfigure.MetricFilterAutoConfiguration$MetricsFilter.doFilterInternal(MetricFilterAutoConfiguration.java:90)
	at org.springframework.web.filter.OncePerRequestFilter.doFilter(OncePerRequestFilter.java:107)
	at io.undertow.servlet.core.ManagedFilter.doFilter(ManagedFilter.java:60)
	at io.undertow.servlet.handlers.FilterHandler$FilterChainImpl.doFilter(FilterHandler.java:132)
	at io.undertow.servlet.handlers.FilterHandler.handleRequest(FilterHandler.java:85)
	at io.undertow.servlet.handlers.security.ServletSecurityRoleHandler.handleRequest(ServletSecurityRoleHandler.java:61)
	at io.undertow.servlet.handlers.ServletDispatchingHandler.handleRequest(ServletDispatchingHandler.java:36)
	at io.undertow.servlet.handlers.security.SSLInformationAssociationHandler.handleRequest(SSLInformationAssociationHandler.java:131)
	at io.undertow.servlet.handlers.security.ServletAuthenticationCallHandler.handleRequest(ServletAuthenticationCallHandler.java:56)
	at io.undertow.server.handlers.PredicateHandler.handleRequest(PredicateHandler.java:43)
	at io.undertow.security.handlers.AbstractConfidentialityHandler.handleRequest(AbstractConfidentialityHandler.java:45)
	at io.undertow.servlet.handlers.security.ServletConfidentialityConstraintHandler.handleRequest(ServletConfidentialityConstraintHandler.java:63)
	at io.undertow.security.handlers.AuthenticationMechanismsHandler.handleRequest(AuthenticationMechanismsHandler.java:58)
	at io.undertow.servlet.handlers.security.CachedAuthenticatedSessionHandler.handleRequest(CachedAuthenticatedSessionHandler.java:70)
	at io.undertow.security.handlers.SecurityInitialHandler.handleRequest(SecurityInitialHandler.java:76)
	at io.undertow.server.handlers.PredicateHandler.handleRequest(PredicateHandler.java:43)
	at io.undertow.server.handlers.PredicateHandler.handleRequest(PredicateHandler.java:43)
	at io.undertow.servlet.handlers.ServletInitialHandler.handleFirstRequest(ServletInitialHandler.java:261)
	at io.undertow.servlet.handlers.ServletInitialHandler.dispatchRequest(ServletInitialHandler.java:247)
	at io.undertow.servlet.handlers.ServletInitialHandler.access$000(ServletInitialHandler.java:76)
	at io.undertow.servlet.handlers.ServletInitialHandler$1.handleRequest(ServletInitialHandler.java:166)
	at io.undertow.server.Connectors.executeRootHandler(Connectors.java:197)
	at io.undertow.server.HttpServerExchange$1.run(HttpServerExchange.java:759)
	at java.util.concurrent.ThreadPoolExecutor.runWorker(ThreadPoolExecutor.java:1142)
	at java.util.concurrent.ThreadPoolExecutor$Worker.run(ThreadPoolExecutor.java:617)
	at java.lang.Thread.run(Thread.java:745)

2016-06-08 19:40:51.072  INFO 11920 --- [eerNodesUpdater] c.n.eureka.PeerAwareInstanceRegistry     : Adding replica node: http://localhost:8761/eureka/
2016-06-08 19:42:55.754  WARN 11920 --- [  XNIO-2 task-1] com.netflix.eureka.InstanceRegistry      : DS: Registry: lease doesn't exist, registering resource: RECOMMENDATION - HZ0317L:recommendation:7c5efb9667a9ce51924c87a2e6c9b99c
2016-06-08 19:42:55.754  WARN 11920 --- [  XNIO-2 task-1] c.n.eureka.resources.InstanceResource    : Not Found (Renew): RECOMMENDATION - HZ0317L:recommendation:7c5efb9667a9ce51924c87a2e6c9b99c
2016-06-08 19:42:55.791  INFO 11920 --- [  XNIO-2 task-2] com.netflix.eureka.InstanceRegistry      : Registered instance id HZ0317L:recommendation:7c5efb9667a9ce51924c87a2e6c9b99c with status UP
2016-06-08 19:42:56.042  INFO 11920 --- [  XNIO-2 task-3] com.netflix.eureka.InstanceRegistry      : Registered instance id HZ0317L:recommendation:7c5efb9667a9ce51924c87a2e6c9b99c with status UP
2016-06-08 19:43:20.878  WARN 11920 --- [ XNIO-2 task-29] com.netflix.eureka.InstanceRegistry      : DS: Registry: lease doesn't exist, registering resource: REVIEW - HZ0317L:review:13a5dbe1a5eb8f560281b1400f3b60f6
2016-06-08 19:43:20.878  WARN 11920 --- [ XNIO-2 task-29] c.n.eureka.resources.InstanceResource    : Not Found (Renew): REVIEW - HZ0317L:review:13a5dbe1a5eb8f560281b1400f3b60f6
2016-06-08 19:43:20.912  INFO 11920 --- [ XNIO-2 task-31] com.netflix.eureka.InstanceRegistry      : Registered instance id HZ0317L:review:13a5dbe1a5eb8f560281b1400f3b60f6 with status UP
2016-06-08 19:43:21.114  INFO 11920 --- [ XNIO-2 task-32] com.netflix.eureka.InstanceRegistry      : Registered instance id HZ0317L:review:13a5dbe1a5eb8f560281b1400f3b60f6 with status UP
2016-06-08 19:43:25.706  INFO 11920 --- [  XNIO-2 task-1] com.netflix.eureka.InstanceRegistry      : Registered instance id HZ0317L:recommendation:7c5efb9667a9ce51924c87a2e6c9b99c with status UP
2016-06-08 19:43:25.807  WARN 11920 --- [  XNIO-2 task-4] c.n.eureka.resources.InstanceResource    : Time to sync, since the last dirty timestamp differs - ReplicationInstance id : HZ0317L:recommendation:7c5efb9667a9ce51924c87a2e6c9b99c,Registry : 1465386165693 Incoming: 1465386205711 Replication: false
2016-06-08 19:43:25.820  INFO 11920 --- [  XNIO-2 task-5] com.netflix.eureka.InstanceRegistry      : Registered instance id HZ0317L:recommendation:7c5efb9667a9ce51924c87a2e6c9b99c with status UP
2016-06-08 19:43:26.119  WARN 11920 --- [  XNIO-2 task-9] com.netflix.eureka.InstanceRegistry      : There is an existing lease and the existing lease's dirty timestamp 1465386205711 is greater than the one that is being registered 1465386165693
2016-06-08 19:43:26.120  INFO 11920 --- [  XNIO-2 task-9] com.netflix.eureka.InstanceRegistry      : Registered instance id HZ0317L:recommendation:7c5efb9667a9ce51924c87a2e6c9b99c with status UP
2016-06-08 19:43:26.132  INFO 11920 --- [  XNIO-2 task-7] com.netflix.eureka.InstanceRegistry      : Registered instance id HZ0317L:recommendation:7c5efb9667a9ce51924c87a2e6c9b99c with status UP
2016-06-08 19:43:26.230  WARN 11920 --- [  XNIO-2 task-8] c.n.eureka.resources.InstanceResource    : Time to sync, since the last dirty timestamp differs - ReplicationInstance id : HZ0317L:recommendation:7c5efb9667a9ce51924c87a2e6c9b99c,Registry : 1465386205711 Incoming: 1465386165693 Replication: true
2016-06-08 19:43:50.895  INFO 11920 --- [  XNIO-2 task-8] com.netflix.eureka.InstanceRegistry      : Registered instance id HZ0317L:review:13a5dbe1a5eb8f560281b1400f3b60f6 with status UP
2016-06-08 19:43:50.975  WARN 11920 --- [ XNIO-2 task-11] c.n.eureka.resources.InstanceResource    : Time to sync, since the last dirty timestamp differs - ReplicationInstance id : HZ0317L:review:13a5dbe1a5eb8f560281b1400f3b60f6,Registry : 1465386190841 Incoming: 1465386230898 Replication: false
2016-06-08 19:43:50.981  INFO 11920 --- [ XNIO-2 task-13] com.netflix.eureka.InstanceRegistry      : Registered instance id HZ0317L:review:13a5dbe1a5eb8f560281b1400f3b60f6 with status UP
2016-06-08 19:43:51.149  WARN 11920 --- [ XNIO-2 task-14] com.netflix.eureka.InstanceRegistry      : There is an existing lease and the existing lease's dirty timestamp 1465386230898 is greater than the one that is being registered 1465386190841
2016-06-08 19:43:51.150  INFO 11920 --- [ XNIO-2 task-14] com.netflix.eureka.InstanceRegistry      : Registered instance id HZ0317L:review:13a5dbe1a5eb8f560281b1400f3b60f6 with status UP
2016-06-08 19:43:51.158  INFO 11920 --- [ XNIO-2 task-12] com.netflix.eureka.InstanceRegistry      : Registered instance id HZ0317L:review:13a5dbe1a5eb8f560281b1400f3b60f6 with status UP
2016-06-08 19:43:51.260  WARN 11920 --- [ XNIO-2 task-15] c.n.eureka.resources.InstanceResource    : Time to sync, since the last dirty timestamp differs - ReplicationInstance id : HZ0317L:review:13a5dbe1a5eb8f560281b1400f3b60f6,Registry : 1465386230898 Incoming: 1465386190841 Replication: true
2016-06-08 19:43:55.377 ERROR 11920 --- [ XNIO-2 task-16] c.n.eureka.resources.StatusResource      : Could not determine if the replica is available 

java.lang.NullPointerException: null
	at com.netflix.eureka.resources.StatusResource.isReplicaAvailable(StatusResource.java:90)
	at com.netflix.eureka.resources.StatusResource.getStatusInfo(StatusResource.java:70)
	at org.springframework.cloud.netflix.eureka.server.EurekaController.status(EurekaController.java:63)
	at sun.reflect.NativeMethodAccessorImpl.invoke0(Native Method)
	at sun.reflect.NativeMethodAccessorImpl.invoke(NativeMethodAccessorImpl.java:62)
	at sun.reflect.DelegatingMethodAccessorImpl.invoke(DelegatingMethodAccessorImpl.java:43)
	at java.lang.reflect.Method.invoke(Method.java:497)
	at org.springframework.web.method.support.InvocableHandlerMethod.doInvoke(InvocableHandlerMethod.java:221)
	at org.springframework.web.method.support.InvocableHandlerMethod.invokeForRequest(InvocableHandlerMethod.java:137)
	at org.springframework.web.servlet.mvc.method.annotation.ServletInvocableHandlerMethod.invokeAndHandle(ServletInvocableHandlerMethod.java:110)
	at org.springframework.web.servlet.mvc.method.annotation.RequestMappingHandlerAdapter.invokeHandleMethod(RequestMappingHandlerAdapter.java:777)
	at org.springframework.web.servlet.mvc.method.annotation.RequestMappingHandlerAdapter.handleInternal(RequestMappingHandlerAdapter.java:706)
	at org.springframework.web.servlet.mvc.method.AbstractHandlerMethodAdapter.handle(AbstractHandlerMethodAdapter.java:85)
	at org.springframework.web.servlet.DispatcherServlet.doDispatch(DispatcherServlet.java:943)
	at org.springframework.web.servlet.DispatcherServlet.doService(DispatcherServlet.java:877)
	at org.springframework.web.servlet.FrameworkServlet.processRequest(FrameworkServlet.java:966)
	at org.springframework.web.servlet.FrameworkServlet.doGet(FrameworkServlet.java:857)
	at javax.servlet.http.HttpServlet.service(HttpServlet.java:687)
	at org.springframework.web.servlet.FrameworkServlet.service(FrameworkServlet.java:842)
	at javax.servlet.http.HttpServlet.service(HttpServlet.java:790)
	at io.undertow.servlet.handlers.ServletHandler.handleRequest(ServletHandler.java:85)
	at io.undertow.servlet.handlers.FilterHandler$FilterChainImpl.doFilter(FilterHandler.java:130)
	at org.springframework.boot.actuate.autoconfigure.EndpointWebMvcAutoConfiguration$ApplicationContextHeaderFilter.doFilterInternal(EndpointWebMvcAutoConfiguration.java:291)
	at org.springframework.web.filter.OncePerRequestFilter.doFilter(OncePerRequestFilter.java:107)
	at io.undertow.servlet.core.ManagedFilter.doFilter(ManagedFilter.java:60)
	at io.undertow.servlet.handlers.FilterHandler$FilterChainImpl.doFilter(FilterHandler.java:132)
	at org.springframework.web.filter.HiddenHttpMethodFilter.doFilterInternal(HiddenHttpMethodFilter.java:77)
	at org.springframework.web.filter.OncePerRequestFilter.doFilter(OncePerRequestFilter.java:107)
	at io.undertow.servlet.core.ManagedFilter.doFilter(ManagedFilter.java:60)
	at io.undertow.servlet.handlers.FilterHandler$FilterChainImpl.doFilter(FilterHandler.java:132)
	at org.springframework.boot.actuate.trace.WebRequestTraceFilter.doFilterInternal(WebRequestTraceFilter.java:102)
	at org.springframework.web.filter.OncePerRequestFilter.doFilter(OncePerRequestFilter.java:107)
	at io.undertow.servlet.core.ManagedFilter.doFilter(ManagedFilter.java:60)
	at io.undertow.servlet.handlers.FilterHandler$FilterChainImpl.doFilter(FilterHandler.java:132)
	at org.springframework.web.filter.CharacterEncodingFilter.doFilterInternal(CharacterEncodingFilter.java:88)
	at org.springframework.web.filter.OncePerRequestFilter.doFilter(OncePerRequestFilter.java:107)
	at io.undertow.servlet.core.ManagedFilter.doFilter(ManagedFilter.java:60)
	at io.undertow.servlet.handlers.FilterHandler$FilterChainImpl.doFilter(FilterHandler.java:132)
	at org.springframework.boot.actuate.autoconfigure.MetricFilterAutoConfiguration$MetricsFilter.doFilterInternal(MetricFilterAutoConfiguration.java:90)
	at org.springframework.web.filter.OncePerRequestFilter.doFilter(OncePerRequestFilter.java:107)
	at io.undertow.servlet.core.ManagedFilter.doFilter(ManagedFilter.java:60)
	at io.undertow.servlet.handlers.FilterHandler$FilterChainImpl.doFilter(FilterHandler.java:132)
	at io.undertow.servlet.handlers.FilterHandler.handleRequest(FilterHandler.java:85)
	at io.undertow.servlet.handlers.security.ServletSecurityRoleHandler.handleRequest(ServletSecurityRoleHandler.java:61)
	at io.undertow.servlet.handlers.ServletDispatchingHandler.handleRequest(ServletDispatchingHandler.java:36)
	at io.undertow.servlet.handlers.security.SSLInformationAssociationHandler.handleRequest(SSLInformationAssociationHandler.java:131)
	at io.undertow.servlet.handlers.security.ServletAuthenticationCallHandler.handleRequest(ServletAuthenticationCallHandler.java:56)
	at io.undertow.server.handlers.PredicateHandler.handleRequest(PredicateHandler.java:43)
	at io.undertow.security.handlers.AbstractConfidentialityHandler.handleRequest(AbstractConfidentialityHandler.java:45)
	at io.undertow.servlet.handlers.security.ServletConfidentialityConstraintHandler.handleRequest(ServletConfidentialityConstraintHandler.java:63)
	at io.undertow.security.handlers.AuthenticationMechanismsHandler.handleRequest(AuthenticationMechanismsHandler.java:58)
	at io.undertow.servlet.handlers.security.CachedAuthenticatedSessionHandler.handleRequest(CachedAuthenticatedSessionHandler.java:70)
	at io.undertow.security.handlers.SecurityInitialHandler.handleRequest(SecurityInitialHandler.java:76)
	at io.undertow.server.handlers.PredicateHandler.handleRequest(PredicateHandler.java:43)
	at io.undertow.server.handlers.PredicateHandler.handleRequest(PredicateHandler.java:43)
	at io.undertow.servlet.handlers.ServletInitialHandler.handleFirstRequest(ServletInitialHandler.java:261)
	at io.undertow.servlet.handlers.ServletInitialHandler.dispatchRequest(ServletInitialHandler.java:247)
	at io.undertow.servlet.handlers.ServletInitialHandler.access$000(ServletInitialHandler.java:76)
	at io.undertow.servlet.handlers.ServletInitialHandler$1.handleRequest(ServletInitialHandler.java:166)
	at io.undertow.server.Connectors.executeRootHandler(Connectors.java:197)
	at io.undertow.server.HttpServerExchange$1.run(HttpServerExchange.java:759)
	at java.util.concurrent.ThreadPoolExecutor.runWorker(ThreadPoolExecutor.java:1142)
	at java.util.concurrent.ThreadPoolExecutor$Worker.run(ThreadPoolExecutor.java:617)
	at java.lang.Thread.run(Thread.java:745)

2016-06-08 19:44:18.965  WARN 11920 --- [ XNIO-2 task-25] com.netflix.eureka.InstanceRegistry      : DS: Registry: lease doesn't exist, registering resource: PRODUCTCOMPOSITE - HZ0317L:productcomposite:587c18ba20c42db65b0b311bd1d095af
2016-06-08 19:44:18.965  WARN 11920 --- [ XNIO-2 task-25] c.n.eureka.resources.InstanceResource    : Not Found (Renew): PRODUCTCOMPOSITE - HZ0317L:productcomposite:587c18ba20c42db65b0b311bd1d095af
2016-06-08 19:44:18.997  INFO 11920 --- [ XNIO-2 task-27] com.netflix.eureka.InstanceRegistry      : Registered instance id HZ0317L:productcomposite:587c18ba20c42db65b0b311bd1d095af with status UP
2016-06-08 19:44:19.279  INFO 11920 --- [ XNIO-2 task-28] com.netflix.eureka.InstanceRegistry      : Registered instance id HZ0317L:productcomposite:587c18ba20c42db65b0b311bd1d095af with status UP
2016-06-08 19:44:48.970  INFO 11920 --- [ XNIO-2 task-12] com.netflix.eureka.InstanceRegistry      : Registered instance id HZ0317L:productcomposite:587c18ba20c42db65b0b311bd1d095af with status UP
2016-06-08 19:44:49.019  WARN 11920 --- [ XNIO-2 task-15] c.n.eureka.resources.InstanceResource    : Time to sync, since the last dirty timestamp differs - ReplicationInstance id : HZ0317L:productcomposite:587c18ba20c42db65b0b311bd1d095af,Registry : 1465386248955 Incoming: 1465386288974 Replication: false
2016-06-08 19:44:49.028  INFO 11920 --- [ XNIO-2 task-16] com.netflix.eureka.InstanceRegistry      : Registered instance id HZ0317L:productcomposite:587c18ba20c42db65b0b311bd1d095af with status UP
2016-06-08 19:44:49.167  WARN 11920 --- [ XNIO-2 task-18] c.n.eureka.resources.InstanceResource    : Time to sync, since the last dirty timestamp differs - ReplicationInstance id : HZ0317L:productcomposite:587c18ba20c42db65b0b311bd1d095af,Registry : 1465386288974 Incoming: 1465386248955 Replication: true
2016-06-08 19:44:49.395  WARN 11920 --- [ XNIO-2 task-17] com.netflix.eureka.InstanceRegistry      : There is an existing lease and the existing lease's dirty timestamp 1465386288974 is greater than the one that is being registered 1465386248955
2016-06-08 19:44:49.395  INFO 11920 --- [ XNIO-2 task-17] com.netflix.eureka.InstanceRegistry      : Registered instance id HZ0317L:productcomposite:587c18ba20c42db65b0b311bd1d095af with status UP
2016-06-08 19:44:49.415  INFO 11920 --- [ XNIO-2 task-20] com.netflix.eureka.InstanceRegistry      : Registered instance id HZ0317L:productcomposite:587c18ba20c42db65b0b311bd1d095af with status UP
2016-06-08 19:45:51.072  INFO 11920 --- [hresholdUpdater] c.n.eureka.PeerAwareInstanceRegistry     : Current renewal threshold is : 10
2016-06-08 19:46:45.239 ERROR 11920 --- [ XNIO-2 task-25] c.n.eureka.resources.StatusResource      : Could not determine if the replica is available 

java.lang.NullPointerException: null
	at com.netflix.eureka.resources.StatusResource.isReplicaAvailable(StatusResource.java:90)
	at com.netflix.eureka.resources.StatusResource.getStatusInfo(StatusResource.java:70)
	at org.springframework.cloud.netflix.eureka.server.EurekaController.status(EurekaController.java:63)
	at sun.reflect.NativeMethodAccessorImpl.invoke0(Native Method)
	at sun.reflect.NativeMethodAccessorImpl.invoke(NativeMethodAccessorImpl.java:62)
	at sun.reflect.DelegatingMethodAccessorImpl.invoke(DelegatingMethodAccessorImpl.java:43)
	at java.lang.reflect.Method.invoke(Method.java:497)
	at org.springframework.web.method.support.InvocableHandlerMethod.doInvoke(InvocableHandlerMethod.java:221)
	at org.springframework.web.method.support.InvocableHandlerMethod.invokeForRequest(InvocableHandlerMethod.java:137)
	at org.springframework.web.servlet.mvc.method.annotation.ServletInvocableHandlerMethod.invokeAndHandle(ServletInvocableHandlerMethod.java:110)
	at org.springframework.web.servlet.mvc.method.annotation.RequestMappingHandlerAdapter.invokeHandleMethod(RequestMappingHandlerAdapter.java:777)
	at org.springframework.web.servlet.mvc.method.annotation.RequestMappingHandlerAdapter.handleInternal(RequestMappingHandlerAdapter.java:706)
	at org.springframework.web.servlet.mvc.method.AbstractHandlerMethodAdapter.handle(AbstractHandlerMethodAdapter.java:85)
	at org.springframework.web.servlet.DispatcherServlet.doDispatch(DispatcherServlet.java:943)
	at org.springframework.web.servlet.DispatcherServlet.doService(DispatcherServlet.java:877)
	at org.springframework.web.servlet.FrameworkServlet.processRequest(FrameworkServlet.java:966)
	at org.springframework.web.servlet.FrameworkServlet.doGet(FrameworkServlet.java:857)
	at javax.servlet.http.HttpServlet.service(HttpServlet.java:687)
	at org.springframework.web.servlet.FrameworkServlet.service(FrameworkServlet.java:842)
	at javax.servlet.http.HttpServlet.service(HttpServlet.java:790)
	at io.undertow.servlet.handlers.ServletHandler.handleRequest(ServletHandler.java:85)
	at io.undertow.servlet.handlers.FilterHandler$FilterChainImpl.doFilter(FilterHandler.java:130)
	at org.springframework.boot.actuate.autoconfigure.EndpointWebMvcAutoConfiguration$ApplicationContextHeaderFilter.doFilterInternal(EndpointWebMvcAutoConfiguration.java:291)
	at org.springframework.web.filter.OncePerRequestFilter.doFilter(OncePerRequestFilter.java:107)
	at io.undertow.servlet.core.ManagedFilter.doFilter(ManagedFilter.java:60)
	at io.undertow.servlet.handlers.FilterHandler$FilterChainImpl.doFilter(FilterHandler.java:132)
	at org.springframework.web.filter.HiddenHttpMethodFilter.doFilterInternal(HiddenHttpMethodFilter.java:77)
	at org.springframework.web.filter.OncePerRequestFilter.doFilter(OncePerRequestFilter.java:107)
	at io.undertow.servlet.core.ManagedFilter.doFilter(ManagedFilter.java:60)
	at io.undertow.servlet.handlers.FilterHandler$FilterChainImpl.doFilter(FilterHandler.java:132)
	at org.springframework.boot.actuate.trace.WebRequestTraceFilter.doFilterInternal(WebRequestTraceFilter.java:102)
	at org.springframework.web.filter.OncePerRequestFilter.doFilter(OncePerRequestFilter.java:107)
	at io.undertow.servlet.core.ManagedFilter.doFilter(ManagedFilter.java:60)
	at io.undertow.servlet.handlers.FilterHandler$FilterChainImpl.doFilter(FilterHandler.java:132)
	at org.springframework.web.filter.CharacterEncodingFilter.doFilterInternal(CharacterEncodingFilter.java:88)
	at org.springframework.web.filter.OncePerRequestFilter.doFilter(OncePerRequestFilter.java:107)
	at io.undertow.servlet.core.ManagedFilter.doFilter(ManagedFilter.java:60)
	at io.undertow.servlet.handlers.FilterHandler$FilterChainImpl.doFilter(FilterHandler.java:132)
	at org.springframework.boot.actuate.autoconfigure.MetricFilterAutoConfiguration$MetricsFilter.doFilterInternal(MetricFilterAutoConfiguration.java:90)
	at org.springframework.web.filter.OncePerRequestFilter.doFilter(OncePerRequestFilter.java:107)
	at io.undertow.servlet.core.ManagedFilter.doFilter(ManagedFilter.java:60)
	at io.undertow.servlet.handlers.FilterHandler$FilterChainImpl.doFilter(FilterHandler.java:132)
	at io.undertow.servlet.handlers.FilterHandler.handleRequest(FilterHandler.java:85)
	at io.undertow.servlet.handlers.security.ServletSecurityRoleHandler.handleRequest(ServletSecurityRoleHandler.java:61)
	at io.undertow.servlet.handlers.ServletDispatchingHandler.handleRequest(ServletDispatchingHandler.java:36)
	at io.undertow.servlet.handlers.security.SSLInformationAssociationHandler.handleRequest(SSLInformationAssociationHandler.java:131)
	at io.undertow.servlet.handlers.security.ServletAuthenticationCallHandler.handleRequest(ServletAuthenticationCallHandler.java:56)
	at io.undertow.server.handlers.PredicateHandler.handleRequest(PredicateHandler.java:43)
	at io.undertow.security.handlers.AbstractConfidentialityHandler.handleRequest(AbstractConfidentialityHandler.java:45)
	at io.undertow.servlet.handlers.security.ServletConfidentialityConstraintHandler.handleRequest(ServletConfidentialityConstraintHandler.java:63)
	at io.undertow.security.handlers.AuthenticationMechanismsHandler.handleRequest(AuthenticationMechanismsHandler.java:58)
	at io.undertow.servlet.handlers.security.CachedAuthenticatedSessionHandler.handleRequest(CachedAuthenticatedSessionHandler.java:70)
	at io.undertow.security.handlers.SecurityInitialHandler.handleRequest(SecurityInitialHandler.java:76)
	at io.undertow.server.handlers.PredicateHandler.handleRequest(PredicateHandler.java:43)
	at io.undertow.server.handlers.PredicateHandler.handleRequest(PredicateHandler.java:43)
	at io.undertow.servlet.handlers.ServletInitialHandler.handleFirstRequest(ServletInitialHandler.java:261)
	at io.undertow.servlet.handlers.ServletInitialHandler.dispatchRequest(ServletInitialHandler.java:247)
	at io.undertow.servlet.handlers.ServletInitialHandler.access$000(ServletInitialHandler.java:76)
	at io.undertow.servlet.handlers.ServletInitialHandler$1.handleRequest(ServletInitialHandler.java:166)
	at io.undertow.server.Connectors.executeRootHandler(Connectors.java:197)
	at io.undertow.server.HttpServerExchange$1.run(HttpServerExchange.java:759)
	at java.util.concurrent.ThreadPoolExecutor.runWorker(ThreadPoolExecutor.java:1142)
	at java.util.concurrent.ThreadPoolExecutor$Worker.run(ThreadPoolExecutor.java:617)
	at java.lang.Thread.run(Thread.java:745)

2016-06-08 19:55:51.075  INFO 11920 --- [eerNodesUpdater] c.n.eureka.PeerAwareInstanceRegistry     : Adding replica node: http://localhost:8761/eureka/
2016-06-08 19:55:51.075  INFO 11920 --- [hresholdUpdater] c.n.eureka.PeerAwareInstanceRegistry     : Current renewal threshold is : 10
2016-06-08 19:58:21.037  WARN 11920 --- [      Finalizer] c.netflix.servo.jmx.JmxMonitorRegistry   : Unable to un-register Monitor:MonitorConfig{name=Discovery-PeerNodeClient-localhost, tags=class=NamedConnectionPool, policy=DefaultPublishingPolicy}

javax.management.InstanceNotFoundException: com.netflix.servo:name=Discovery-PeerNodeClient-localhost_Reuse,class=NamedConnectionPool,type=COUNTER,id=Discovery-PeerNodeClient-localhost
	at com.sun.jmx.interceptor.DefaultMBeanServerInterceptor.getMBean(DefaultMBeanServerInterceptor.java:1095)
	at com.sun.jmx.interceptor.DefaultMBeanServerInterceptor.exclusiveUnregisterMBean(DefaultMBeanServerInterceptor.java:427)
	at com.sun.jmx.interceptor.DefaultMBeanServerInterceptor.unregisterMBean(DefaultMBeanServerInterceptor.java:415)
	at com.sun.jmx.mbeanserver.JmxMBeanServer.unregisterMBean(JmxMBeanServer.java:546)
	at com.netflix.servo.jmx.JmxMonitorRegistry.unregister(JmxMonitorRegistry.java:123)
	at com.netflix.servo.DefaultMonitorRegistry.unregister(DefaultMonitorRegistry.java:143)
	at com.netflix.servo.monitor.Monitors.unregisterObject(Monitors.java:199)
	at com.netflix.http4.NamedConnectionPool.shutdown(NamedConnectionPool.java:188)
	at org.apache.http.impl.conn.tsccm.ThreadSafeClientConnManager.shutdown(ThreadSafeClientConnManager.java:301)
	at org.apache.http.impl.conn.tsccm.ThreadSafeClientConnManager.finalize(ThreadSafeClientConnManager.java:168)
	at java.lang.System$2.invokeFinalize(System.java:1270)
	at java.lang.ref.Finalizer.runFinalizer(Finalizer.java:98)
	at java.lang.ref.Finalizer.access$100(Finalizer.java:34)
	at java.lang.ref.Finalizer$FinalizerThread.run(Finalizer.java:210)

2016-06-08 20:05:51.075  INFO 11920 --- [hresholdUpdater] c.n.eureka.PeerAwareInstanceRegistry     : Current renewal threshold is : 10
2016-06-08 20:10:51.075  INFO 11920 --- [eerNodesUpdater] c.n.eureka.PeerAwareInstanceRegistry     : Adding replica node: http://localhost:8761/eureka/
2016-06-08 20:15:51.075  INFO 11920 --- [hresholdUpdater] c.n.eureka.PeerAwareInstanceRegistry     : Current renewal threshold is : 10
2016-06-08 20:25:51.075  INFO 11920 --- [hresholdUpdater] c.n.eureka.PeerAwareInstanceRegistry     : Current renewal threshold is : 10
2016-06-08 20:25:51.075  INFO 11920 --- [eerNodesUpdater] c.n.eureka.PeerAwareInstanceRegistry     : Adding replica node: http://localhost:8761/eureka/
2016-06-08 20:35:51.076  INFO 11920 --- [hresholdUpdater] c.n.eureka.PeerAwareInstanceRegistry     : Current renewal threshold is : 10
2016-06-08 20:40:51.076  INFO 11920 --- [eerNodesUpdater] c.n.eureka.PeerAwareInstanceRegistry     : Adding replica node: http://localhost:8761/eureka/
