:compileJava UP-TO-DATE
:processResources UP-TO-DATE
:classes UP-TO-DATE
:findMainClass
:bootRun
true
2016-06-08 19:34:57.771  INFO 13984 --- [           main] s.c.m.support.edge.ZuulApplication       : Starting ZuulApplication on HZ0317L with PID 13984 (D:\Document\Engineering\eclipse\blog-microservices\microservices\support\edge-server\build\classes\main started by cm in D:\Document\Engineering\eclipse\blog-microservices\microservices\support\edge-server)
2016-06-08 19:34:57.877  INFO 13984 --- [           main] s.c.a.AnnotationConfigApplicationContext : Refreshing org.springframework.context.annotation.AnnotationConfigApplicationContext@659a969b: startup date [Wed Jun 08 19:34:57 CST 2016]; root of context hierarchy
2016-06-08 19:34:58.059  INFO 13984 --- [           main] f.a.AutowiredAnnotationBeanPostProcessor : JSR-330 'javax.inject.Inject' annotation found and supported for autowiring
2016-06-08 19:34:58.359  INFO 13984 --- [           main] s.c.m.support.edge.ZuulApplication       : Started ZuulApplication in 0.935 seconds (JVM running for 1.685)

  .   ____          _            __ _ _
 /\\ / ___'_ __ _ _(_)_ __  __ _ \ \ \ \
( ( )\___ | '_ | '_| | '_ \/ _` | \ \ \ \
 \\/  ___)| |_)| | | | | || (_| |  ) ) ) )
  '  |____| .__|_| |_|_| |_\__, | / / / /
 =========|_|==============|___/=/_/_/_/
 :: Spring Boot ::        (v1.2.2.RELEASE)

2016-06-08 19:34:59.777 ERROR 13984 --- [           main] c.c.c.ConfigServicePropertySourceLocator : Could not locate PropertySource: I/O error on GET request for "http://localhost:8888/edgeserver/default/master":Connection refused: connect; nested exception is java.net.ConnectException: Connection refused: connect
2016-06-08 19:34:59.822  INFO 13984 --- [           main] ationConfigEmbeddedWebApplicationContext : Refreshing org.springframework.boot.context.embedded.AnnotationConfigEmbeddedWebApplicationContext@4ebff610: startup date [Wed Jun 08 19:34:59 CST 2016]; parent: org.springframework.context.annotation.AnnotationConfigApplicationContext@659a969b
2016-06-08 19:35:00.840  INFO 13984 --- [           main] o.s.b.f.s.DefaultListableBeanFactory     : Overriding bean definition for bean 'beanNameViewResolver': replacing [Root bean: class [null]; scope=; abstract=false; lazyInit=false; autowireMode=3; dependencyCheck=0; autowireCandidate=true; primary=false; factoryBeanName=org.springframework.boot.autoconfigure.web.ErrorMvcAutoConfiguration$WhitelabelErrorViewConfiguration; factoryMethodName=beanNameViewResolver; initMethodName=null; destroyMethodName=(inferred); defined in class path resource [org/springframework/boot/autoconfigure/web/ErrorMvcAutoConfiguration$WhitelabelErrorViewConfiguration.class]] with [Root bean: class [null]; scope=; abstract=false; lazyInit=false; autowireMode=3; dependencyCheck=0; autowireCandidate=true; primary=false; factoryBeanName=org.springframework.boot.autoconfigure.web.WebMvcAutoConfiguration$WebMvcAutoConfigurationAdapter; factoryMethodName=beanNameViewResolver; initMethodName=null; destroyMethodName=(inferred); defined in class path resource [org/springframework/boot/autoconfigure/web/WebMvcAutoConfiguration$WebMvcAutoConfigurationAdapter.class]]
2016-06-08 19:35:00.958  INFO 13984 --- [           main] o.s.b.f.s.DefaultListableBeanFactory     : Overriding bean definition for bean 'infoEndpoint': replacing [Root bean: class [null]; scope=; abstract=false; lazyInit=false; autowireMode=3; dependencyCheck=0; autowireCandidate=true; primary=false; factoryBeanName=org.springframework.boot.actuate.autoconfigure.EndpointAutoConfiguration; factoryMethodName=infoEndpoint; initMethodName=null; destroyMethodName=(inferred); defined in class path resource [org/springframework/boot/actuate/autoconfigure/EndpointAutoConfiguration.class]] with [Root bean: class [null]; scope=; abstract=false; lazyInit=false; autowireMode=3; dependencyCheck=0; autowireCandidate=true; primary=false; factoryBeanName=org.springframework.cloud.autoconfigure.RefreshAutoConfiguration$InfoEndpointRebinderConfiguration; factoryMethodName=infoEndpoint; initMethodName=null; destroyMethodName=(inferred); defined in class path resource [org/springframework/cloud/autoconfigure/RefreshAutoConfiguration$InfoEndpointRebinderConfiguration.class]]
2016-06-08 19:35:00.993  INFO 13984 --- [           main] o.s.b.f.s.DefaultListableBeanFactory     : Overriding bean definition for bean 'default.null.RibbonClientSpecification': replacing [Generic bean: class [org.springframework.cloud.netflix.ribbon.RibbonClientSpecification]; scope=; abstract=false; lazyInit=false; autowireMode=0; dependencyCheck=0; autowireCandidate=true; primary=false; factoryBeanName=null; factoryMethodName=null; initMethodName=null; destroyMethodName=null] with [Generic bean: class [org.springframework.cloud.netflix.ribbon.RibbonClientSpecification]; scope=; abstract=false; lazyInit=false; autowireMode=0; dependencyCheck=0; autowireCandidate=true; primary=false; factoryBeanName=null; factoryMethodName=null; initMethodName=null; destroyMethodName=null]
2016-06-08 19:35:01.270  INFO 13984 --- [           main] o.s.cloud.context.scope.GenericScope     : BeanFactory id=03ccc0da-796d-30b4-928c-9537ec8ec9e5
2016-06-08 19:35:01.277  INFO 13984 --- [           main] f.a.AutowiredAnnotationBeanPostProcessor : JSR-330 'javax.inject.Inject' annotation found and supported for autowiring
2016-06-08 19:35:01.723  INFO 13984 --- [           main] trationDelegate$BeanPostProcessorChecker : Bean 'org.springframework.cloud.autoconfigure.RefreshAutoConfiguration$ConfigurationPropertiesRebinderConfiguration' of type [class org.springframework.cloud.autoconfigure.RefreshAutoConfiguration$ConfigurationPropertiesRebinderConfiguration$$EnhancerBySpringCGLIB$$b564936b] is not eligible for getting processed by all BeanPostProcessors (for example: not eligible for auto-proxying)
2016-06-08 19:35:02.060  WARN 13984 --- [           main] io.undertow.websockets.jsr               : UT026009: XNIO worker was not set on WebSocketDeploymentInfo, the default worker will be used
2016-06-08 19:35:02.080  INFO 13984 --- [           main] org.xnio                                 : XNIO version 3.3.0.Final
2016-06-08 19:35:02.160  INFO 13984 --- [           main] org.xnio.nio                             : XNIO NIO Implementation Version 3.3.0.Final
2016-06-08 19:35:02.310  WARN 13984 --- [           main] io.undertow.websockets.jsr               : UT026010: Buffer pool was not set on WebSocketDeploymentInfo, the default pool will be used
2016-06-08 19:35:02.335  INFO 13984 --- [           main] io.undertow.servlet                      : Initializing Spring embedded WebApplicationContext
2016-06-08 19:35:02.336  INFO 13984 --- [           main] o.s.web.context.ContextLoader            : Root WebApplicationContext: initialization completed in 2514 ms
2016-06-08 19:35:03.976  WARN 13984 --- [           main] c.n.c.sources.URLConfigurationSource     : No URLs will be polled as dynamic configuration sources.
2016-06-08 19:35:03.977  INFO 13984 --- [           main] c.n.c.sources.URLConfigurationSource     : To enable URLs as dynamic configuration sources, define System property archaius.configurationSource.additionalUrls or make config.properties available on classpath.
2016-06-08 19:35:03.992  INFO 13984 --- [           main] c.netflix.config.DynamicPropertyFactory  : DynamicPropertyFactory is initialized with configuration sources: com.netflix.config.ConcurrentCompositeConfiguration@3440e9cd
2016-06-08 19:35:04.385  INFO 13984 --- [           main] o.s.b.c.e.ServletRegistrationBean        : Mapping servlet: 'dispatcherServlet' to [/]
2016-06-08 19:35:04.393  INFO 13984 --- [           main] o.s.b.c.embedded.FilterRegistrationBean  : Mapping filter: 'metricFilter' to: [/*]
2016-06-08 19:35:04.395  INFO 13984 --- [           main] o.s.b.c.embedded.FilterRegistrationBean  : Mapping filter: 'characterEncodingFilter' to: [/*]
2016-06-08 19:35:04.395  INFO 13984 --- [           main] o.s.b.c.embedded.FilterRegistrationBean  : Mapping filter: 'webRequestLoggingFilter' to: [/*]
2016-06-08 19:35:04.395  INFO 13984 --- [           main] o.s.b.c.embedded.FilterRegistrationBean  : Mapping filter: 'hiddenHttpMethodFilter' to: [/*]
2016-06-08 19:35:04.395  INFO 13984 --- [           main] o.s.b.c.embedded.FilterRegistrationBean  : Mapping filter: 'applicationContextIdFilter' to: [/*]
2016-06-08 19:35:04.402  INFO 13984 --- [           main] o.s.c.n.zuul.ZuulFilterInitializer       : Starting filter initializer context listener
2016-06-08 19:35:04.920  INFO 13984 --- [           main] s.w.s.m.m.a.RequestMappingHandlerAdapter : Looking for @ControllerAdvice: org.springframework.boot.context.embedded.AnnotationConfigEmbeddedWebApplicationContext@4ebff610: startup date [Wed Jun 08 19:34:59 CST 2016]; parent: org.springframework.context.annotation.AnnotationConfigApplicationContext@659a969b
2016-06-08 19:35:05.033  INFO 13984 --- [           main] s.w.s.m.m.a.RequestMappingHandlerMapping : Mapped "{[/error],methods=[],params=[],headers=[],consumes=[],produces=[],custom=[]}" onto public org.springframework.http.ResponseEntity<java.util.Map<java.lang.String, java.lang.Object>> org.springframework.boot.autoconfigure.web.BasicErrorController.error(javax.servlet.http.HttpServletRequest)
2016-06-08 19:35:05.033  INFO 13984 --- [           main] s.w.s.m.m.a.RequestMappingHandlerMapping : Mapped "{[/error],methods=[],params=[],headers=[],consumes=[],produces=[text/html],custom=[]}" onto public org.springframework.web.servlet.ModelAndView org.springframework.boot.autoconfigure.web.BasicErrorController.errorHtml(javax.servlet.http.HttpServletRequest)
2016-06-08 19:35:05.077  INFO 13984 --- [           main] o.s.w.s.handler.SimpleUrlHandlerMapping  : Mapped URL path [/webjars/**] onto handler of type [class org.springframework.web.servlet.resource.ResourceHttpRequestHandler]
2016-06-08 19:35:05.077  INFO 13984 --- [           main] o.s.w.s.handler.SimpleUrlHandlerMapping  : Mapped URL path [/**] onto handler of type [class org.springframework.web.servlet.resource.ResourceHttpRequestHandler]
2016-06-08 19:35:05.143  INFO 13984 --- [           main] o.s.w.s.handler.SimpleUrlHandlerMapping  : Mapped URL path [/**/favicon.ico] onto handler of type [class org.springframework.web.servlet.resource.ResourceHttpRequestHandler]
2016-06-08 19:35:06.133  INFO 13984 --- [           main] o.s.b.a.e.mvc.EndpointHandlerMapping     : Mapped "{[/health],methods=[],params=[],headers=[],consumes=[],produces=[],custom=[]}" onto public java.lang.Object org.springframework.boot.actuate.endpoint.mvc.HealthMvcEndpoint.invoke(java.security.Principal)
2016-06-08 19:35:06.134  INFO 13984 --- [           main] o.s.b.a.e.mvc.EndpointHandlerMapping     : Mapped "{[/shutdown],methods=[POST],params=[],headers=[],consumes=[],produces=[],custom=[]}" onto public java.lang.Object org.springframework.boot.actuate.endpoint.mvc.ShutdownMvcEndpoint.invoke()
2016-06-08 19:35:06.135  INFO 13984 --- [           main] o.s.b.a.e.mvc.EndpointHandlerMapping     : Mapped "{[/env/{name:.*}],methods=[GET],params=[],headers=[],consumes=[],produces=[],custom=[]}" onto public java.lang.Object org.springframework.boot.actuate.endpoint.mvc.EnvironmentMvcEndpoint.value(java.lang.String)
2016-06-08 19:35:06.136  INFO 13984 --- [           main] o.s.b.a.e.mvc.EndpointHandlerMapping     : Mapped "{[/env],methods=[GET],params=[],headers=[],consumes=[],produces=[],custom=[]}" onto public java.lang.Object org.springframework.boot.actuate.endpoint.mvc.EndpointMvcAdapter.invoke()
2016-06-08 19:35:06.137  INFO 13984 --- [           main] o.s.b.a.e.mvc.EndpointHandlerMapping     : Mapped "{[/info],methods=[GET],params=[],headers=[],consumes=[],produces=[],custom=[]}" onto public java.lang.Object org.springframework.boot.actuate.endpoint.mvc.EndpointMvcAdapter.invoke()
2016-06-08 19:35:06.137  INFO 13984 --- [           main] o.s.b.a.e.mvc.EndpointHandlerMapping     : Mapped "{[/trace],methods=[GET],params=[],headers=[],consumes=[],produces=[],custom=[]}" onto public java.lang.Object org.springframework.boot.actuate.endpoint.mvc.EndpointMvcAdapter.invoke()
2016-06-08 19:35:06.138  INFO 13984 --- [           main] o.s.b.a.e.mvc.EndpointHandlerMapping     : Mapped "{[/hystrix.stream/**],methods=[],params=[],headers=[],consumes=[],produces=[],custom=[]}" onto public org.springframework.web.servlet.ModelAndView org.springframework.cloud.netflix.endpoint.ServletWrappingEndpoint.handle(javax.servlet.http.HttpServletRequest,javax.servlet.http.HttpServletResponse) throws java.lang.Exception
2016-06-08 19:35:06.139  INFO 13984 --- [           main] o.s.b.a.e.mvc.EndpointHandlerMapping     : Mapped "{[/mappings],methods=[GET],params=[],headers=[],consumes=[],produces=[],custom=[]}" onto public java.lang.Object org.springframework.boot.actuate.endpoint.mvc.EndpointMvcAdapter.invoke()
2016-06-08 19:35:06.139  INFO 13984 --- [           main] o.s.b.a.e.mvc.EndpointHandlerMapping     : Mapped "{[/refresh],methods=[POST],params=[],headers=[],consumes=[],produces=[],custom=[]}" onto public java.lang.Object org.springframework.cloud.endpoint.GenericPostableMvcEndpoint.invoke()
2016-06-08 19:35:06.140  INFO 13984 --- [           main] o.s.b.a.e.mvc.EndpointHandlerMapping     : Mapped "{[/restart],methods=[POST],params=[],headers=[],consumes=[],produces=[],custom=[]}" onto public java.lang.Object org.springframework.cloud.context.restart.RestartMvcEndpoint.invoke()
2016-06-08 19:35:06.140  INFO 13984 --- [           main] o.s.b.a.e.mvc.EndpointHandlerMapping     : Mapped "{[/archaius],methods=[GET],params=[],headers=[],consumes=[],produces=[],custom=[]}" onto public java.lang.Object org.springframework.boot.actuate.endpoint.mvc.EndpointMvcAdapter.invoke()
2016-06-08 19:35:06.141  INFO 13984 --- [           main] o.s.b.a.e.mvc.EndpointHandlerMapping     : Mapped "{[/routes],methods=[POST],params=[],headers=[],consumes=[],produces=[],custom=[]}" onto public java.util.Map<java.lang.String, java.lang.String> org.springframework.cloud.netflix.zuul.RoutesEndpoint.reset()
2016-06-08 19:35:06.141  INFO 13984 --- [           main] o.s.b.a.e.mvc.EndpointHandlerMapping     : Mapped "{[/routes],methods=[GET],params=[],headers=[],consumes=[],produces=[],custom=[]}" onto public java.util.Map<java.lang.String, java.lang.String> org.springframework.cloud.netflix.zuul.RoutesEndpoint.getRoutes()
2016-06-08 19:35:06.142  INFO 13984 --- [           main] o.s.b.a.e.mvc.EndpointHandlerMapping     : Mapped "{[/beans],methods=[GET],params=[],headers=[],consumes=[],produces=[],custom=[]}" onto public java.lang.Object org.springframework.boot.actuate.endpoint.mvc.EndpointMvcAdapter.invoke()
2016-06-08 19:35:06.142  INFO 13984 --- [           main] o.s.b.a.e.mvc.EndpointHandlerMapping     : Mapped "{[/env],methods=[POST],params=[],headers=[],consumes=[],produces=[],custom=[]}" onto public java.lang.Object org.springframework.cloud.context.environment.EnvironmentManagerMvcEndpoint.value(java.util.Map<java.lang.String, java.lang.String>)
2016-06-08 19:35:06.142  INFO 13984 --- [           main] o.s.b.a.e.mvc.EndpointHandlerMapping     : Mapped "{[/env/reset],methods=[POST],params=[],headers=[],consumes=[],produces=[],custom=[]}" onto public java.util.Map<java.lang.String, java.lang.Object> org.springframework.cloud.context.environment.EnvironmentManagerMvcEndpoint.reset()
2016-06-08 19:35:06.143  INFO 13984 --- [           main] o.s.b.a.e.mvc.EndpointHandlerMapping     : Mapped "{[/resume],methods=[POST],params=[],headers=[],consumes=[],produces=[],custom=[]}" onto public java.lang.Object org.springframework.cloud.endpoint.GenericPostableMvcEndpoint.invoke()
2016-06-08 19:35:06.143  INFO 13984 --- [           main] o.s.b.a.e.mvc.EndpointHandlerMapping     : Mapped "{[/pause],methods=[POST],params=[],headers=[],consumes=[],produces=[],custom=[]}" onto public java.lang.Object org.springframework.cloud.endpoint.GenericPostableMvcEndpoint.invoke()
2016-06-08 19:35:06.143  INFO 13984 --- [           main] o.s.b.a.e.mvc.EndpointHandlerMapping     : Mapped "{[/metrics/{name:.*}],methods=[GET],params=[],headers=[],consumes=[],produces=[],custom=[]}" onto public java.lang.Object org.springframework.boot.actuate.endpoint.mvc.MetricsMvcEndpoint.value(java.lang.String)
2016-06-08 19:35:06.144  INFO 13984 --- [           main] o.s.b.a.e.mvc.EndpointHandlerMapping     : Mapped "{[/metrics],methods=[GET],params=[],headers=[],consumes=[],produces=[],custom=[]}" onto public java.lang.Object org.springframework.boot.actuate.endpoint.mvc.EndpointMvcAdapter.invoke()
2016-06-08 19:35:06.144  INFO 13984 --- [           main] o.s.b.a.e.mvc.EndpointHandlerMapping     : Mapped "{[/dump],methods=[GET],params=[],headers=[],consumes=[],produces=[],custom=[]}" onto public java.lang.Object org.springframework.boot.actuate.endpoint.mvc.EndpointMvcAdapter.invoke()
2016-06-08 19:35:06.146  INFO 13984 --- [           main] o.s.b.a.e.mvc.EndpointHandlerMapping     : Mapped "{[/autoconfig],methods=[GET],params=[],headers=[],consumes=[],produces=[],custom=[]}" onto public java.lang.Object org.springframework.boot.actuate.endpoint.mvc.EndpointMvcAdapter.invoke()
2016-06-08 19:35:06.146  INFO 13984 --- [           main] o.s.b.a.e.mvc.EndpointHandlerMapping     : Mapped "{[/configprops],methods=[GET],params=[],headers=[],consumes=[],produces=[],custom=[]}" onto public java.lang.Object org.springframework.boot.actuate.endpoint.mvc.EndpointMvcAdapter.invoke()
2016-06-08 19:35:06.386  WARN 13984 --- [           main] c.n.c.sources.URLConfigurationSource     : No URLs will be polled as dynamic configuration sources.
2016-06-08 19:35:06.386  INFO 13984 --- [           main] c.n.c.sources.URLConfigurationSource     : To enable URLs as dynamic configuration sources, define System property archaius.configurationSource.additionalUrls or make config.properties available on classpath.
2016-06-08 19:35:06.455  INFO 13984 --- [           main] o.s.j.e.a.AnnotationMBeanExporter        : Registering beans for JMX exposure on startup
2016-06-08 19:35:06.465  INFO 13984 --- [           main] o.s.j.e.a.AnnotationMBeanExporter        : Bean with name 'zuulEndpoint' has been autodetected for JMX exposure
2016-06-08 19:35:06.466  INFO 13984 --- [           main] o.s.j.e.a.AnnotationMBeanExporter        : Bean with name 'configurationPropertiesRebinder' has been autodetected for JMX exposure
2016-06-08 19:35:06.467  INFO 13984 --- [           main] o.s.j.e.a.AnnotationMBeanExporter        : Bean with name 'refreshEndpoint' has been autodetected for JMX exposure
2016-06-08 19:35:06.467  INFO 13984 --- [           main] o.s.j.e.a.AnnotationMBeanExporter        : Bean with name 'restartEndpoint' has been autodetected for JMX exposure
2016-06-08 19:35:06.468  INFO 13984 --- [           main] o.s.j.e.a.AnnotationMBeanExporter        : Bean with name 'refreshScope' has been autodetected for JMX exposure
2016-06-08 19:35:06.468  INFO 13984 --- [           main] o.s.j.e.a.AnnotationMBeanExporter        : Bean with name 'environmentManager' has been autodetected for JMX exposure
2016-06-08 19:35:06.474  INFO 13984 --- [           main] o.s.j.e.a.AnnotationMBeanExporter        : Located managed bean 'environmentManager': registering with JMX server as MBean [org.springframework.cloud.context.environment:name=environmentManager,type=EnvironmentManager]
2016-06-08 19:35:06.487  INFO 13984 --- [           main] o.s.j.e.a.AnnotationMBeanExporter        : Located managed bean 'restartEndpoint': registering with JMX server as MBean [org.springframework.cloud.context.restart:name=restartEndpoint,type=RestartEndpoint]
2016-06-08 19:35:06.499  INFO 13984 --- [           main] o.s.j.e.a.AnnotationMBeanExporter        : Located managed bean 'refreshScope': registering with JMX server as MBean [org.springframework.cloud.context.scope.refresh:name=refreshScope,type=RefreshScope]
2016-06-08 19:35:06.512  INFO 13984 --- [           main] o.s.j.e.a.AnnotationMBeanExporter        : Located managed bean 'zuulEndpoint': registering with JMX server as MBean [org.springframework.cloud.netflix.zuul:name=zuulEndpoint,type=RoutesEndpoint]
2016-06-08 19:35:06.516  INFO 13984 --- [           main] o.s.j.e.a.AnnotationMBeanExporter        : Located managed bean 'configurationPropertiesRebinder': registering with JMX server as MBean [org.springframework.cloud.context.properties:name=configurationPropertiesRebinder,type=ConfigurationPropertiesRebinder]
2016-06-08 19:35:06.522  INFO 13984 --- [           main] o.s.j.e.a.AnnotationMBeanExporter        : Located managed bean 'refreshEndpoint': registering with JMX server as MBean [org.springframework.cloud.config.client:name=refreshEndpoint,type=RefreshEndpoint]
2016-06-08 19:35:06.534  INFO 13984 --- [           main] o.s.c.support.DefaultLifecycleProcessor  : Starting beans in phase 0
2016-06-08 19:35:06.539  INFO 13984 --- [           main] .p.EurekaConfigBasedInstanceInfoProvider : Setting initial instance status as: STARTING
2016-06-08 19:35:06.903  INFO 13984 --- [           main] com.netflix.discovery.DiscoveryClient    : Disable delta property : false
2016-06-08 19:35:06.903  INFO 13984 --- [           main] com.netflix.discovery.DiscoveryClient    : Single vip registry refresh property : null
2016-06-08 19:35:06.903  INFO 13984 --- [           main] com.netflix.discovery.DiscoveryClient    : Force full registry fetch : false
2016-06-08 19:35:06.903  INFO 13984 --- [           main] com.netflix.discovery.DiscoveryClient    : Application is null : false
2016-06-08 19:35:06.903  INFO 13984 --- [           main] com.netflix.discovery.DiscoveryClient    : Registered Applications size is zero : true
2016-06-08 19:35:06.903  INFO 13984 --- [           main] com.netflix.discovery.DiscoveryClient    : Application version is -1: true
2016-06-08 19:35:07.011  INFO 13984 --- [           main] com.netflix.discovery.DiscoveryClient    : Getting all instance registry info from the eureka server
2016-06-08 19:35:07.051  INFO 13984 --- [           main] com.netflix.discovery.DiscoveryClient    : The response status is 200
2016-06-08 19:35:07.054  INFO 13984 --- [           main] com.netflix.discovery.DiscoveryClient    : Starting heartbeat executor: renew interval is: 30
2016-06-08 19:35:07.064  INFO 13984 --- [           main] c.n.e.EurekaDiscoveryClientConfiguration : Registering application edgeserver with eureka with status UP
2016-06-08 19:35:07.125  INFO 13984 --- [           main] o.s.c.n.zuul.web.ZuulHandlerMapping      : Mapped URL path [/productcomposite/**] onto handler of type [class org.springframework.cloud.netflix.zuul.web.ZuulController]
2016-06-08 19:35:07.178  INFO 13984 --- [           main] o.s.c.support.DefaultLifecycleProcessor  : Starting beans in phase 2147483647
2016-06-08 19:35:07.181  INFO 13984 --- [           main] c.n.h.c.m.e.HystrixMetricsPoller         : Starting HystrixMetricsPoller
2016-06-08 19:35:07.201  INFO 13984 --- [           main] ration$HystrixMetricsPollerConfiguration : Starting poller
2016-06-08 19:35:07.260  INFO 13984 --- [           main] b.c.e.u.UndertowEmbeddedServletContainer : Undertow started on port(s) 8765 (http)
2016-06-08 19:35:07.262  INFO 13984 --- [           main] s.c.m.support.edge.ZuulApplication       : Started ZuulApplication in 9.931 seconds (JVM running for 10.589)
2016-06-08 19:35:37.085  INFO 13984 --- [pool-5-thread-1] com.netflix.discovery.DiscoveryClient    : Disable delta property : false
2016-06-08 19:35:37.085  INFO 13984 --- [pool-5-thread-1] com.netflix.discovery.DiscoveryClient    : Single vip registry refresh property : null
2016-06-08 19:35:37.085  INFO 13984 --- [pool-5-thread-1] com.netflix.discovery.DiscoveryClient    : Force full registry fetch : false
2016-06-08 19:35:37.086  INFO 13984 --- [pool-5-thread-1] com.netflix.discovery.DiscoveryClient    : Application is null : false
2016-06-08 19:35:37.086  INFO 13984 --- [pool-5-thread-1] com.netflix.discovery.DiscoveryClient    : Registered Applications size is zero : true
2016-06-08 19:35:37.087  INFO 13984 --- [pool-5-thread-1] com.netflix.discovery.DiscoveryClient    : Application version is -1: false
2016-06-08 19:35:37.107  INFO 13984 --- [pool-5-thread-1] com.netflix.discovery.DiscoveryClient    : Getting all instance registry info from the eureka server
2016-06-08 19:35:37.110  INFO 13984 --- [pool-5-thread-1] com.netflix.discovery.DiscoveryClient    : The response status is 200
2016-06-08 19:35:37.188  INFO 13984 --- [pool-4-thread-1] com.netflix.discovery.DiscoveryClient    : DiscoveryClient_EDGESERVER/HZ0317L - Re-registering apps/EDGESERVER
2016-06-08 19:35:37.188  INFO 13984 --- [pool-4-thread-1] com.netflix.discovery.DiscoveryClient    : DiscoveryClient_EDGESERVER/HZ0317L: registering service...
2016-06-08 19:35:37.242  INFO 13984 --- [pool-4-thread-1] com.netflix.discovery.DiscoveryClient    : DiscoveryClient_EDGESERVER/HZ0317L - registration status: 204
2016-06-08 19:35:47.060  INFO 13984 --- [scoveryClient-2] com.netflix.discovery.DiscoveryClient    : DiscoveryClient_EDGESERVER/HZ0317L - retransmit instance info with status UP
2016-06-08 19:35:47.061  INFO 13984 --- [scoveryClient-2] com.netflix.discovery.DiscoveryClient    : DiscoveryClient_EDGESERVER/HZ0317L: registering service...
2016-06-08 19:35:47.076  INFO 13984 --- [scoveryClient-2] com.netflix.discovery.DiscoveryClient    : DiscoveryClient_EDGESERVER/HZ0317L - registration status: 204
2016-06-08 19:36:07.113  INFO 13984 --- [pool-5-thread-1] com.netflix.discovery.DiscoveryClient    : Disable delta property : false
2016-06-08 19:36:07.114  INFO 13984 --- [pool-5-thread-1] com.netflix.discovery.DiscoveryClient    : Single vip registry refresh property : null
2016-06-08 19:36:07.114  INFO 13984 --- [pool-5-thread-1] com.netflix.discovery.DiscoveryClient    : Force full registry fetch : false
2016-06-08 19:36:07.115  INFO 13984 --- [pool-5-thread-1] com.netflix.discovery.DiscoveryClient    : Application is null : false
2016-06-08 19:36:07.115  INFO 13984 --- [pool-5-thread-1] com.netflix.discovery.DiscoveryClient    : Registered Applications size is zero : true
2016-06-08 19:36:07.117  INFO 13984 --- [pool-5-thread-1] com.netflix.discovery.DiscoveryClient    : Application version is -1: false
2016-06-08 19:36:07.126  INFO 13984 --- [pool-5-thread-1] com.netflix.discovery.DiscoveryClient    : Getting all instance registry info from the eureka server
2016-06-08 19:36:07.139  INFO 13984 --- [pool-5-thread-1] com.netflix.discovery.DiscoveryClient    : The response status is 200
2016-06-08 19:36:07.263  INFO 13984 --- [pool-4-thread-1] com.netflix.discovery.DiscoveryClient    : DiscoveryClient_EDGESERVER/HZ0317L - Re-registering apps/EDGESERVER
2016-06-08 19:36:07.263  INFO 13984 --- [pool-4-thread-1] com.netflix.discovery.DiscoveryClient    : DiscoveryClient_EDGESERVER/HZ0317L: registering service...
2016-06-08 19:36:07.272  INFO 13984 --- [pool-4-thread-1] com.netflix.discovery.DiscoveryClient    : DiscoveryClient_EDGESERVER/HZ0317L - registration status: 204
2016-06-08 19:44:11.244  INFO 13984 --- [  XNIO-2 task-1] io.undertow.servlet                      : Initializing Spring FrameworkServlet 'dispatcherServlet'
2016-06-08 19:44:11.245  INFO 13984 --- [  XNIO-2 task-1] o.s.web.servlet.DispatcherServlet        : FrameworkServlet 'dispatcherServlet': initialization started
2016-06-08 19:44:11.289  INFO 13984 --- [  XNIO-2 task-1] o.s.web.servlet.DispatcherServlet        : FrameworkServlet 'dispatcherServlet': initialization completed in 44 ms
2016-06-08 19:51:05.353  INFO 13984 --- [  XNIO-2 task-7] s.c.a.AnnotationConfigApplicationContext : Refreshing org.springframework.context.annotation.AnnotationConfigApplicationContext@292681ad: startup date [Wed Jun 08 19:51:05 CST 2016]; parent: org.springframework.boot.context.embedded.AnnotationConfigEmbeddedWebApplicationContext@4ebff610
2016-06-08 19:51:05.377  INFO 13984 --- [  XNIO-2 task-7] f.a.AutowiredAnnotationBeanPostProcessor : JSR-330 'javax.inject.Inject' annotation found and supported for autowiring
2016-06-08 19:51:05.518  INFO 13984 --- [  XNIO-2 task-7] c.netflix.config.ChainedDynamicProperty  : Flipping property: productcomposite.ribbon.ActiveConnectionsLimit to use NEXT property: niws.loadbalancer.availabilityFilteringRule.activeConnectionsLimit = 2147483647
2016-06-08 19:51:05.598  INFO 13984 --- [  XNIO-2 task-7] c.netflix.loadbalancer.BaseLoadBalancer  : Client:productcomposite instantiated a LoadBalancer:DynamicServerListLoadBalancer:{NFLoadBalancer:name=productcomposite,current list of Servers=[],Load balancer stats=Zone stats: {},Server stats: []}ServerList:null
2016-06-08 19:51:05.636  INFO 13984 --- [  XNIO-2 task-7] c.netflix.config.ChainedDynamicProperty  : Flipping property: productcomposite.ribbon.ActiveConnectionsLimit to use NEXT property: niws.loadbalancer.availabilityFilteringRule.activeConnectionsLimit = 2147483647
2016-06-08 19:51:05.641  INFO 13984 --- [  XNIO-2 task-7] c.n.l.DynamicServerListLoadBalancer      : DynamicServerListLoadBalancer for client productcomposite initialized: DynamicServerListLoadBalancer:{NFLoadBalancer:name=productcomposite,current list of Servers=[productcomposite:587c18ba20c42db65b0b311bd1d095af],Load balancer stats=Zone stats: {defaultzone=[Zone:defaultzone;	Instance count:1;	Active connections count: 0;	Circuit breaker tripped count: 0;	Active connections per server: 0.0;]
},Server stats: [[Server:productcomposite:587c18ba20c42db65b0b311bd1d095af;	Zone:defaultZone;	Total Requests:0;	Successive connection failure:0;	Total blackout seconds:0;	Last connection made:Thu Jan 01 08:00:00 CST 1970;	First connection made: Thu Jan 01 08:00:00 CST 1970;	Active Connections:0;	total failure count in last (1000) msecs:0;	average resp time:0.0;	90 percentile resp time:0.0;	95 percentile resp time:0.0;	min resp time:0.0;	max resp time:0.0;	stddev resp time:0.0]
]}ServerList:org.springframework.cloud.netflix.ribbon.eureka.DomainExtractingServerList@413f67b6
2016-06-08 19:51:05.693  INFO 13984 --- [  XNIO-2 task-7] com.netflix.http4.ConnectionPoolCleaner  : Initializing ConnectionPoolCleaner for NFHttpClient:productcomposite
2016-06-08 19:51:05.786  INFO 13984 --- [  XNIO-2 task-7] com.netflix.http4.ConnectionPoolCleaner  : Initializing ConnectionPoolCleaner for NFHttpClient:productcomposite
2016-06-08 19:51:07.034  INFO 13984 --- [pool-8-thread-1] c.netflix.config.ChainedDynamicProperty  : Flipping property: productcomposite.ribbon.ActiveConnectionsLimit to use NEXT property: niws.loadbalancer.availabilityFilteringRule.activeConnectionsLimit = 2147483647
